[0.021s] Invoking command in '/home/johan/Dev/graduation_project/ros_ws/build/robot_description': CMAKE_PREFIX_PATH=/opt/ros/humble /usr/bin/cmake --build /home/johan/Dev/graduation_project/ros_ws/build/robot_description -- -j16 -l16
[0.211s] -- Found ament_cmake: 1.3.9 (/opt/ros/humble/share/ament_cmake/cmake)
[0.211s] -- Found rclcpp: 16.0.9 (/opt/ros/humble/share/rclcpp/cmake)
[0.211s] -- Found rosidl_generator_c: 3.1.5 (/opt/ros/humble/share/rosidl_generator_c/cmake)
[0.211s] -- Found rosidl_adapter: 3.1.5 (/opt/ros/humble/share/rosidl_adapter/cmake)
[0.211s] -- Found rosidl_generator_cpp: 3.1.5 (/opt/ros/humble/share/rosidl_generator_cpp/cmake)
[0.211s] -- Using all available rosidl_typesupport_c: rosidl_typesupport_fastrtps_c;rosidl_typesupport_introspection_c
[0.227s] -- Using all available rosidl_typesupport_cpp: rosidl_typesupport_fastrtps_cpp;rosidl_typesupport_introspection_cpp
[0.286s] -- Found rmw_implementation_cmake: 6.1.2 (/opt/ros/humble/share/rmw_implementation_cmake/cmake)
[0.288s] -- Found rmw_fastrtps_cpp: 6.2.6 (/opt/ros/humble/share/rmw_fastrtps_cpp/cmake)
[0.421s] -- Using RMW implementation 'rmw_fastrtps_cpp' as default
[0.557s] -- Found ament_lint_auto: 0.12.11 (/opt/ros/humble/share/ament_lint_auto/cmake)
[0.610s] -- Added test 'lint_cmake' to check CMake code style
[0.611s] -- Added test 'xmllint' to check XML markup files
[0.612s] -- Configuring done
[0.617s] -- Generating done
[0.618s] -- Build files have been written to: /home/johan/Dev/graduation_project/ros_ws/build/robot_description
[0.638s] Invoked command in '/home/johan/Dev/graduation_project/ros_ws/build/robot_description' returned '0': CMAKE_PREFIX_PATH=/opt/ros/humble /usr/bin/cmake --build /home/johan/Dev/graduation_project/ros_ws/build/robot_description -- -j16 -l16
[0.653s] Invoking command in '/home/johan/Dev/graduation_project/ros_ws/build/robot_description': CMAKE_PREFIX_PATH=/opt/ros/humble /usr/bin/cmake --install /home/johan/Dev/graduation_project/ros_ws/build/robot_description
[0.658s] -- Install configuration: ""
[0.658s] -- Up-to-date: /home/johan/Dev/graduation_project/ros_ws/install/robot_description/share/robot_description/urdf
[0.658s] -- Up-to-date: /home/johan/Dev/graduation_project/ros_ws/install/robot_description/share/robot_description/urdf/robot.urdf
[0.659s] -- Up-to-date: /home/johan/Dev/graduation_project/ros_ws/install/robot_description/share/ament_index/resource_index/package_run_dependencies/robot_description
[0.659s] -- Up-to-date: /home/johan/Dev/graduation_project/ros_ws/install/robot_description/share/ament_index/resource_index/parent_prefix_path/robot_description
[0.659s] -- Up-to-date: /home/johan/Dev/graduation_project/ros_ws/install/robot_description/share/robot_description/environment/ament_prefix_path.sh
[0.659s] -- Installing: /home/johan/Dev/graduation_project/ros_ws/install/robot_description/share/robot_description/environment/ament_prefix_path.dsv
[0.659s] -- Up-to-date: /home/johan/Dev/graduation_project/ros_ws/install/robot_description/share/robot_description/environment/path.sh
[0.659s] -- Installing: /home/johan/Dev/graduation_project/ros_ws/install/robot_description/share/robot_description/environment/path.dsv
[0.659s] -- Up-to-date: /home/johan/Dev/graduation_project/ros_ws/install/robot_description/share/robot_description/local_setup.bash
[0.659s] -- Up-to-date: /home/johan/Dev/graduation_project/ros_ws/install/robot_description/share/robot_description/local_setup.sh
[0.659s] -- Up-to-date: /home/johan/Dev/graduation_project/ros_ws/install/robot_description/share/robot_description/local_setup.zsh
[0.659s] -- Installing: /home/johan/Dev/graduation_project/ros_ws/install/robot_description/share/robot_description/local_setup.dsv
[0.660s] -- Installing: /home/johan/Dev/graduation_project/ros_ws/install/robot_description/share/robot_description/package.dsv
[0.660s] -- Up-to-date: /home/johan/Dev/graduation_project/ros_ws/install/robot_description/share/ament_index/resource_index/packages/robot_description
[0.660s] -- Up-to-date: /home/johan/Dev/graduation_project/ros_ws/install/robot_description/share/robot_description/cmake/robot_descriptionConfig.cmake
[0.660s] -- Up-to-date: /home/johan/Dev/graduation_project/ros_ws/install/robot_description/share/robot_description/cmake/robot_descriptionConfig-version.cmake
[0.661s] -- Up-to-date: /home/johan/Dev/graduation_project/ros_ws/install/robot_description/share/robot_description/package.xml
[0.661s] Invoked command in '/home/johan/Dev/graduation_project/ros_ws/build/robot_description' returned '0': CMAKE_PREFIX_PATH=/opt/ros/humble /usr/bin/cmake --install /home/johan/Dev/graduation_project/ros_ws/build/robot_description
