[0.073s] DEBUG:colcon:Command line arguments: ['/usr/bin/colcon', 'build']
[0.073s] DEBUG:colcon:Parsed command line arguments: Namespace(log_base=None, log_level=None, verb_name='build', build_base='build', install_base='install', merge_install=False, symlink_install=False, test_result_base=None, continue_on_error=False, executor='parallel', parallel_workers=16, event_handlers=None, ignore_user_meta=False, metas=['./colcon.meta'], base_paths=['.'], packages_ignore=None, packages_ignore_regex=None, paths=None, packages_up_to=None, packages_up_to_regex=None, packages_above=None, packages_above_and_dependencies=None, packages_above_depth=None, packages_select_by_dep=None, packages_skip_by_dep=None, packages_skip_up_to=None, packages_select_build_failed=False, packages_skip_build_finished=False, packages_select_test_failures=False, packages_skip_test_passed=False, packages_select=None, packages_skip=None, packages_select_regex=None, packages_skip_regex=None, packages_start=None, packages_end=None, allow_overriding=[], cmake_args=None, cmake_target=None, cmake_target_skip_unavailable=False, cmake_clean_cache=False, cmake_clean_first=False, cmake_force_configure=False, ament_cmake_args=None, catkin_cmake_args=None, catkin_skip_building_tests=False, mixin_files=None, mixin=None, verb_parser=<colcon_mixin.mixin.mixin_argument.MixinArgumentDecorator object at 0x76fe6e65b460>, verb_extension=<colcon_core.verb.build.BuildVerb object at 0x76fe6e65afb0>, main=<bound method BuildVerb.main of <colcon_core.verb.build.BuildVerb object at 0x76fe6e65afb0>>, mixin_verb=('build',))
[0.180s] Level 1:colcon.colcon_core.package_discovery:discover_packages(colcon_meta) check parameters
[0.180s] Level 1:colcon.colcon_core.package_discovery:discover_packages(recursive) check parameters
[0.180s] Level 1:colcon.colcon_core.package_discovery:discover_packages(ignore) check parameters
[0.180s] Level 1:colcon.colcon_core.package_discovery:discover_packages(path) check parameters
[0.180s] Level 1:colcon.colcon_core.package_discovery:discover_packages(colcon_meta) discover
[0.180s] Level 1:colcon.colcon_core.package_discovery:discover_packages(recursive) discover
[0.180s] INFO:colcon.colcon_core.package_discovery:Crawling recursively for packages in '/home/johan/Dev/graduation_project/ros_ws'
[0.180s] Level 1:colcon.colcon_core.package_identification:_identify(.) by extensions ['ignore', 'ignore_ament_install']
[0.180s] Level 1:colcon.colcon_core.package_identification:_identify(.) by extension 'ignore'
[0.180s] Level 1:colcon.colcon_core.package_identification:_identify(.) by extension 'ignore_ament_install'
[0.180s] Level 1:colcon.colcon_core.package_identification:_identify(.) by extensions ['colcon_pkg']
[0.180s] Level 1:colcon.colcon_core.package_identification:_identify(.) by extension 'colcon_pkg'
[0.180s] Level 1:colcon.colcon_core.package_identification:_identify(.) by extensions ['colcon_meta']
[0.180s] Level 1:colcon.colcon_core.package_identification:_identify(.) by extension 'colcon_meta'
[0.180s] Level 1:colcon.colcon_core.package_identification:_identify(.) by extensions ['ros']
[0.180s] Level 1:colcon.colcon_core.package_identification:_identify(.) by extension 'ros'
[0.187s] Level 1:colcon.colcon_core.package_identification:_identify(.) by extensions ['cmake', 'python']
[0.188s] Level 1:colcon.colcon_core.package_identification:_identify(.) by extension 'cmake'
[0.188s] Level 1:colcon.colcon_core.package_identification:_identify(.) by extension 'python'
[0.188s] Level 1:colcon.colcon_core.package_identification:_identify(.) by extensions ['python_setup_py']
[0.188s] Level 1:colcon.colcon_core.package_identification:_identify(.) by extension 'python_setup_py'
[0.188s] Level 1:colcon.colcon_core.package_identification:_identify(build) by extensions ['ignore', 'ignore_ament_install']
[0.188s] Level 1:colcon.colcon_core.package_identification:_identify(build) by extension 'ignore'
[0.188s] Level 1:colcon.colcon_core.package_identification:_identify(build) ignored
[0.188s] Level 1:colcon.colcon_core.package_identification:_identify(img) by extensions ['ignore', 'ignore_ament_install']
[0.188s] Level 1:colcon.colcon_core.package_identification:_identify(img) by extension 'ignore'
[0.188s] Level 1:colcon.colcon_core.package_identification:_identify(img) by extension 'ignore_ament_install'
[0.188s] Level 1:colcon.colcon_core.package_identification:_identify(img) by extensions ['colcon_pkg']
[0.188s] Level 1:colcon.colcon_core.package_identification:_identify(img) by extension 'colcon_pkg'
[0.188s] Level 1:colcon.colcon_core.package_identification:_identify(img) by extensions ['colcon_meta']
[0.188s] Level 1:colcon.colcon_core.package_identification:_identify(img) by extension 'colcon_meta'
[0.188s] Level 1:colcon.colcon_core.package_identification:_identify(img) by extensions ['ros']
[0.188s] Level 1:colcon.colcon_core.package_identification:_identify(img) by extension 'ros'
[0.188s] Level 1:colcon.colcon_core.package_identification:_identify(img) by extensions ['cmake', 'python']
[0.188s] Level 1:colcon.colcon_core.package_identification:_identify(img) by extension 'cmake'
[0.188s] Level 1:colcon.colcon_core.package_identification:_identify(img) by extension 'python'
[0.188s] Level 1:colcon.colcon_core.package_identification:_identify(img) by extensions ['python_setup_py']
[0.188s] Level 1:colcon.colcon_core.package_identification:_identify(img) by extension 'python_setup_py'
[0.188s] Level 1:colcon.colcon_core.package_identification:_identify(install) by extensions ['ignore', 'ignore_ament_install']
[0.188s] Level 1:colcon.colcon_core.package_identification:_identify(install) by extension 'ignore'
[0.188s] Level 1:colcon.colcon_core.package_identification:_identify(install) ignored
[0.188s] Level 1:colcon.colcon_core.package_identification:_identify(log) by extensions ['ignore', 'ignore_ament_install']
[0.188s] Level 1:colcon.colcon_core.package_identification:_identify(log) by extension 'ignore'
[0.188s] Level 1:colcon.colcon_core.package_identification:_identify(log) ignored
[0.188s] Level 1:colcon.colcon_core.package_identification:_identify(src) by extensions ['ignore', 'ignore_ament_install']
[0.189s] Level 1:colcon.colcon_core.package_identification:_identify(src) by extension 'ignore'
[0.189s] Level 1:colcon.colcon_core.package_identification:_identify(src) by extension 'ignore_ament_install'
[0.189s] Level 1:colcon.colcon_core.package_identification:_identify(src) by extensions ['colcon_pkg']
[0.189s] Level 1:colcon.colcon_core.package_identification:_identify(src) by extension 'colcon_pkg'
[0.189s] Level 1:colcon.colcon_core.package_identification:_identify(src) by extensions ['colcon_meta']
[0.189s] Level 1:colcon.colcon_core.package_identification:_identify(src) by extension 'colcon_meta'
[0.189s] Level 1:colcon.colcon_core.package_identification:_identify(src) by extensions ['ros']
[0.189s] Level 1:colcon.colcon_core.package_identification:_identify(src) by extension 'ros'
[0.189s] Level 1:colcon.colcon_core.package_identification:_identify(src) by extensions ['cmake', 'python']
[0.189s] Level 1:colcon.colcon_core.package_identification:_identify(src) by extension 'cmake'
[0.189s] Level 1:colcon.colcon_core.package_identification:_identify(src) by extension 'python'
[0.189s] Level 1:colcon.colcon_core.package_identification:_identify(src) by extensions ['python_setup_py']
[0.189s] Level 1:colcon.colcon_core.package_identification:_identify(src) by extension 'python_setup_py'
[0.189s] Level 1:colcon.colcon_core.package_identification:_identify(src/micro-ROS-Agent) by extensions ['ignore', 'ignore_ament_install']
[0.189s] Level 1:colcon.colcon_core.package_identification:_identify(src/micro-ROS-Agent) by extension 'ignore'
[0.189s] Level 1:colcon.colcon_core.package_identification:_identify(src/micro-ROS-Agent) by extension 'ignore_ament_install'
[0.189s] Level 1:colcon.colcon_core.package_identification:_identify(src/micro-ROS-Agent) by extensions ['colcon_pkg']
[0.189s] Level 1:colcon.colcon_core.package_identification:_identify(src/micro-ROS-Agent) by extension 'colcon_pkg'
[0.189s] Level 1:colcon.colcon_core.package_identification:_identify(src/micro-ROS-Agent) by extensions ['colcon_meta']
[0.189s] Level 1:colcon.colcon_core.package_identification:_identify(src/micro-ROS-Agent) by extension 'colcon_meta'
[0.189s] Level 1:colcon.colcon_core.package_identification:_identify(src/micro-ROS-Agent) by extensions ['ros']
[0.189s] Level 1:colcon.colcon_core.package_identification:_identify(src/micro-ROS-Agent) by extension 'ros'
[0.189s] Level 1:colcon.colcon_core.package_identification:_identify(src/micro-ROS-Agent) by extensions ['cmake', 'python']
[0.189s] Level 1:colcon.colcon_core.package_identification:_identify(src/micro-ROS-Agent) by extension 'cmake'
[0.189s] Level 1:colcon.colcon_core.package_identification:_identify(src/micro-ROS-Agent) by extension 'python'
[0.189s] Level 1:colcon.colcon_core.package_identification:_identify(src/micro-ROS-Agent) by extensions ['python_setup_py']
[0.189s] Level 1:colcon.colcon_core.package_identification:_identify(src/micro-ROS-Agent) by extension 'python_setup_py'
[0.189s] Level 1:colcon.colcon_core.package_identification:_identify(src/micro-ROS-Agent/micro_ros_agent) by extensions ['ignore', 'ignore_ament_install']
[0.189s] Level 1:colcon.colcon_core.package_identification:_identify(src/micro-ROS-Agent/micro_ros_agent) by extension 'ignore'
[0.189s] Level 1:colcon.colcon_core.package_identification:_identify(src/micro-ROS-Agent/micro_ros_agent) by extension 'ignore_ament_install'
[0.189s] Level 1:colcon.colcon_core.package_identification:_identify(src/micro-ROS-Agent/micro_ros_agent) by extensions ['colcon_pkg']
[0.189s] Level 1:colcon.colcon_core.package_identification:_identify(src/micro-ROS-Agent/micro_ros_agent) by extension 'colcon_pkg'
[0.189s] Level 1:colcon.colcon_core.package_identification:_identify(src/micro-ROS-Agent/micro_ros_agent) by extensions ['colcon_meta']
[0.189s] Level 1:colcon.colcon_core.package_identification:_identify(src/micro-ROS-Agent/micro_ros_agent) by extension 'colcon_meta'
[0.189s] Level 1:colcon.colcon_core.package_identification:_identify(src/micro-ROS-Agent/micro_ros_agent) by extensions ['ros']
[0.189s] Level 1:colcon.colcon_core.package_identification:_identify(src/micro-ROS-Agent/micro_ros_agent) by extension 'ros'
[0.191s] DEBUG:colcon.colcon_core.package_identification:Package 'src/micro-ROS-Agent/micro_ros_agent' with type 'ros.ament_cmake' and name 'micro_ros_agent'
[0.191s] Level 1:colcon.colcon_core.package_identification:_identify(src/micro-ROS-Agent/snap) by extensions ['ignore', 'ignore_ament_install']
[0.191s] Level 1:colcon.colcon_core.package_identification:_identify(src/micro-ROS-Agent/snap) by extension 'ignore'
[0.191s] Level 1:colcon.colcon_core.package_identification:_identify(src/micro-ROS-Agent/snap) by extension 'ignore_ament_install'
[0.191s] Level 1:colcon.colcon_core.package_identification:_identify(src/micro-ROS-Agent/snap) by extensions ['colcon_pkg']
[0.191s] Level 1:colcon.colcon_core.package_identification:_identify(src/micro-ROS-Agent/snap) by extension 'colcon_pkg'
[0.192s] Level 1:colcon.colcon_core.package_identification:_identify(src/micro-ROS-Agent/snap) by extensions ['colcon_meta']
[0.192s] Level 1:colcon.colcon_core.package_identification:_identify(src/micro-ROS-Agent/snap) by extension 'colcon_meta'
[0.192s] Level 1:colcon.colcon_core.package_identification:_identify(src/micro-ROS-Agent/snap) by extensions ['ros']
[0.192s] Level 1:colcon.colcon_core.package_identification:_identify(src/micro-ROS-Agent/snap) by extension 'ros'
[0.192s] Level 1:colcon.colcon_core.package_identification:_identify(src/micro-ROS-Agent/snap) by extensions ['cmake', 'python']
[0.192s] Level 1:colcon.colcon_core.package_identification:_identify(src/micro-ROS-Agent/snap) by extension 'cmake'
[0.192s] Level 1:colcon.colcon_core.package_identification:_identify(src/micro-ROS-Agent/snap) by extension 'python'
[0.192s] Level 1:colcon.colcon_core.package_identification:_identify(src/micro-ROS-Agent/snap) by extensions ['python_setup_py']
[0.192s] Level 1:colcon.colcon_core.package_identification:_identify(src/micro-ROS-Agent/snap) by extension 'python_setup_py'
[0.192s] Level 1:colcon.colcon_core.package_identification:_identify(src/micro-ROS-Agent/snap/hooks) by extensions ['ignore', 'ignore_ament_install']
[0.192s] Level 1:colcon.colcon_core.package_identification:_identify(src/micro-ROS-Agent/snap/hooks) by extension 'ignore'
[0.192s] Level 1:colcon.colcon_core.package_identification:_identify(src/micro-ROS-Agent/snap/hooks) by extension 'ignore_ament_install'
[0.192s] Level 1:colcon.colcon_core.package_identification:_identify(src/micro-ROS-Agent/snap/hooks) by extensions ['colcon_pkg']
[0.192s] Level 1:colcon.colcon_core.package_identification:_identify(src/micro-ROS-Agent/snap/hooks) by extension 'colcon_pkg'
[0.192s] Level 1:colcon.colcon_core.package_identification:_identify(src/micro-ROS-Agent/snap/hooks) by extensions ['colcon_meta']
[0.192s] Level 1:colcon.colcon_core.package_identification:_identify(src/micro-ROS-Agent/snap/hooks) by extension 'colcon_meta'
[0.192s] Level 1:colcon.colcon_core.package_identification:_identify(src/micro-ROS-Agent/snap/hooks) by extensions ['ros']
[0.192s] Level 1:colcon.colcon_core.package_identification:_identify(src/micro-ROS-Agent/snap/hooks) by extension 'ros'
[0.192s] Level 1:colcon.colcon_core.package_identification:_identify(src/micro-ROS-Agent/snap/hooks) by extensions ['cmake', 'python']
[0.192s] Level 1:colcon.colcon_core.package_identification:_identify(src/micro-ROS-Agent/snap/hooks) by extension 'cmake'
[0.192s] Level 1:colcon.colcon_core.package_identification:_identify(src/micro-ROS-Agent/snap/hooks) by extension 'python'
[0.192s] Level 1:colcon.colcon_core.package_identification:_identify(src/micro-ROS-Agent/snap/hooks) by extensions ['python_setup_py']
[0.192s] Level 1:colcon.colcon_core.package_identification:_identify(src/micro-ROS-Agent/snap/hooks) by extension 'python_setup_py'
[0.192s] Level 1:colcon.colcon_core.package_identification:_identify(src/micro-ROS-Agent/snap/local) by extensions ['ignore', 'ignore_ament_install']
[0.192s] Level 1:colcon.colcon_core.package_identification:_identify(src/micro-ROS-Agent/snap/local) by extension 'ignore'
[0.192s] Level 1:colcon.colcon_core.package_identification:_identify(src/micro-ROS-Agent/snap/local) by extension 'ignore_ament_install'
[0.192s] Level 1:colcon.colcon_core.package_identification:_identify(src/micro-ROS-Agent/snap/local) by extensions ['colcon_pkg']
[0.192s] Level 1:colcon.colcon_core.package_identification:_identify(src/micro-ROS-Agent/snap/local) by extension 'colcon_pkg'
[0.192s] Level 1:colcon.colcon_core.package_identification:_identify(src/micro-ROS-Agent/snap/local) by extensions ['colcon_meta']
[0.192s] Level 1:colcon.colcon_core.package_identification:_identify(src/micro-ROS-Agent/snap/local) by extension 'colcon_meta'
[0.192s] Level 1:colcon.colcon_core.package_identification:_identify(src/micro-ROS-Agent/snap/local) by extensions ['ros']
[0.192s] Level 1:colcon.colcon_core.package_identification:_identify(src/micro-ROS-Agent/snap/local) by extension 'ros'
[0.192s] Level 1:colcon.colcon_core.package_identification:_identify(src/micro-ROS-Agent/snap/local) by extensions ['cmake', 'python']
[0.192s] Level 1:colcon.colcon_core.package_identification:_identify(src/micro-ROS-Agent/snap/local) by extension 'cmake'
[0.192s] Level 1:colcon.colcon_core.package_identification:_identify(src/micro-ROS-Agent/snap/local) by extension 'python'
[0.192s] Level 1:colcon.colcon_core.package_identification:_identify(src/micro-ROS-Agent/snap/local) by extensions ['python_setup_py']
[0.192s] Level 1:colcon.colcon_core.package_identification:_identify(src/micro-ROS-Agent/snap/local) by extension 'python_setup_py'
[0.192s] Level 1:colcon.colcon_core.package_identification:_identify(src/micro_ros_msgs) by extensions ['ignore', 'ignore_ament_install']
[0.193s] Level 1:colcon.colcon_core.package_identification:_identify(src/micro_ros_msgs) by extension 'ignore'
[0.193s] Level 1:colcon.colcon_core.package_identification:_identify(src/micro_ros_msgs) by extension 'ignore_ament_install'
[0.193s] Level 1:colcon.colcon_core.package_identification:_identify(src/micro_ros_msgs) by extensions ['colcon_pkg']
[0.193s] Level 1:colcon.colcon_core.package_identification:_identify(src/micro_ros_msgs) by extension 'colcon_pkg'
[0.193s] Level 1:colcon.colcon_core.package_identification:_identify(src/micro_ros_msgs) by extensions ['colcon_meta']
[0.193s] Level 1:colcon.colcon_core.package_identification:_identify(src/micro_ros_msgs) by extension 'colcon_meta'
[0.193s] Level 1:colcon.colcon_core.package_identification:_identify(src/micro_ros_msgs) by extensions ['ros']
[0.193s] Level 1:colcon.colcon_core.package_identification:_identify(src/micro_ros_msgs) by extension 'ros'
[0.193s] DEBUG:colcon.colcon_core.package_identification:Package 'src/micro_ros_msgs' with type 'ros.ament_cmake' and name 'micro_ros_msgs'
[0.193s] Level 1:colcon.colcon_core.package_identification:_identify(src/robot_bringup) by extensions ['ignore', 'ignore_ament_install']
[0.193s] Level 1:colcon.colcon_core.package_identification:_identify(src/robot_bringup) by extension 'ignore'
[0.193s] Level 1:colcon.colcon_core.package_identification:_identify(src/robot_bringup) by extension 'ignore_ament_install'
[0.193s] Level 1:colcon.colcon_core.package_identification:_identify(src/robot_bringup) by extensions ['colcon_pkg']
[0.193s] Level 1:colcon.colcon_core.package_identification:_identify(src/robot_bringup) by extension 'colcon_pkg'
[0.193s] Level 1:colcon.colcon_core.package_identification:_identify(src/robot_bringup) by extensions ['colcon_meta']
[0.193s] Level 1:colcon.colcon_core.package_identification:_identify(src/robot_bringup) by extension 'colcon_meta'
[0.193s] Level 1:colcon.colcon_core.package_identification:_identify(src/robot_bringup) by extensions ['ros']
[0.193s] Level 1:colcon.colcon_core.package_identification:_identify(src/robot_bringup) by extension 'ros'
[0.194s] DEBUG:colcon.colcon_core.package_identification:Package 'src/robot_bringup' with type 'ros.ament_cmake' and name 'robot_bringup'
[0.194s] Level 1:colcon.colcon_core.package_identification:_identify(src/robot_description) by extensions ['ignore', 'ignore_ament_install']
[0.194s] Level 1:colcon.colcon_core.package_identification:_identify(src/robot_description) by extension 'ignore'
[0.194s] Level 1:colcon.colcon_core.package_identification:_identify(src/robot_description) by extension 'ignore_ament_install'
[0.194s] Level 1:colcon.colcon_core.package_identification:_identify(src/robot_description) by extensions ['colcon_pkg']
[0.194s] Level 1:colcon.colcon_core.package_identification:_identify(src/robot_description) by extension 'colcon_pkg'
[0.194s] Level 1:colcon.colcon_core.package_identification:_identify(src/robot_description) by extensions ['colcon_meta']
[0.194s] Level 1:colcon.colcon_core.package_identification:_identify(src/robot_description) by extension 'colcon_meta'
[0.194s] Level 1:colcon.colcon_core.package_identification:_identify(src/robot_description) by extensions ['ros']
[0.194s] Level 1:colcon.colcon_core.package_identification:_identify(src/robot_description) by extension 'ros'
[0.195s] DEBUG:colcon.colcon_core.package_identification:Package 'src/robot_description' with type 'ros.ament_cmake' and name 'robot_description'
[0.195s] Level 1:colcon.colcon_core.package_identification:_identify(src/ros_serial2wifi) by extensions ['ignore', 'ignore_ament_install']
[0.195s] Level 1:colcon.colcon_core.package_identification:_identify(src/ros_serial2wifi) by extension 'ignore'
[0.195s] Level 1:colcon.colcon_core.package_identification:_identify(src/ros_serial2wifi) by extension 'ignore_ament_install'
[0.195s] Level 1:colcon.colcon_core.package_identification:_identify(src/ros_serial2wifi) by extensions ['colcon_pkg']
[0.195s] Level 1:colcon.colcon_core.package_identification:_identify(src/ros_serial2wifi) by extension 'colcon_pkg'
[0.195s] Level 1:colcon.colcon_core.package_identification:_identify(src/ros_serial2wifi) by extensions ['colcon_meta']
[0.195s] Level 1:colcon.colcon_core.package_identification:_identify(src/ros_serial2wifi) by extension 'colcon_meta'
[0.195s] Level 1:colcon.colcon_core.package_identification:_identify(src/ros_serial2wifi) by extensions ['ros']
[0.195s] Level 1:colcon.colcon_core.package_identification:_identify(src/ros_serial2wifi) by extension 'ros'
[0.195s] DEBUG:colcon.colcon_core.package_identification:Package 'src/ros_serial2wifi' with type 'ros.ament_python' and name 'ros_serail2wifi'
[0.195s] Level 1:colcon.colcon_core.package_identification:_identify(src/ydlidar_ros2) by extensions ['ignore', 'ignore_ament_install']
[0.195s] Level 1:colcon.colcon_core.package_identification:_identify(src/ydlidar_ros2) by extension 'ignore'
[0.195s] Level 1:colcon.colcon_core.package_identification:_identify(src/ydlidar_ros2) by extension 'ignore_ament_install'
[0.195s] Level 1:colcon.colcon_core.package_identification:_identify(src/ydlidar_ros2) by extensions ['colcon_pkg']
[0.195s] Level 1:colcon.colcon_core.package_identification:_identify(src/ydlidar_ros2) by extension 'colcon_pkg'
[0.195s] Level 1:colcon.colcon_core.package_identification:_identify(src/ydlidar_ros2) by extensions ['colcon_meta']
[0.195s] Level 1:colcon.colcon_core.package_identification:_identify(src/ydlidar_ros2) by extension 'colcon_meta'
[0.195s] Level 1:colcon.colcon_core.package_identification:_identify(src/ydlidar_ros2) by extensions ['ros']
[0.195s] Level 1:colcon.colcon_core.package_identification:_identify(src/ydlidar_ros2) by extension 'ros'
[0.196s] DEBUG:colcon.colcon_core.package_identification:Package 'src/ydlidar_ros2' with type 'ros.ament_cmake' and name 'ydlidar'
[0.196s] Level 1:colcon.colcon_core.package_discovery:discover_packages(recursive) using defaults
[0.196s] Level 1:colcon.colcon_core.package_discovery:discover_packages(ignore) discover
[0.196s] Level 1:colcon.colcon_core.package_discovery:discover_packages(ignore) using defaults
[0.196s] Level 1:colcon.colcon_core.package_discovery:discover_packages(path) discover
[0.196s] Level 1:colcon.colcon_core.package_discovery:discover_packages(path) using defaults
[0.216s] Level 1:colcon.colcon_core.package_discovery:discover_packages(prefix_path) check parameters
[0.216s] Level 1:colcon.colcon_core.package_discovery:discover_packages(prefix_path) discover
[0.218s] DEBUG:colcon.colcon_installed_package_information.package_discovery:Found 378 installed packages in /opt/ros/humble
[0.219s] Level 1:colcon.colcon_core.package_discovery:discover_packages(prefix_path) using defaults
[0.245s] Level 5:colcon.colcon_core.verb:set package 'micro_ros_msgs' build argument 'cmake_args' from command line to 'None'
[0.245s] Level 5:colcon.colcon_core.verb:set package 'micro_ros_msgs' build argument 'cmake_target' from command line to 'None'
[0.245s] Level 5:colcon.colcon_core.verb:set package 'micro_ros_msgs' build argument 'cmake_target_skip_unavailable' from command line to 'False'
[0.245s] Level 5:colcon.colcon_core.verb:set package 'micro_ros_msgs' build argument 'cmake_clean_cache' from command line to 'False'
[0.245s] Level 5:colcon.colcon_core.verb:set package 'micro_ros_msgs' build argument 'cmake_clean_first' from command line to 'False'
[0.245s] Level 5:colcon.colcon_core.verb:set package 'micro_ros_msgs' build argument 'cmake_force_configure' from command line to 'False'
[0.245s] Level 5:colcon.colcon_core.verb:set package 'micro_ros_msgs' build argument 'ament_cmake_args' from command line to 'None'
[0.245s] Level 5:colcon.colcon_core.verb:set package 'micro_ros_msgs' build argument 'catkin_cmake_args' from command line to 'None'
[0.245s] Level 5:colcon.colcon_core.verb:set package 'micro_ros_msgs' build argument 'catkin_skip_building_tests' from command line to 'False'
[0.245s] DEBUG:colcon.colcon_core.verb:Building package 'micro_ros_msgs' with the following arguments: {'ament_cmake_args': None, 'build_base': '/home/johan/Dev/graduation_project/ros_ws/build/micro_ros_msgs', 'catkin_cmake_args': None, 'catkin_skip_building_tests': False, 'cmake_args': None, 'cmake_clean_cache': False, 'cmake_clean_first': False, 'cmake_force_configure': False, 'cmake_target': None, 'cmake_target_skip_unavailable': False, 'install_base': '/home/johan/Dev/graduation_project/ros_ws/install/micro_ros_msgs', 'merge_install': False, 'path': '/home/johan/Dev/graduation_project/ros_ws/src/micro_ros_msgs', 'symlink_install': False, 'test_result_base': None}
[0.246s] Level 5:colcon.colcon_core.verb:set package 'robot_bringup' build argument 'cmake_args' from command line to 'None'
[0.246s] Level 5:colcon.colcon_core.verb:set package 'robot_bringup' build argument 'cmake_target' from command line to 'None'
[0.246s] Level 5:colcon.colcon_core.verb:set package 'robot_bringup' build argument 'cmake_target_skip_unavailable' from command line to 'False'
[0.246s] Level 5:colcon.colcon_core.verb:set package 'robot_bringup' build argument 'cmake_clean_cache' from command line to 'False'
[0.246s] Level 5:colcon.colcon_core.verb:set package 'robot_bringup' build argument 'cmake_clean_first' from command line to 'False'
[0.246s] Level 5:colcon.colcon_core.verb:set package 'robot_bringup' build argument 'cmake_force_configure' from command line to 'False'
[0.246s] Level 5:colcon.colcon_core.verb:set package 'robot_bringup' build argument 'ament_cmake_args' from command line to 'None'
[0.246s] Level 5:colcon.colcon_core.verb:set package 'robot_bringup' build argument 'catkin_cmake_args' from command line to 'None'
[0.246s] Level 5:colcon.colcon_core.verb:set package 'robot_bringup' build argument 'catkin_skip_building_tests' from command line to 'False'
[0.246s] DEBUG:colcon.colcon_core.verb:Building package 'robot_bringup' with the following arguments: {'ament_cmake_args': None, 'build_base': '/home/johan/Dev/graduation_project/ros_ws/build/robot_bringup', 'catkin_cmake_args': None, 'catkin_skip_building_tests': False, 'cmake_args': None, 'cmake_clean_cache': False, 'cmake_clean_first': False, 'cmake_force_configure': False, 'cmake_target': None, 'cmake_target_skip_unavailable': False, 'install_base': '/home/johan/Dev/graduation_project/ros_ws/install/robot_bringup', 'merge_install': False, 'path': '/home/johan/Dev/graduation_project/ros_ws/src/robot_bringup', 'symlink_install': False, 'test_result_base': None}
[0.246s] Level 5:colcon.colcon_core.verb:set package 'robot_description' build argument 'cmake_args' from command line to 'None'
[0.246s] Level 5:colcon.colcon_core.verb:set package 'robot_description' build argument 'cmake_target' from command line to 'None'
[0.246s] Level 5:colcon.colcon_core.verb:set package 'robot_description' build argument 'cmake_target_skip_unavailable' from command line to 'False'
[0.246s] Level 5:colcon.colcon_core.verb:set package 'robot_description' build argument 'cmake_clean_cache' from command line to 'False'
[0.246s] Level 5:colcon.colcon_core.verb:set package 'robot_description' build argument 'cmake_clean_first' from command line to 'False'
[0.246s] Level 5:colcon.colcon_core.verb:set package 'robot_description' build argument 'cmake_force_configure' from command line to 'False'
[0.246s] Level 5:colcon.colcon_core.verb:set package 'robot_description' build argument 'ament_cmake_args' from command line to 'None'
[0.246s] Level 5:colcon.colcon_core.verb:set package 'robot_description' build argument 'catkin_cmake_args' from command line to 'None'
[0.246s] Level 5:colcon.colcon_core.verb:set package 'robot_description' build argument 'catkin_skip_building_tests' from command line to 'False'
[0.246s] DEBUG:colcon.colcon_core.verb:Building package 'robot_description' with the following arguments: {'ament_cmake_args': None, 'build_base': '/home/johan/Dev/graduation_project/ros_ws/build/robot_description', 'catkin_cmake_args': None, 'catkin_skip_building_tests': False, 'cmake_args': None, 'cmake_clean_cache': False, 'cmake_clean_first': False, 'cmake_force_configure': False, 'cmake_target': None, 'cmake_target_skip_unavailable': False, 'install_base': '/home/johan/Dev/graduation_project/ros_ws/install/robot_description', 'merge_install': False, 'path': '/home/johan/Dev/graduation_project/ros_ws/src/robot_description', 'symlink_install': False, 'test_result_base': None}
[0.246s] Level 5:colcon.colcon_core.verb:set package 'ros_serail2wifi' build argument 'cmake_args' from command line to 'None'
[0.246s] Level 5:colcon.colcon_core.verb:set package 'ros_serail2wifi' build argument 'cmake_target' from command line to 'None'
[0.246s] Level 5:colcon.colcon_core.verb:set package 'ros_serail2wifi' build argument 'cmake_target_skip_unavailable' from command line to 'False'
[0.246s] Level 5:colcon.colcon_core.verb:set package 'ros_serail2wifi' build argument 'cmake_clean_cache' from command line to 'False'
[0.246s] Level 5:colcon.colcon_core.verb:set package 'ros_serail2wifi' build argument 'cmake_clean_first' from command line to 'False'
[0.246s] Level 5:colcon.colcon_core.verb:set package 'ros_serail2wifi' build argument 'cmake_force_configure' from command line to 'False'
[0.246s] Level 5:colcon.colcon_core.verb:set package 'ros_serail2wifi' build argument 'ament_cmake_args' from command line to 'None'
[0.246s] Level 5:colcon.colcon_core.verb:set package 'ros_serail2wifi' build argument 'catkin_cmake_args' from command line to 'None'
[0.246s] Level 5:colcon.colcon_core.verb:set package 'ros_serail2wifi' build argument 'catkin_skip_building_tests' from command line to 'False'
[0.246s] DEBUG:colcon.colcon_core.verb:Building package 'ros_serail2wifi' with the following arguments: {'ament_cmake_args': None, 'build_base': '/home/johan/Dev/graduation_project/ros_ws/build/ros_serail2wifi', 'catkin_cmake_args': None, 'catkin_skip_building_tests': False, 'cmake_args': None, 'cmake_clean_cache': False, 'cmake_clean_first': False, 'cmake_force_configure': False, 'cmake_target': None, 'cmake_target_skip_unavailable': False, 'install_base': '/home/johan/Dev/graduation_project/ros_ws/install/ros_serail2wifi', 'merge_install': False, 'path': '/home/johan/Dev/graduation_project/ros_ws/src/ros_serial2wifi', 'symlink_install': False, 'test_result_base': None}
[0.247s] Level 5:colcon.colcon_core.verb:set package 'ydlidar' build argument 'cmake_args' from command line to 'None'
[0.247s] Level 5:colcon.colcon_core.verb:set package 'ydlidar' build argument 'cmake_target' from command line to 'None'
[0.247s] Level 5:colcon.colcon_core.verb:set package 'ydlidar' build argument 'cmake_target_skip_unavailable' from command line to 'False'
[0.247s] Level 5:colcon.colcon_core.verb:set package 'ydlidar' build argument 'cmake_clean_cache' from command line to 'False'
[0.247s] Level 5:colcon.colcon_core.verb:set package 'ydlidar' build argument 'cmake_clean_first' from command line to 'False'
[0.247s] Level 5:colcon.colcon_core.verb:set package 'ydlidar' build argument 'cmake_force_configure' from command line to 'False'
[0.247s] Level 5:colcon.colcon_core.verb:set package 'ydlidar' build argument 'ament_cmake_args' from command line to 'None'
[0.247s] Level 5:colcon.colcon_core.verb:set package 'ydlidar' build argument 'catkin_cmake_args' from command line to 'None'
[0.247s] Level 5:colcon.colcon_core.verb:set package 'ydlidar' build argument 'catkin_skip_building_tests' from command line to 'False'
[0.247s] DEBUG:colcon.colcon_core.verb:Building package 'ydlidar' with the following arguments: {'ament_cmake_args': None, 'build_base': '/home/johan/Dev/graduation_project/ros_ws/build/ydlidar', 'catkin_cmake_args': None, 'catkin_skip_building_tests': False, 'cmake_args': None, 'cmake_clean_cache': False, 'cmake_clean_first': False, 'cmake_force_configure': False, 'cmake_target': None, 'cmake_target_skip_unavailable': False, 'install_base': '/home/johan/Dev/graduation_project/ros_ws/install/ydlidar', 'merge_install': False, 'path': '/home/johan/Dev/graduation_project/ros_ws/src/ydlidar_ros2', 'symlink_install': False, 'test_result_base': None}
[0.247s] Level 5:colcon.colcon_core.verb:set package 'micro_ros_agent' build argument 'cmake_args' from command line to 'None'
[0.247s] Level 5:colcon.colcon_core.verb:set package 'micro_ros_agent' build argument 'cmake_target' from command line to 'None'
[0.247s] Level 5:colcon.colcon_core.verb:set package 'micro_ros_agent' build argument 'cmake_target_skip_unavailable' from command line to 'False'
[0.247s] Level 5:colcon.colcon_core.verb:set package 'micro_ros_agent' build argument 'cmake_clean_cache' from command line to 'False'
[0.247s] Level 5:colcon.colcon_core.verb:set package 'micro_ros_agent' build argument 'cmake_clean_first' from command line to 'False'
[0.247s] Level 5:colcon.colcon_core.verb:set package 'micro_ros_agent' build argument 'cmake_force_configure' from command line to 'False'
[0.247s] Level 5:colcon.colcon_core.verb:set package 'micro_ros_agent' build argument 'ament_cmake_args' from command line to 'None'
[0.247s] Level 5:colcon.colcon_core.verb:set package 'micro_ros_agent' build argument 'catkin_cmake_args' from command line to 'None'
[0.247s] Level 5:colcon.colcon_core.verb:set package 'micro_ros_agent' build argument 'catkin_skip_building_tests' from command line to 'False'
[0.247s] DEBUG:colcon.colcon_core.verb:Building package 'micro_ros_agent' with the following arguments: {'ament_cmake_args': None, 'build_base': '/home/johan/Dev/graduation_project/ros_ws/build/micro_ros_agent', 'catkin_cmake_args': None, 'catkin_skip_building_tests': False, 'cmake_args': None, 'cmake_clean_cache': False, 'cmake_clean_first': False, 'cmake_force_configure': False, 'cmake_target': None, 'cmake_target_skip_unavailable': False, 'install_base': '/home/johan/Dev/graduation_project/ros_ws/install/micro_ros_agent', 'merge_install': False, 'path': '/home/johan/Dev/graduation_project/ros_ws/src/micro-ROS-Agent/micro_ros_agent', 'symlink_install': False, 'test_result_base': None}
[0.247s] INFO:colcon.colcon_core.executor:Executing jobs using 'parallel' executor
[0.248s] DEBUG:colcon.colcon_parallel_executor.executor.parallel:run_until_complete
[0.248s] INFO:colcon.colcon_ros.task.ament_cmake.build:Building ROS package in '/home/johan/Dev/graduation_project/ros_ws/src/micro_ros_msgs' with build type 'ament_cmake'
[0.248s] INFO:colcon.colcon_cmake.task.cmake.build:Building CMake package in '/home/johan/Dev/graduation_project/ros_ws/src/micro_ros_msgs'
[0.249s] INFO:colcon.colcon_core.plugin_system:Skipping extension 'colcon_core.shell.bat': Not used on non-Windows systems
[0.249s] INFO:colcon.colcon_core.shell:Skip shell extension 'powershell' for command environment: Not usable outside of PowerShell
[0.249s] DEBUG:colcon.colcon_core.shell:Skip shell extension 'dsv' for command environment
[0.251s] INFO:colcon.colcon_ros.task.ament_cmake.build:Building ROS package in '/home/johan/Dev/graduation_project/ros_ws/src/robot_bringup' with build type 'ament_cmake'
[0.251s] INFO:colcon.colcon_cmake.task.cmake.build:Building CMake package in '/home/johan/Dev/graduation_project/ros_ws/src/robot_bringup'
[0.252s] INFO:colcon.colcon_core.shell:Skip shell extension 'powershell' for command environment: Not usable outside of PowerShell
[0.252s] DEBUG:colcon.colcon_core.shell:Skip shell extension 'dsv' for command environment
[0.253s] INFO:colcon.colcon_ros.task.ament_cmake.build:Building ROS package in '/home/johan/Dev/graduation_project/ros_ws/src/robot_description' with build type 'ament_cmake'
[0.253s] INFO:colcon.colcon_cmake.task.cmake.build:Building CMake package in '/home/johan/Dev/graduation_project/ros_ws/src/robot_description'
[0.253s] INFO:colcon.colcon_core.shell:Skip shell extension 'powershell' for command environment: Not usable outside of PowerShell
[0.253s] DEBUG:colcon.colcon_core.shell:Skip shell extension 'dsv' for command environment
[0.255s] INFO:colcon.colcon_ros.task.ament_python.build:Building ROS package in '/home/johan/Dev/graduation_project/ros_ws/src/ros_serial2wifi' with build type 'ament_python'
[0.255s] Level 1:colcon.colcon_core.shell:create_environment_hook('ros_serail2wifi', 'ament_prefix_path')
[0.255s] INFO:colcon.colcon_core.shell:Creating environment hook '/home/johan/Dev/graduation_project/ros_ws/install/ros_serail2wifi/share/ros_serail2wifi/hook/ament_prefix_path.ps1'
[0.256s] INFO:colcon.colcon_core.shell:Creating environment descriptor '/home/johan/Dev/graduation_project/ros_ws/install/ros_serail2wifi/share/ros_serail2wifi/hook/ament_prefix_path.dsv'
[0.256s] INFO:colcon.colcon_core.shell:Creating environment hook '/home/johan/Dev/graduation_project/ros_ws/install/ros_serail2wifi/share/ros_serail2wifi/hook/ament_prefix_path.sh'
[0.256s] INFO:colcon.colcon_core.shell:Skip shell extension 'powershell' for command environment: Not usable outside of PowerShell
[0.256s] DEBUG:colcon.colcon_core.shell:Skip shell extension 'dsv' for command environment
[0.258s] INFO:colcon.colcon_ros.task.ament_cmake.build:Building ROS package in '/home/johan/Dev/graduation_project/ros_ws/src/ydlidar_ros2' with build type 'ament_cmake'
[0.258s] INFO:colcon.colcon_cmake.task.cmake.build:Building CMake package in '/home/johan/Dev/graduation_project/ros_ws/src/ydlidar_ros2'
[0.258s] INFO:colcon.colcon_core.shell:Skip shell extension 'powershell' for command environment: Not usable outside of PowerShell
[0.258s] DEBUG:colcon.colcon_core.shell:Skip shell extension 'dsv' for command environment
[0.264s] DEBUG:colcon.colcon_core.event_handler.log_command:Invoking command in '/home/johan/Dev/graduation_project/ros_ws/build/micro_ros_msgs': CMAKE_PREFIX_PATH=/opt/ros/humble /usr/bin/cmake --build /home/johan/Dev/graduation_project/ros_ws/build/micro_ros_msgs -- -j16 -l16
[0.266s] DEBUG:colcon.colcon_core.event_handler.log_command:Invoking command in '/home/johan/Dev/graduation_project/ros_ws/build/robot_bringup': CMAKE_PREFIX_PATH=/opt/ros/humble /usr/bin/cmake --build /home/johan/Dev/graduation_project/ros_ws/build/robot_bringup -- -j16 -l16
[0.269s] DEBUG:colcon.colcon_core.event_handler.log_command:Invoking command in '/home/johan/Dev/graduation_project/ros_ws/build/robot_description': CMAKE_PREFIX_PATH=/opt/ros/humble /usr/bin/cmake --build /home/johan/Dev/graduation_project/ros_ws/build/robot_description -- -j16 -l16
[0.443s] INFO:colcon.colcon_core.task.python.build:Building Python package in '/home/johan/Dev/graduation_project/ros_ws/src/ros_serial2wifi'
[0.443s] INFO:colcon.colcon_core.shell:Skip shell extension 'powershell' for command environment: Not usable outside of PowerShell
[0.443s] DEBUG:colcon.colcon_core.shell:Skip shell extension 'dsv' for command environment
[0.457s] DEBUG:colcon.colcon_core.event_handler.log_command:Invoking command in '/home/johan/Dev/graduation_project/ros_ws/build/ydlidar': CMAKE_PREFIX_PATH=/opt/ros/humble /usr/bin/cmake --build /home/johan/Dev/graduation_project/ros_ws/build/ydlidar -- -j16 -l16
[0.457s] DEBUG:colcon.colcon_core.event_handler.log_command:Invoked command in '/home/johan/Dev/graduation_project/ros_ws/build/robot_description' returned '0': CMAKE_PREFIX_PATH=/opt/ros/humble /usr/bin/cmake --build /home/johan/Dev/graduation_project/ros_ws/build/robot_description -- -j16 -l16
[0.486s] DEBUG:colcon.colcon_core.event_handler.log_command:Invoking command in '/home/johan/Dev/graduation_project/ros_ws/build/robot_description': CMAKE_PREFIX_PATH=/opt/ros/humble /usr/bin/cmake --install /home/johan/Dev/graduation_project/ros_ws/build/robot_description
[0.487s] Level 1:colcon.colcon_core.environment:create_environment_scripts_only(robot_description)
[0.493s] Level 1:colcon.colcon_core.environment:checking '/home/johan/Dev/graduation_project/ros_ws/install/robot_description' for CMake module files
[0.493s] DEBUG:colcon.colcon_core.event_handler.log_command:Invoked command in '/home/johan/Dev/graduation_project/ros_ws/build/robot_description' returned '0': CMAKE_PREFIX_PATH=/opt/ros/humble /usr/bin/cmake --install /home/johan/Dev/graduation_project/ros_ws/build/robot_description
[0.494s] Level 1:colcon.colcon_core.environment:checking '/home/johan/Dev/graduation_project/ros_ws/install/robot_description' for CMake config files
[0.494s] Level 1:colcon.colcon_core.shell:create_environment_hook('robot_description', 'cmake_prefix_path')
[0.495s] INFO:colcon.colcon_core.shell:Creating environment hook '/home/johan/Dev/graduation_project/ros_ws/install/robot_description/share/robot_description/hook/cmake_prefix_path.ps1'
[0.495s] INFO:colcon.colcon_core.shell:Creating environment descriptor '/home/johan/Dev/graduation_project/ros_ws/install/robot_description/share/robot_description/hook/cmake_prefix_path.dsv'
[0.495s] INFO:colcon.colcon_core.shell:Creating environment hook '/home/johan/Dev/graduation_project/ros_ws/install/robot_description/share/robot_description/hook/cmake_prefix_path.sh'
[0.496s] Level 1:colcon.colcon_core.environment:checking '/home/johan/Dev/graduation_project/ros_ws/install/robot_description/bin'
[0.496s] Level 1:colcon.colcon_core.environment:checking '/home/johan/Dev/graduation_project/ros_ws/install/robot_description/lib/pkgconfig/robot_description.pc'
[0.497s] Level 1:colcon.colcon_core.environment:checking '/home/johan/Dev/graduation_project/ros_ws/install/robot_description/lib/python3.10/site-packages'
[0.497s] Level 1:colcon.colcon_core.environment:checking '/home/johan/Dev/graduation_project/ros_ws/install/robot_description/bin'
[0.497s] INFO:colcon.colcon_core.shell:Creating package script '/home/johan/Dev/graduation_project/ros_ws/install/robot_description/share/robot_description/package.ps1'
[0.498s] INFO:colcon.colcon_core.shell:Creating package descriptor '/home/johan/Dev/graduation_project/ros_ws/install/robot_description/share/robot_description/package.dsv'
[0.499s] INFO:colcon.colcon_core.shell:Creating package script '/home/johan/Dev/graduation_project/ros_ws/install/robot_description/share/robot_description/package.sh'
[0.500s] INFO:colcon.colcon_core.shell:Creating package script '/home/johan/Dev/graduation_project/ros_ws/install/robot_description/share/robot_description/package.bash'
[0.500s] INFO:colcon.colcon_core.shell:Creating package script '/home/johan/Dev/graduation_project/ros_ws/install/robot_description/share/robot_description/package.zsh'
[0.501s] Level 1:colcon.colcon_core.environment:create_file_with_runtime_dependencies(/home/johan/Dev/graduation_project/ros_ws/install/robot_description/share/colcon-core/packages/robot_description)
[0.509s] DEBUG:colcon.colcon_core.event_handler.log_command:Invoked command in '/home/johan/Dev/graduation_project/ros_ws/build/ydlidar' returned '0': CMAKE_PREFIX_PATH=/opt/ros/humble /usr/bin/cmake --build /home/johan/Dev/graduation_project/ros_ws/build/ydlidar -- -j16 -l16
[0.513s] DEBUG:colcon.colcon_core.event_handler.log_command:Invoked command in '/home/johan/Dev/graduation_project/ros_ws/build/micro_ros_msgs' returned '0': CMAKE_PREFIX_PATH=/opt/ros/humble /usr/bin/cmake --build /home/johan/Dev/graduation_project/ros_ws/build/micro_ros_msgs -- -j16 -l16
[0.521s] Level 1:colcon.colcon_core.environment:create_environment_scripts_only(robot_description)
[0.521s] Level 1:colcon.colcon_core.environment:checking '/home/johan/Dev/graduation_project/ros_ws/install/robot_description' for CMake module files
[0.522s] Level 1:colcon.colcon_core.environment:checking '/home/johan/Dev/graduation_project/ros_ws/install/robot_description' for CMake config files
[0.522s] Level 1:colcon.colcon_core.shell:create_environment_hook('robot_description', 'cmake_prefix_path')
[0.522s] INFO:colcon.colcon_core.shell:Creating environment hook '/home/johan/Dev/graduation_project/ros_ws/install/robot_description/share/robot_description/hook/cmake_prefix_path.ps1'
[0.523s] INFO:colcon.colcon_core.shell:Creating environment descriptor '/home/johan/Dev/graduation_project/ros_ws/install/robot_description/share/robot_description/hook/cmake_prefix_path.dsv'
[0.523s] INFO:colcon.colcon_core.shell:Creating environment hook '/home/johan/Dev/graduation_project/ros_ws/install/robot_description/share/robot_description/hook/cmake_prefix_path.sh'
[0.524s] Level 1:colcon.colcon_core.environment:checking '/home/johan/Dev/graduation_project/ros_ws/install/robot_description/bin'
[0.524s] Level 1:colcon.colcon_core.environment:checking '/home/johan/Dev/graduation_project/ros_ws/install/robot_description/lib/pkgconfig/robot_description.pc'
[0.524s] Level 1:colcon.colcon_core.environment:checking '/home/johan/Dev/graduation_project/ros_ws/install/robot_description/lib/python3.10/site-packages'
[0.524s] Level 1:colcon.colcon_core.environment:checking '/home/johan/Dev/graduation_project/ros_ws/install/robot_description/bin'
[0.524s] INFO:colcon.colcon_core.shell:Creating package script '/home/johan/Dev/graduation_project/ros_ws/install/robot_description/share/robot_description/package.ps1'
[0.524s] INFO:colcon.colcon_core.shell:Creating package descriptor '/home/johan/Dev/graduation_project/ros_ws/install/robot_description/share/robot_description/package.dsv'
[0.525s] INFO:colcon.colcon_core.shell:Creating package script '/home/johan/Dev/graduation_project/ros_ws/install/robot_description/share/robot_description/package.sh'
[0.525s] INFO:colcon.colcon_core.shell:Creating package script '/home/johan/Dev/graduation_project/ros_ws/install/robot_description/share/robot_description/package.bash'
[0.525s] INFO:colcon.colcon_core.shell:Creating package script '/home/johan/Dev/graduation_project/ros_ws/install/robot_description/share/robot_description/package.zsh'
[0.525s] Level 1:colcon.colcon_core.environment:create_file_with_runtime_dependencies(/home/johan/Dev/graduation_project/ros_ws/install/robot_description/share/colcon-core/packages/robot_description)
[0.557s] DEBUG:colcon.colcon_core.event_handler.log_command:Invoking command in '/home/johan/Dev/graduation_project/ros_ws/build/ydlidar': CMAKE_PREFIX_PATH=/opt/ros/humble /usr/bin/cmake --install /home/johan/Dev/graduation_project/ros_ws/build/ydlidar
[0.565s] Level 1:colcon.colcon_core.environment:create_environment_scripts_only(ydlidar)
[0.565s] DEBUG:colcon.colcon_core.event_handler.log_command:Invoked command in '/home/johan/Dev/graduation_project/ros_ws/build/ydlidar' returned '0': CMAKE_PREFIX_PATH=/opt/ros/humble /usr/bin/cmake --install /home/johan/Dev/graduation_project/ros_ws/build/ydlidar
[0.566s] Level 1:colcon.colcon_core.environment:checking '/home/johan/Dev/graduation_project/ros_ws/install/ydlidar' for CMake module files
[0.567s] Level 1:colcon.colcon_core.environment:checking '/home/johan/Dev/graduation_project/ros_ws/install/ydlidar' for CMake config files
[0.567s] Level 1:colcon.colcon_core.shell:create_environment_hook('ydlidar', 'cmake_prefix_path')
[0.567s] INFO:colcon.colcon_core.shell:Creating environment hook '/home/johan/Dev/graduation_project/ros_ws/install/ydlidar/share/ydlidar/hook/cmake_prefix_path.ps1'
[0.568s] INFO:colcon.colcon_core.shell:Creating environment descriptor '/home/johan/Dev/graduation_project/ros_ws/install/ydlidar/share/ydlidar/hook/cmake_prefix_path.dsv'
[0.568s] INFO:colcon.colcon_core.shell:Creating environment hook '/home/johan/Dev/graduation_project/ros_ws/install/ydlidar/share/ydlidar/hook/cmake_prefix_path.sh'
[0.569s] Level 1:colcon.colcon_core.environment:checking '/home/johan/Dev/graduation_project/ros_ws/install/ydlidar/lib'
[0.569s] Level 1:colcon.colcon_core.environment:checking '/home/johan/Dev/graduation_project/ros_ws/install/ydlidar/bin'
[0.569s] Level 1:colcon.colcon_core.environment:checking '/home/johan/Dev/graduation_project/ros_ws/install/ydlidar/lib/pkgconfig/ydlidar.pc'
[0.569s] Level 1:colcon.colcon_core.environment:checking '/home/johan/Dev/graduation_project/ros_ws/install/ydlidar/lib/python3.10/site-packages'
[0.569s] Level 1:colcon.colcon_core.environment:checking '/home/johan/Dev/graduation_project/ros_ws/install/ydlidar/bin'
[0.570s] INFO:colcon.colcon_core.shell:Creating package script '/home/johan/Dev/graduation_project/ros_ws/install/ydlidar/share/ydlidar/package.ps1'
[0.570s] INFO:colcon.colcon_core.shell:Creating package descriptor '/home/johan/Dev/graduation_project/ros_ws/install/ydlidar/share/ydlidar/package.dsv'
[0.571s] INFO:colcon.colcon_core.shell:Creating package script '/home/johan/Dev/graduation_project/ros_ws/install/ydlidar/share/ydlidar/package.sh'
[0.571s] INFO:colcon.colcon_core.shell:Creating package script '/home/johan/Dev/graduation_project/ros_ws/install/ydlidar/share/ydlidar/package.bash'
[0.571s] INFO:colcon.colcon_core.shell:Creating package script '/home/johan/Dev/graduation_project/ros_ws/install/ydlidar/share/ydlidar/package.zsh'
[0.572s] Level 1:colcon.colcon_core.environment:create_file_with_runtime_dependencies(/home/johan/Dev/graduation_project/ros_ws/install/ydlidar/share/colcon-core/packages/ydlidar)
[0.577s] DEBUG:colcon.colcon_core.event_handler.log_command:Invoking command in '/home/johan/Dev/graduation_project/ros_ws/build/micro_ros_msgs': CMAKE_PREFIX_PATH=/opt/ros/humble /usr/bin/cmake --install /home/johan/Dev/graduation_project/ros_ws/build/micro_ros_msgs
[0.613s] Level 1:colcon.colcon_core.environment:create_environment_scripts_only(micro_ros_msgs)
[0.614s] Level 1:colcon.colcon_core.environment:checking '/home/johan/Dev/graduation_project/ros_ws/install/micro_ros_msgs' for CMake module files
[0.615s] Level 1:colcon.colcon_core.environment:checking '/home/johan/Dev/graduation_project/ros_ws/install/micro_ros_msgs' for CMake config files
[0.617s] Level 1:colcon.colcon_core.shell:create_environment_hook('micro_ros_msgs', 'cmake_prefix_path')
[0.617s] INFO:colcon.colcon_core.shell:Creating environment hook '/home/johan/Dev/graduation_project/ros_ws/install/micro_ros_msgs/share/micro_ros_msgs/hook/cmake_prefix_path.ps1'
[0.618s] INFO:colcon.colcon_core.shell:Creating environment descriptor '/home/johan/Dev/graduation_project/ros_ws/install/micro_ros_msgs/share/micro_ros_msgs/hook/cmake_prefix_path.dsv'
[0.618s] INFO:colcon.colcon_core.shell:Creating environment hook '/home/johan/Dev/graduation_project/ros_ws/install/micro_ros_msgs/share/micro_ros_msgs/hook/cmake_prefix_path.sh'
[0.619s] Level 1:colcon.colcon_core.environment:checking '/home/johan/Dev/graduation_project/ros_ws/install/micro_ros_msgs/lib'
[0.619s] Level 1:colcon.colcon_core.shell:create_environment_hook('micro_ros_msgs', 'ld_library_path_lib')
[0.620s] INFO:colcon.colcon_core.shell:Creating environment hook '/home/johan/Dev/graduation_project/ros_ws/install/micro_ros_msgs/share/micro_ros_msgs/hook/ld_library_path_lib.ps1'
[0.620s] DEBUG:colcon.colcon_core.event_handler.log_command:Invoked command in '/home/johan/Dev/graduation_project/ros_ws/build/micro_ros_msgs' returned '0': CMAKE_PREFIX_PATH=/opt/ros/humble /usr/bin/cmake --install /home/johan/Dev/graduation_project/ros_ws/build/micro_ros_msgs
[0.620s] INFO:colcon.colcon_core.shell:Creating environment descriptor '/home/johan/Dev/graduation_project/ros_ws/install/micro_ros_msgs/share/micro_ros_msgs/hook/ld_library_path_lib.dsv'
[0.621s] INFO:colcon.colcon_core.shell:Creating environment hook '/home/johan/Dev/graduation_project/ros_ws/install/micro_ros_msgs/share/micro_ros_msgs/hook/ld_library_path_lib.sh'
[0.621s] Level 1:colcon.colcon_core.environment:checking '/home/johan/Dev/graduation_project/ros_ws/install/micro_ros_msgs/bin'
[0.621s] Level 1:colcon.colcon_core.environment:checking '/home/johan/Dev/graduation_project/ros_ws/install/micro_ros_msgs/lib/pkgconfig/micro_ros_msgs.pc'
[0.621s] Level 1:colcon.colcon_core.environment:checking '/home/johan/Dev/graduation_project/ros_ws/install/micro_ros_msgs/lib/python3.10/site-packages'
[0.622s] Level 1:colcon.colcon_core.environment:checking '/home/johan/Dev/graduation_project/ros_ws/install/micro_ros_msgs/bin'
[0.622s] INFO:colcon.colcon_core.shell:Creating package script '/home/johan/Dev/graduation_project/ros_ws/install/micro_ros_msgs/share/micro_ros_msgs/package.ps1'
[0.623s] INFO:colcon.colcon_core.shell:Creating package descriptor '/home/johan/Dev/graduation_project/ros_ws/install/micro_ros_msgs/share/micro_ros_msgs/package.dsv'
[0.623s] INFO:colcon.colcon_core.shell:Creating package script '/home/johan/Dev/graduation_project/ros_ws/install/micro_ros_msgs/share/micro_ros_msgs/package.sh'
[0.623s] INFO:colcon.colcon_core.shell:Creating package script '/home/johan/Dev/graduation_project/ros_ws/install/micro_ros_msgs/share/micro_ros_msgs/package.bash'
[0.624s] INFO:colcon.colcon_core.shell:Creating package script '/home/johan/Dev/graduation_project/ros_ws/install/micro_ros_msgs/share/micro_ros_msgs/package.zsh'
[0.624s] Level 1:colcon.colcon_core.environment:create_file_with_runtime_dependencies(/home/johan/Dev/graduation_project/ros_ws/install/micro_ros_msgs/share/colcon-core/packages/micro_ros_msgs)
[0.625s] Level 1:colcon.colcon_core.environment:create_environment_scripts_only(ydlidar)
[0.625s] Level 1:colcon.colcon_core.environment:checking '/home/johan/Dev/graduation_project/ros_ws/install/ydlidar' for CMake module files
[0.625s] Level 1:colcon.colcon_core.environment:checking '/home/johan/Dev/graduation_project/ros_ws/install/ydlidar' for CMake config files
[0.625s] Level 1:colcon.colcon_core.shell:create_environment_hook('ydlidar', 'cmake_prefix_path')
[0.626s] INFO:colcon.colcon_core.shell:Creating environment hook '/home/johan/Dev/graduation_project/ros_ws/install/ydlidar/share/ydlidar/hook/cmake_prefix_path.ps1'
[0.626s] INFO:colcon.colcon_core.shell:Creating environment descriptor '/home/johan/Dev/graduation_project/ros_ws/install/ydlidar/share/ydlidar/hook/cmake_prefix_path.dsv'
[0.626s] INFO:colcon.colcon_core.shell:Creating environment hook '/home/johan/Dev/graduation_project/ros_ws/install/ydlidar/share/ydlidar/hook/cmake_prefix_path.sh'
[0.626s] Level 1:colcon.colcon_core.environment:checking '/home/johan/Dev/graduation_project/ros_ws/install/ydlidar/lib'
[0.626s] Level 1:colcon.colcon_core.environment:checking '/home/johan/Dev/graduation_project/ros_ws/install/ydlidar/bin'
[0.626s] Level 1:colcon.colcon_core.environment:checking '/home/johan/Dev/graduation_project/ros_ws/install/ydlidar/lib/pkgconfig/ydlidar.pc'
[0.627s] Level 1:colcon.colcon_core.environment:checking '/home/johan/Dev/graduation_project/ros_ws/install/ydlidar/lib/python3.10/site-packages'
[0.627s] Level 1:colcon.colcon_core.environment:checking '/home/johan/Dev/graduation_project/ros_ws/install/ydlidar/bin'
[0.627s] INFO:colcon.colcon_core.shell:Creating package script '/home/johan/Dev/graduation_project/ros_ws/install/ydlidar/share/ydlidar/package.ps1'
[0.627s] INFO:colcon.colcon_core.shell:Creating package descriptor '/home/johan/Dev/graduation_project/ros_ws/install/ydlidar/share/ydlidar/package.dsv'
[0.627s] INFO:colcon.colcon_core.shell:Creating package script '/home/johan/Dev/graduation_project/ros_ws/install/ydlidar/share/ydlidar/package.sh'
[0.628s] INFO:colcon.colcon_core.shell:Creating package script '/home/johan/Dev/graduation_project/ros_ws/install/ydlidar/share/ydlidar/package.bash'
[0.628s] INFO:colcon.colcon_core.shell:Creating package script '/home/johan/Dev/graduation_project/ros_ws/install/ydlidar/share/ydlidar/package.zsh'
[0.628s] Level 1:colcon.colcon_core.environment:create_file_with_runtime_dependencies(/home/johan/Dev/graduation_project/ros_ws/install/ydlidar/share/colcon-core/packages/ydlidar)
[0.684s] Level 1:colcon.colcon_core.environment:create_environment_scripts_only(micro_ros_msgs)
[0.685s] Level 1:colcon.colcon_core.environment:checking '/home/johan/Dev/graduation_project/ros_ws/install/micro_ros_msgs' for CMake module files
[0.686s] Level 1:colcon.colcon_core.environment:checking '/home/johan/Dev/graduation_project/ros_ws/install/micro_ros_msgs' for CMake config files
[0.686s] Level 1:colcon.colcon_core.shell:create_environment_hook('micro_ros_msgs', 'cmake_prefix_path')
[0.687s] INFO:colcon.colcon_core.shell:Creating environment hook '/home/johan/Dev/graduation_project/ros_ws/install/micro_ros_msgs/share/micro_ros_msgs/hook/cmake_prefix_path.ps1'
[0.687s] INFO:colcon.colcon_core.shell:Creating environment descriptor '/home/johan/Dev/graduation_project/ros_ws/install/micro_ros_msgs/share/micro_ros_msgs/hook/cmake_prefix_path.dsv'
[0.688s] INFO:colcon.colcon_core.shell:Creating environment hook '/home/johan/Dev/graduation_project/ros_ws/install/micro_ros_msgs/share/micro_ros_msgs/hook/cmake_prefix_path.sh'
[0.689s] Level 1:colcon.colcon_core.environment:checking '/home/johan/Dev/graduation_project/ros_ws/install/micro_ros_msgs/lib'
[0.689s] Level 1:colcon.colcon_core.shell:create_environment_hook('micro_ros_msgs', 'ld_library_path_lib')
[0.689s] INFO:colcon.colcon_core.shell:Creating environment hook '/home/johan/Dev/graduation_project/ros_ws/install/micro_ros_msgs/share/micro_ros_msgs/hook/ld_library_path_lib.ps1'
[0.690s] INFO:colcon.colcon_core.shell:Creating environment descriptor '/home/johan/Dev/graduation_project/ros_ws/install/micro_ros_msgs/share/micro_ros_msgs/hook/ld_library_path_lib.dsv'
[0.690s] INFO:colcon.colcon_core.shell:Creating environment hook '/home/johan/Dev/graduation_project/ros_ws/install/micro_ros_msgs/share/micro_ros_msgs/hook/ld_library_path_lib.sh'
[0.691s] Level 1:colcon.colcon_core.environment:checking '/home/johan/Dev/graduation_project/ros_ws/install/micro_ros_msgs/bin'
[0.691s] Level 1:colcon.colcon_core.environment:checking '/home/johan/Dev/graduation_project/ros_ws/install/micro_ros_msgs/lib/pkgconfig/micro_ros_msgs.pc'
[0.691s] Level 1:colcon.colcon_core.environment:checking '/home/johan/Dev/graduation_project/ros_ws/install/micro_ros_msgs/lib/python3.10/site-packages'
[0.691s] Level 1:colcon.colcon_core.environment:checking '/home/johan/Dev/graduation_project/ros_ws/install/micro_ros_msgs/bin'
[0.692s] INFO:colcon.colcon_core.shell:Creating package script '/home/johan/Dev/graduation_project/ros_ws/install/micro_ros_msgs/share/micro_ros_msgs/package.ps1'
[0.693s] INFO:colcon.colcon_core.shell:Creating package descriptor '/home/johan/Dev/graduation_project/ros_ws/install/micro_ros_msgs/share/micro_ros_msgs/package.dsv'
[0.693s] INFO:colcon.colcon_core.shell:Creating package script '/home/johan/Dev/graduation_project/ros_ws/install/micro_ros_msgs/share/micro_ros_msgs/package.sh'
[0.694s] INFO:colcon.colcon_core.shell:Creating package script '/home/johan/Dev/graduation_project/ros_ws/install/micro_ros_msgs/share/micro_ros_msgs/package.bash'
[0.694s] INFO:colcon.colcon_core.shell:Creating package script '/home/johan/Dev/graduation_project/ros_ws/install/micro_ros_msgs/share/micro_ros_msgs/package.zsh'
[0.695s] Level 1:colcon.colcon_core.environment:create_file_with_runtime_dependencies(/home/johan/Dev/graduation_project/ros_ws/install/micro_ros_msgs/share/colcon-core/packages/micro_ros_msgs)
[0.695s] INFO:colcon.colcon_ros.task.ament_cmake.build:Building ROS package in '/home/johan/Dev/graduation_project/ros_ws/src/micro-ROS-Agent/micro_ros_agent' with build type 'ament_cmake'
[0.695s] INFO:colcon.colcon_cmake.task.cmake.build:Building CMake package in '/home/johan/Dev/graduation_project/ros_ws/src/micro-ROS-Agent/micro_ros_agent'
[0.696s] INFO:colcon.colcon_core.shell:Skip shell extension 'powershell' for command environment: Not usable outside of PowerShell
[0.696s] DEBUG:colcon.colcon_core.shell:Skip shell extension 'dsv' for command environment
[0.706s] DEBUG:colcon.colcon_core.event_handler.log_command:Invoking command in '/home/johan/Dev/graduation_project/ros_ws/build/micro_ros_agent': AMENT_PREFIX_PATH=/home/johan/Dev/graduation_project/ros_ws/install/micro_ros_msgs:${AMENT_PREFIX_PATH} CMAKE_PREFIX_PATH=/home/johan/Dev/graduation_project/ros_ws/install/micro_ros_msgs:/opt/ros/humble LD_LIBRARY_PATH=/home/johan/Dev/graduation_project/ros_ws/install/micro_ros_msgs/lib:/usr/lib/x86_64-linux-gnu/gazebo-11/plugins:/opt/ros/humble/opt/rviz_ogre_vendor/lib:/opt/ros/humble/lib/x86_64-linux-gnu:/opt/ros/humble/lib:/opt/intel/openvino_2024.2.0/runtime/3rdparty/tbb/lib:/opt/intel/openvino_2024.2.0/runtime/lib/intel64:/usr/local/cuda-12.1/lib64:/opt/intel/openvino_2024.2.0/runtime/lib/intel64 PYTHONPATH=/home/johan/Dev/graduation_project/ros_ws/install/micro_ros_msgs/local/lib/python3.10/dist-packages:${PYTHONPATH} /usr/bin/cmake --build /home/johan/Dev/graduation_project/ros_ws/build/micro_ros_agent -- -j16 -l16
[0.754s] DEBUG:colcon.colcon_core.event_handler.log_command:Invoking command in '/home/johan/Dev/graduation_project/ros_ws/src/ros_serial2wifi': PYTHONPATH=/home/johan/Dev/graduation_project/ros_ws/build/ros_serail2wifi/prefix_override:/usr/lib/python3/dist-packages/colcon_core/task/python/colcon_distutils_commands:/home/johan/Dev/graduation_project/ros_ws/install/ros_serail2wifi/lib/python3.10/site-packages:${PYTHONPATH} /usr/bin/python3 -W ignore:setup.py install is deprecated setup.py egg_info --egg-base ../../build/ros_serail2wifi build --build-base /home/johan/Dev/graduation_project/ros_ws/build/ros_serail2wifi/build install --record /home/johan/Dev/graduation_project/ros_ws/build/ros_serail2wifi/install.log --single-version-externally-managed install_data
[0.758s] DEBUG:colcon.colcon_core.event_handler.log_command:Invoked command in '/home/johan/Dev/graduation_project/ros_ws/build/micro_ros_agent' returned '0': AMENT_PREFIX_PATH=/home/johan/Dev/graduation_project/ros_ws/install/micro_ros_msgs:${AMENT_PREFIX_PATH} CMAKE_PREFIX_PATH=/home/johan/Dev/graduation_project/ros_ws/install/micro_ros_msgs:/opt/ros/humble LD_LIBRARY_PATH=/home/johan/Dev/graduation_project/ros_ws/install/micro_ros_msgs/lib:/usr/lib/x86_64-linux-gnu/gazebo-11/plugins:/opt/ros/humble/opt/rviz_ogre_vendor/lib:/opt/ros/humble/lib/x86_64-linux-gnu:/opt/ros/humble/lib:/opt/intel/openvino_2024.2.0/runtime/3rdparty/tbb/lib:/opt/intel/openvino_2024.2.0/runtime/lib/intel64:/usr/local/cuda-12.1/lib64:/opt/intel/openvino_2024.2.0/runtime/lib/intel64 PYTHONPATH=/home/johan/Dev/graduation_project/ros_ws/install/micro_ros_msgs/local/lib/python3.10/dist-packages:${PYTHONPATH} /usr/bin/cmake --build /home/johan/Dev/graduation_project/ros_ws/build/micro_ros_agent -- -j16 -l16
[0.784s] DEBUG:colcon.colcon_core.event_handler.log_command:Invoking command in '/home/johan/Dev/graduation_project/ros_ws/build/micro_ros_agent': AMENT_PREFIX_PATH=/home/johan/Dev/graduation_project/ros_ws/install/micro_ros_msgs:${AMENT_PREFIX_PATH} CMAKE_PREFIX_PATH=/home/johan/Dev/graduation_project/ros_ws/install/micro_ros_msgs:/opt/ros/humble LD_LIBRARY_PATH=/home/johan/Dev/graduation_project/ros_ws/install/micro_ros_msgs/lib:/usr/lib/x86_64-linux-gnu/gazebo-11/plugins:/opt/ros/humble/opt/rviz_ogre_vendor/lib:/opt/ros/humble/lib/x86_64-linux-gnu:/opt/ros/humble/lib:/opt/intel/openvino_2024.2.0/runtime/3rdparty/tbb/lib:/opt/intel/openvino_2024.2.0/runtime/lib/intel64:/usr/local/cuda-12.1/lib64:/opt/intel/openvino_2024.2.0/runtime/lib/intel64 PYTHONPATH=/home/johan/Dev/graduation_project/ros_ws/install/micro_ros_msgs/local/lib/python3.10/dist-packages:${PYTHONPATH} /usr/bin/cmake --install /home/johan/Dev/graduation_project/ros_ws/build/micro_ros_agent
[0.792s] Level 1:colcon.colcon_core.environment:create_environment_scripts_only(micro_ros_agent)
[0.792s] Level 1:colcon.colcon_core.environment:checking '/home/johan/Dev/graduation_project/ros_ws/install/micro_ros_agent' for CMake module files
[0.793s] DEBUG:colcon.colcon_core.event_handler.log_command:Invoked command in '/home/johan/Dev/graduation_project/ros_ws/build/micro_ros_agent' returned '0': AMENT_PREFIX_PATH=/home/johan/Dev/graduation_project/ros_ws/install/micro_ros_msgs:${AMENT_PREFIX_PATH} CMAKE_PREFIX_PATH=/home/johan/Dev/graduation_project/ros_ws/install/micro_ros_msgs:/opt/ros/humble LD_LIBRARY_PATH=/home/johan/Dev/graduation_project/ros_ws/install/micro_ros_msgs/lib:/usr/lib/x86_64-linux-gnu/gazebo-11/plugins:/opt/ros/humble/opt/rviz_ogre_vendor/lib:/opt/ros/humble/lib/x86_64-linux-gnu:/opt/ros/humble/lib:/opt/intel/openvino_2024.2.0/runtime/3rdparty/tbb/lib:/opt/intel/openvino_2024.2.0/runtime/lib/intel64:/usr/local/cuda-12.1/lib64:/opt/intel/openvino_2024.2.0/runtime/lib/intel64 PYTHONPATH=/home/johan/Dev/graduation_project/ros_ws/install/micro_ros_msgs/local/lib/python3.10/dist-packages:${PYTHONPATH} /usr/bin/cmake --install /home/johan/Dev/graduation_project/ros_ws/build/micro_ros_agent
[0.793s] Level 1:colcon.colcon_core.environment:checking '/home/johan/Dev/graduation_project/ros_ws/install/micro_ros_agent' for CMake config files
[0.793s] Level 1:colcon.colcon_core.shell:create_environment_hook('micro_ros_agent', 'cmake_prefix_path')
[0.794s] INFO:colcon.colcon_core.shell:Creating environment hook '/home/johan/Dev/graduation_project/ros_ws/install/micro_ros_agent/share/micro_ros_agent/hook/cmake_prefix_path.ps1'
[0.794s] INFO:colcon.colcon_core.shell:Creating environment descriptor '/home/johan/Dev/graduation_project/ros_ws/install/micro_ros_agent/share/micro_ros_agent/hook/cmake_prefix_path.dsv'
[0.795s] INFO:colcon.colcon_core.shell:Creating environment hook '/home/johan/Dev/graduation_project/ros_ws/install/micro_ros_agent/share/micro_ros_agent/hook/cmake_prefix_path.sh'
[0.795s] Level 1:colcon.colcon_core.environment:checking '/home/johan/Dev/graduation_project/ros_ws/install/micro_ros_agent/lib'
[0.795s] Level 1:colcon.colcon_core.shell:create_environment_hook('micro_ros_agent', 'ld_library_path_lib')
[0.796s] INFO:colcon.colcon_core.shell:Creating environment hook '/home/johan/Dev/graduation_project/ros_ws/install/micro_ros_agent/share/micro_ros_agent/hook/ld_library_path_lib.ps1'
[0.796s] INFO:colcon.colcon_core.shell:Creating environment descriptor '/home/johan/Dev/graduation_project/ros_ws/install/micro_ros_agent/share/micro_ros_agent/hook/ld_library_path_lib.dsv'
[0.796s] INFO:colcon.colcon_core.shell:Creating environment hook '/home/johan/Dev/graduation_project/ros_ws/install/micro_ros_agent/share/micro_ros_agent/hook/ld_library_path_lib.sh'
[0.796s] Level 1:colcon.colcon_core.environment:checking '/home/johan/Dev/graduation_project/ros_ws/install/micro_ros_agent/bin'
[0.796s] Level 1:colcon.colcon_core.environment:checking '/home/johan/Dev/graduation_project/ros_ws/install/micro_ros_agent/lib/pkgconfig/micro_ros_agent.pc'
[0.797s] Level 1:colcon.colcon_core.environment:checking '/home/johan/Dev/graduation_project/ros_ws/install/micro_ros_agent/lib/python3.10/site-packages'
[0.797s] Level 1:colcon.colcon_core.environment:checking '/home/johan/Dev/graduation_project/ros_ws/install/micro_ros_agent/bin'
[0.797s] INFO:colcon.colcon_core.shell:Creating package script '/home/johan/Dev/graduation_project/ros_ws/install/micro_ros_agent/share/micro_ros_agent/package.ps1'
[0.797s] INFO:colcon.colcon_core.shell:Creating package descriptor '/home/johan/Dev/graduation_project/ros_ws/install/micro_ros_agent/share/micro_ros_agent/package.dsv'
[0.797s] INFO:colcon.colcon_core.shell:Creating package script '/home/johan/Dev/graduation_project/ros_ws/install/micro_ros_agent/share/micro_ros_agent/package.sh'
[0.798s] INFO:colcon.colcon_core.shell:Creating package script '/home/johan/Dev/graduation_project/ros_ws/install/micro_ros_agent/share/micro_ros_agent/package.bash'
[0.798s] INFO:colcon.colcon_core.shell:Creating package script '/home/johan/Dev/graduation_project/ros_ws/install/micro_ros_agent/share/micro_ros_agent/package.zsh'
[0.798s] Level 1:colcon.colcon_core.environment:create_file_with_runtime_dependencies(/home/johan/Dev/graduation_project/ros_ws/install/micro_ros_agent/share/colcon-core/packages/micro_ros_agent)
[0.822s] Level 1:colcon.colcon_core.environment:create_environment_scripts_only(micro_ros_agent)
[0.822s] Level 1:colcon.colcon_core.environment:checking '/home/johan/Dev/graduation_project/ros_ws/install/micro_ros_agent' for CMake module files
[0.823s] Level 1:colcon.colcon_core.environment:checking '/home/johan/Dev/graduation_project/ros_ws/install/micro_ros_agent' for CMake config files
[0.823s] Level 1:colcon.colcon_core.shell:create_environment_hook('micro_ros_agent', 'cmake_prefix_path')
[0.824s] INFO:colcon.colcon_core.shell:Creating environment hook '/home/johan/Dev/graduation_project/ros_ws/install/micro_ros_agent/share/micro_ros_agent/hook/cmake_prefix_path.ps1'
[0.824s] INFO:colcon.colcon_core.shell:Creating environment descriptor '/home/johan/Dev/graduation_project/ros_ws/install/micro_ros_agent/share/micro_ros_agent/hook/cmake_prefix_path.dsv'
[0.824s] INFO:colcon.colcon_core.shell:Creating environment hook '/home/johan/Dev/graduation_project/ros_ws/install/micro_ros_agent/share/micro_ros_agent/hook/cmake_prefix_path.sh'
[0.825s] Level 1:colcon.colcon_core.environment:checking '/home/johan/Dev/graduation_project/ros_ws/install/micro_ros_agent/lib'
[0.825s] Level 1:colcon.colcon_core.shell:create_environment_hook('micro_ros_agent', 'ld_library_path_lib')
[0.825s] INFO:colcon.colcon_core.shell:Creating environment hook '/home/johan/Dev/graduation_project/ros_ws/install/micro_ros_agent/share/micro_ros_agent/hook/ld_library_path_lib.ps1'
[0.826s] INFO:colcon.colcon_core.shell:Creating environment descriptor '/home/johan/Dev/graduation_project/ros_ws/install/micro_ros_agent/share/micro_ros_agent/hook/ld_library_path_lib.dsv'
[0.826s] INFO:colcon.colcon_core.shell:Creating environment hook '/home/johan/Dev/graduation_project/ros_ws/install/micro_ros_agent/share/micro_ros_agent/hook/ld_library_path_lib.sh'
[0.826s] Level 1:colcon.colcon_core.environment:checking '/home/johan/Dev/graduation_project/ros_ws/install/micro_ros_agent/bin'
[0.826s] Level 1:colcon.colcon_core.environment:checking '/home/johan/Dev/graduation_project/ros_ws/install/micro_ros_agent/lib/pkgconfig/micro_ros_agent.pc'
[0.827s] Level 1:colcon.colcon_core.environment:checking '/home/johan/Dev/graduation_project/ros_ws/install/micro_ros_agent/lib/python3.10/site-packages'
[0.827s] Level 1:colcon.colcon_core.environment:checking '/home/johan/Dev/graduation_project/ros_ws/install/micro_ros_agent/bin'
[0.827s] INFO:colcon.colcon_core.shell:Creating package script '/home/johan/Dev/graduation_project/ros_ws/install/micro_ros_agent/share/micro_ros_agent/package.ps1'
[0.828s] INFO:colcon.colcon_core.shell:Creating package descriptor '/home/johan/Dev/graduation_project/ros_ws/install/micro_ros_agent/share/micro_ros_agent/package.dsv'
[0.829s] INFO:colcon.colcon_core.shell:Creating package script '/home/johan/Dev/graduation_project/ros_ws/install/micro_ros_agent/share/micro_ros_agent/package.sh'
[0.829s] INFO:colcon.colcon_core.shell:Creating package script '/home/johan/Dev/graduation_project/ros_ws/install/micro_ros_agent/share/micro_ros_agent/package.bash'
[0.829s] INFO:colcon.colcon_core.shell:Creating package script '/home/johan/Dev/graduation_project/ros_ws/install/micro_ros_agent/share/micro_ros_agent/package.zsh'
[0.830s] Level 1:colcon.colcon_core.environment:create_file_with_runtime_dependencies(/home/johan/Dev/graduation_project/ros_ws/install/micro_ros_agent/share/colcon-core/packages/micro_ros_agent)
[0.986s] Level 1:colcon.colcon_core.environment:checking '/home/johan/Dev/graduation_project/ros_ws/install/ros_serail2wifi' for CMake module files
[0.987s] DEBUG:colcon.colcon_core.event_handler.log_command:Invoked command in '/home/johan/Dev/graduation_project/ros_ws/src/ros_serial2wifi' returned '0': PYTHONPATH=/home/johan/Dev/graduation_project/ros_ws/build/ros_serail2wifi/prefix_override:/usr/lib/python3/dist-packages/colcon_core/task/python/colcon_distutils_commands:/home/johan/Dev/graduation_project/ros_ws/install/ros_serail2wifi/lib/python3.10/site-packages:${PYTHONPATH} /usr/bin/python3 -W ignore:setup.py install is deprecated setup.py egg_info --egg-base ../../build/ros_serail2wifi build --build-base /home/johan/Dev/graduation_project/ros_ws/build/ros_serail2wifi/build install --record /home/johan/Dev/graduation_project/ros_ws/build/ros_serail2wifi/install.log --single-version-externally-managed install_data
[0.987s] Level 1:colcon.colcon_core.environment:checking '/home/johan/Dev/graduation_project/ros_ws/install/ros_serail2wifi' for CMake config files
[0.988s] Level 1:colcon.colcon_core.environment:checking '/home/johan/Dev/graduation_project/ros_ws/install/ros_serail2wifi/lib'
[0.988s] Level 1:colcon.colcon_core.environment:checking '/home/johan/Dev/graduation_project/ros_ws/install/ros_serail2wifi/bin'
[0.988s] Level 1:colcon.colcon_core.environment:checking '/home/johan/Dev/graduation_project/ros_ws/install/ros_serail2wifi/lib/pkgconfig/ros_serail2wifi.pc'
[0.988s] Level 1:colcon.colcon_core.environment:checking '/home/johan/Dev/graduation_project/ros_ws/install/ros_serail2wifi/lib/python3.10/site-packages'
[0.989s] Level 1:colcon.colcon_core.shell:create_environment_hook('ros_serail2wifi', 'pythonpath')
[0.989s] INFO:colcon.colcon_core.shell:Creating environment hook '/home/johan/Dev/graduation_project/ros_ws/install/ros_serail2wifi/share/ros_serail2wifi/hook/pythonpath.ps1'
[0.989s] INFO:colcon.colcon_core.shell:Creating environment descriptor '/home/johan/Dev/graduation_project/ros_ws/install/ros_serail2wifi/share/ros_serail2wifi/hook/pythonpath.dsv'
[0.990s] INFO:colcon.colcon_core.shell:Creating environment hook '/home/johan/Dev/graduation_project/ros_ws/install/ros_serail2wifi/share/ros_serail2wifi/hook/pythonpath.sh'
[0.990s] Level 1:colcon.colcon_core.environment:checking '/home/johan/Dev/graduation_project/ros_ws/install/ros_serail2wifi/bin'
[0.991s] Level 1:colcon.colcon_core.environment:create_environment_scripts_only(ros_serail2wifi)
[0.991s] INFO:colcon.colcon_core.shell:Creating package script '/home/johan/Dev/graduation_project/ros_ws/install/ros_serail2wifi/share/ros_serail2wifi/package.ps1'
[0.991s] INFO:colcon.colcon_core.shell:Creating package descriptor '/home/johan/Dev/graduation_project/ros_ws/install/ros_serail2wifi/share/ros_serail2wifi/package.dsv'
[0.992s] INFO:colcon.colcon_core.shell:Creating package script '/home/johan/Dev/graduation_project/ros_ws/install/ros_serail2wifi/share/ros_serail2wifi/package.sh'
[0.992s] INFO:colcon.colcon_core.shell:Creating package script '/home/johan/Dev/graduation_project/ros_ws/install/ros_serail2wifi/share/ros_serail2wifi/package.bash'
[0.993s] INFO:colcon.colcon_core.shell:Creating package script '/home/johan/Dev/graduation_project/ros_ws/install/ros_serail2wifi/share/ros_serail2wifi/package.zsh'
[0.993s] Level 1:colcon.colcon_core.environment:create_file_with_runtime_dependencies(/home/johan/Dev/graduation_project/ros_ws/install/ros_serail2wifi/share/colcon-core/packages/ros_serail2wifi)
[5.982s] DEBUG:colcon.colcon_core.event_handler.log_command:Invoked command in '/home/johan/Dev/graduation_project/ros_ws/build/robot_bringup' returned '0': CMAKE_PREFIX_PATH=/opt/ros/humble /usr/bin/cmake --build /home/johan/Dev/graduation_project/ros_ws/build/robot_bringup -- -j16 -l16
[6.001s] DEBUG:colcon.colcon_core.event_handler.log_command:Invoking command in '/home/johan/Dev/graduation_project/ros_ws/build/robot_bringup': CMAKE_PREFIX_PATH=/opt/ros/humble /usr/bin/cmake --install /home/johan/Dev/graduation_project/ros_ws/build/robot_bringup
[6.011s] Level 1:colcon.colcon_core.environment:create_environment_scripts_only(robot_bringup)
[6.011s] Level 1:colcon.colcon_core.environment:checking '/home/johan/Dev/graduation_project/ros_ws/install/robot_bringup' for CMake module files
[6.012s] DEBUG:colcon.colcon_core.event_handler.log_command:Invoked command in '/home/johan/Dev/graduation_project/ros_ws/build/robot_bringup' returned '0': CMAKE_PREFIX_PATH=/opt/ros/humble /usr/bin/cmake --install /home/johan/Dev/graduation_project/ros_ws/build/robot_bringup
[6.012s] Level 1:colcon.colcon_core.environment:checking '/home/johan/Dev/graduation_project/ros_ws/install/robot_bringup' for CMake config files
[6.012s] Level 1:colcon.colcon_core.shell:create_environment_hook('robot_bringup', 'cmake_prefix_path')
[6.012s] INFO:colcon.colcon_core.shell:Creating environment hook '/home/johan/Dev/graduation_project/ros_ws/install/robot_bringup/share/robot_bringup/hook/cmake_prefix_path.ps1'
[6.013s] INFO:colcon.colcon_core.shell:Creating environment descriptor '/home/johan/Dev/graduation_project/ros_ws/install/robot_bringup/share/robot_bringup/hook/cmake_prefix_path.dsv'
[6.013s] INFO:colcon.colcon_core.shell:Creating environment hook '/home/johan/Dev/graduation_project/ros_ws/install/robot_bringup/share/robot_bringup/hook/cmake_prefix_path.sh'
[6.014s] Level 1:colcon.colcon_core.environment:checking '/home/johan/Dev/graduation_project/ros_ws/install/robot_bringup/lib'
[6.014s] Level 1:colcon.colcon_core.environment:checking '/home/johan/Dev/graduation_project/ros_ws/install/robot_bringup/bin'
[6.014s] Level 1:colcon.colcon_core.environment:checking '/home/johan/Dev/graduation_project/ros_ws/install/robot_bringup/lib/pkgconfig/robot_bringup.pc'
[6.014s] Level 1:colcon.colcon_core.environment:checking '/home/johan/Dev/graduation_project/ros_ws/install/robot_bringup/lib/python3.10/site-packages'
[6.014s] Level 1:colcon.colcon_core.environment:checking '/home/johan/Dev/graduation_project/ros_ws/install/robot_bringup/bin'
[6.014s] INFO:colcon.colcon_core.shell:Creating package script '/home/johan/Dev/graduation_project/ros_ws/install/robot_bringup/share/robot_bringup/package.ps1'
[6.015s] INFO:colcon.colcon_core.shell:Creating package descriptor '/home/johan/Dev/graduation_project/ros_ws/install/robot_bringup/share/robot_bringup/package.dsv'
[6.015s] INFO:colcon.colcon_core.shell:Creating package script '/home/johan/Dev/graduation_project/ros_ws/install/robot_bringup/share/robot_bringup/package.sh'
[6.015s] INFO:colcon.colcon_core.shell:Creating package script '/home/johan/Dev/graduation_project/ros_ws/install/robot_bringup/share/robot_bringup/package.bash'
[6.015s] INFO:colcon.colcon_core.shell:Creating package script '/home/johan/Dev/graduation_project/ros_ws/install/robot_bringup/share/robot_bringup/package.zsh'
[6.015s] Level 1:colcon.colcon_core.environment:create_file_with_runtime_dependencies(/home/johan/Dev/graduation_project/ros_ws/install/robot_bringup/share/colcon-core/packages/robot_bringup)
[6.034s] Level 1:colcon.colcon_core.environment:create_environment_scripts_only(robot_bringup)
[6.035s] Level 1:colcon.colcon_core.environment:checking '/home/johan/Dev/graduation_project/ros_ws/install/robot_bringup' for CMake module files
[6.035s] Level 1:colcon.colcon_core.environment:checking '/home/johan/Dev/graduation_project/ros_ws/install/robot_bringup' for CMake config files
[6.035s] Level 1:colcon.colcon_core.shell:create_environment_hook('robot_bringup', 'cmake_prefix_path')
[6.036s] INFO:colcon.colcon_core.shell:Creating environment hook '/home/johan/Dev/graduation_project/ros_ws/install/robot_bringup/share/robot_bringup/hook/cmake_prefix_path.ps1'
[6.036s] INFO:colcon.colcon_core.shell:Creating environment descriptor '/home/johan/Dev/graduation_project/ros_ws/install/robot_bringup/share/robot_bringup/hook/cmake_prefix_path.dsv'
[6.036s] INFO:colcon.colcon_core.shell:Creating environment hook '/home/johan/Dev/graduation_project/ros_ws/install/robot_bringup/share/robot_bringup/hook/cmake_prefix_path.sh'
[6.037s] Level 1:colcon.colcon_core.environment:checking '/home/johan/Dev/graduation_project/ros_ws/install/robot_bringup/lib'
[6.037s] Level 1:colcon.colcon_core.environment:checking '/home/johan/Dev/graduation_project/ros_ws/install/robot_bringup/bin'
[6.037s] Level 1:colcon.colcon_core.environment:checking '/home/johan/Dev/graduation_project/ros_ws/install/robot_bringup/lib/pkgconfig/robot_bringup.pc'
[6.037s] Level 1:colcon.colcon_core.environment:checking '/home/johan/Dev/graduation_project/ros_ws/install/robot_bringup/lib/python3.10/site-packages'
[6.037s] Level 1:colcon.colcon_core.environment:checking '/home/johan/Dev/graduation_project/ros_ws/install/robot_bringup/bin'
[6.038s] INFO:colcon.colcon_core.shell:Creating package script '/home/johan/Dev/graduation_project/ros_ws/install/robot_bringup/share/robot_bringup/package.ps1'
[6.038s] INFO:colcon.colcon_core.shell:Creating package descriptor '/home/johan/Dev/graduation_project/ros_ws/install/robot_bringup/share/robot_bringup/package.dsv'
[6.038s] INFO:colcon.colcon_core.shell:Creating package script '/home/johan/Dev/graduation_project/ros_ws/install/robot_bringup/share/robot_bringup/package.sh'
[6.038s] INFO:colcon.colcon_core.shell:Creating package script '/home/johan/Dev/graduation_project/ros_ws/install/robot_bringup/share/robot_bringup/package.bash'
[6.039s] INFO:colcon.colcon_core.shell:Creating package script '/home/johan/Dev/graduation_project/ros_ws/install/robot_bringup/share/robot_bringup/package.zsh'
[6.039s] Level 1:colcon.colcon_core.environment:create_file_with_runtime_dependencies(/home/johan/Dev/graduation_project/ros_ws/install/robot_bringup/share/colcon-core/packages/robot_bringup)
[6.039s] DEBUG:colcon.colcon_parallel_executor.executor.parallel:closing loop
[6.039s] DEBUG:colcon.colcon_parallel_executor.executor.parallel:loop closed
[6.039s] DEBUG:colcon.colcon_parallel_executor.executor.parallel:run_until_complete finished with '0'
[6.040s] DEBUG:colcon.colcon_core.event_reactor:joining thread
[6.043s] INFO:colcon.colcon_core.plugin_system:Skipping extension 'colcon_notification.desktop_notification.terminal_notifier': Not used on non-Darwin systems
[6.043s] INFO:colcon.colcon_core.plugin_system:Skipping extension 'colcon_notification.desktop_notification.win32': Not used on non-Windows systems
[6.044s] INFO:colcon.colcon_notification.desktop_notification:Sending desktop notification using 'notify2'
[6.056s] DEBUG:colcon.colcon_core.event_reactor:joined thread
[6.056s] INFO:colcon.colcon_core.shell:Creating prefix script '/home/johan/Dev/graduation_project/ros_ws/install/local_setup.ps1'
[6.057s] INFO:colcon.colcon_core.shell:Creating prefix util module '/home/johan/Dev/graduation_project/ros_ws/install/_local_setup_util_ps1.py'
[6.058s] INFO:colcon.colcon_core.shell:Creating prefix chain script '/home/johan/Dev/graduation_project/ros_ws/install/setup.ps1'
[6.058s] INFO:colcon.colcon_core.shell:Creating prefix script '/home/johan/Dev/graduation_project/ros_ws/install/local_setup.sh'
[6.059s] INFO:colcon.colcon_core.shell:Creating prefix util module '/home/johan/Dev/graduation_project/ros_ws/install/_local_setup_util_sh.py'
[6.059s] INFO:colcon.colcon_core.shell:Creating prefix chain script '/home/johan/Dev/graduation_project/ros_ws/install/setup.sh'
[6.060s] INFO:colcon.colcon_core.shell:Creating prefix script '/home/johan/Dev/graduation_project/ros_ws/install/local_setup.bash'
[6.060s] INFO:colcon.colcon_core.shell:Creating prefix chain script '/home/johan/Dev/graduation_project/ros_ws/install/setup.bash'
[6.060s] INFO:colcon.colcon_core.shell:Creating prefix script '/home/johan/Dev/graduation_project/ros_ws/install/local_setup.zsh'
[6.061s] INFO:colcon.colcon_core.shell:Creating prefix chain script '/home/johan/Dev/graduation_project/ros_ws/install/setup.zsh'
