[0.016s] Invoking command in '/home/johan/Dev/graduation_project/ros_ws/build/robot_description': CMAKE_PREFIX_PATH=/opt/ros/humble /usr/bin/cmake --build /home/johan/Dev/graduation_project/ros_ws/build/robot_description -- -j16 -l16
[0.204s] Invoked command in '/home/johan/Dev/graduation_project/ros_ws/build/robot_description' returned '0': CMAKE_PREFIX_PATH=/opt/ros/humble /usr/bin/cmake --build /home/johan/Dev/graduation_project/ros_ws/build/robot_description -- -j16 -l16
[0.232s] Invoking command in '/home/johan/Dev/graduation_project/ros_ws/build/robot_description': CMAKE_PREFIX_PATH=/opt/ros/humble /usr/bin/cmake --install /home/johan/Dev/graduation_project/ros_ws/build/robot_description
[0.235s] -- Install configuration: ""
[0.236s] -- Up-to-date: /home/johan/Dev/graduation_project/ros_ws/install/robot_description/share/robot_description/urdf
[0.236s] -- Up-to-date: /home/johan/Dev/graduation_project/ros_ws/install/robot_description/share/robot_description/urdf/robot.urdf
[0.236s] -- Up-to-date: /home/johan/Dev/graduation_project/ros_ws/install/robot_description/share/ament_index/resource_index/package_run_dependencies/robot_description
[0.236s] -- Up-to-date: /home/johan/Dev/graduation_project/ros_ws/install/robot_description/share/ament_index/resource_index/parent_prefix_path/robot_description
[0.236s] -- Up-to-date: /home/johan/Dev/graduation_project/ros_ws/install/robot_description/share/robot_description/environment/ament_prefix_path.sh
[0.236s] -- Up-to-date: /home/johan/Dev/graduation_project/ros_ws/install/robot_description/share/robot_description/environment/ament_prefix_path.dsv
[0.237s] -- Up-to-date: /home/johan/Dev/graduation_project/ros_ws/install/robot_description/share/robot_description/environment/path.sh
[0.237s] -- Up-to-date: /home/johan/Dev/graduation_project/ros_ws/install/robot_description/share/robot_description/environment/path.dsv
[0.237s] -- Up-to-date: /home/johan/Dev/graduation_project/ros_ws/install/robot_description/share/robot_description/local_setup.bash
[0.237s] -- Up-to-date: /home/johan/Dev/graduation_project/ros_ws/install/robot_description/share/robot_description/local_setup.sh
[0.238s] -- Up-to-date: /home/johan/Dev/graduation_project/ros_ws/install/robot_description/share/robot_description/local_setup.zsh
[0.238s] -- Up-to-date: /home/johan/Dev/graduation_project/ros_ws/install/robot_description/share/robot_description/local_setup.dsv
[0.238s] -- Installing: /home/johan/Dev/graduation_project/ros_ws/install/robot_description/share/robot_description/package.dsv
[0.238s] -- Up-to-date: /home/johan/Dev/graduation_project/ros_ws/install/robot_description/share/ament_index/resource_index/packages/robot_description
[0.238s] -- Up-to-date: /home/johan/Dev/graduation_project/ros_ws/install/robot_description/share/robot_description/cmake/robot_descriptionConfig.cmake
[0.239s] -- Up-to-date: /home/johan/Dev/graduation_project/ros_ws/install/robot_description/share/robot_description/cmake/robot_descriptionConfig-version.cmake
[0.240s] -- Up-to-date: /home/johan/Dev/graduation_project/ros_ws/install/robot_description/share/robot_description/package.xml
[0.240s] Invoked command in '/home/johan/Dev/graduation_project/ros_ws/build/robot_description' returned '0': CMAKE_PREFIX_PATH=/opt/ros/humble /usr/bin/cmake --install /home/johan/Dev/graduation_project/ros_ws/build/robot_description
