[0.018s] Invoking command in '/home/johan/Dev/graduation_project/ros_ws/build/robot_navigation2': CMAKE_PREFIX_PATH=${CMAKE_PREFIX_PATH}:/home/johan/Dev/graduation_project/ros_ws/install/ros_serail2wifi:/opt/ros/humble /usr/bin/cmake --build /home/johan/Dev/graduation_project/ros_ws/build/robot_navigation2 -- -j16 -l16
[0.234s] -- Found ament_cmake: 1.3.9 (/opt/ros/humble/share/ament_cmake/cmake)
[0.234s] -- Found rclcpp: 16.0.9 (/opt/ros/humble/share/rclcpp/cmake)
[0.234s] -- Found rosidl_generator_c: 3.1.5 (/opt/ros/humble/share/rosidl_generator_c/cmake)
[0.234s] -- Found rosidl_adapter: 3.1.5 (/opt/ros/humble/share/rosidl_adapter/cmake)
[0.235s] -- Found rosidl_generator_cpp: 3.1.5 (/opt/ros/humble/share/rosidl_generator_cpp/cmake)
[0.235s] -- Using all available rosidl_typesupport_c: rosidl_typesupport_fastrtps_c;rosidl_typesupport_introspection_c
[0.235s] -- Using all available rosidl_typesupport_cpp: rosidl_typesupport_fastrtps_cpp;rosidl_typesupport_introspection_cpp
[0.235s] -- Found rmw_implementation_cmake: 6.1.2 (/opt/ros/humble/share/rmw_implementation_cmake/cmake)
[0.236s] -- Found rmw_fastrtps_cpp: 6.2.6 (/opt/ros/humble/share/rmw_fastrtps_cpp/cmake)
[0.328s] -- Using RMW implementation 'rmw_fastrtps_cpp' as default
[0.431s] -- Found ament_lint_auto: 0.12.11 (/opt/ros/humble/share/ament_lint_auto/cmake)
[0.492s] -- Added test 'flake8' to check Python code syntax and style conventions
[0.492s] -- Added test 'lint_cmake' to check CMake code style
[0.492s] -- Added test 'pep257' to check Python code against some of the docstring style conventions in PEP 257
[0.493s] -- Added test 'xmllint' to check XML markup files
[0.493s] -- Configuring done
[0.496s] -- Generating done
[0.497s] -- Build files have been written to: /home/johan/Dev/graduation_project/ros_ws/build/robot_navigation2
[0.519s] Invoked command in '/home/johan/Dev/graduation_project/ros_ws/build/robot_navigation2' returned '0': CMAKE_PREFIX_PATH=${CMAKE_PREFIX_PATH}:/home/johan/Dev/graduation_project/ros_ws/install/ros_serail2wifi:/opt/ros/humble /usr/bin/cmake --build /home/johan/Dev/graduation_project/ros_ws/build/robot_navigation2 -- -j16 -l16
[0.540s] Invoking command in '/home/johan/Dev/graduation_project/ros_ws/build/robot_navigation2': CMAKE_PREFIX_PATH=${CMAKE_PREFIX_PATH}:/home/johan/Dev/graduation_project/ros_ws/install/ros_serail2wifi:/opt/ros/humble /usr/bin/cmake --install /home/johan/Dev/graduation_project/ros_ws/build/robot_navigation2
[0.546s] -- Install configuration: ""
[0.546s] -- Installing: /home/johan/Dev/graduation_project/ros_ws/install/robot_navigation2/share/robot_navigation2/launch
[0.546s] -- Installing: /home/johan/Dev/graduation_project/ros_ws/install/robot_navigation2/share/robot_navigation2/launch/navigation2.launch.py
[0.547s] -- Installing: /home/johan/Dev/graduation_project/ros_ws/install/robot_navigation2/share/robot_navigation2/maps
[0.547s] -- Installing: /home/johan/Dev/graduation_project/ros_ws/install/robot_navigation2/share/robot_navigation2/maps/room.yaml
[0.547s] -- Installing: /home/johan/Dev/graduation_project/ros_ws/install/robot_navigation2/share/robot_navigation2/maps/room.pgm
[0.547s] -- Installing: /home/johan/Dev/graduation_project/ros_ws/install/robot_navigation2/share/robot_navigation2/config
[0.547s] -- Installing: /home/johan/Dev/graduation_project/ros_ws/install/robot_navigation2/share/robot_navigation2/config/nav2_params.yaml
[0.547s] -- Up-to-date: /home/johan/Dev/graduation_project/ros_ws/install/robot_navigation2/share/ament_index/resource_index/package_run_dependencies/robot_navigation2
[0.547s] -- Up-to-date: /home/johan/Dev/graduation_project/ros_ws/install/robot_navigation2/share/ament_index/resource_index/parent_prefix_path/robot_navigation2
[0.547s] -- Up-to-date: /home/johan/Dev/graduation_project/ros_ws/install/robot_navigation2/share/robot_navigation2/environment/ament_prefix_path.sh
[0.547s] -- Installing: /home/johan/Dev/graduation_project/ros_ws/install/robot_navigation2/share/robot_navigation2/environment/ament_prefix_path.dsv
[0.548s] -- Up-to-date: /home/johan/Dev/graduation_project/ros_ws/install/robot_navigation2/share/robot_navigation2/environment/path.sh
[0.548s] -- Installing: /home/johan/Dev/graduation_project/ros_ws/install/robot_navigation2/share/robot_navigation2/environment/path.dsv
[0.549s] -- Up-to-date: /home/johan/Dev/graduation_project/ros_ws/install/robot_navigation2/share/robot_navigation2/local_setup.bash
[0.549s] -- Up-to-date: /home/johan/Dev/graduation_project/ros_ws/install/robot_navigation2/share/robot_navigation2/local_setup.sh
[0.549s] -- Up-to-date: /home/johan/Dev/graduation_project/ros_ws/install/robot_navigation2/share/robot_navigation2/local_setup.zsh
[0.550s] -- Installing: /home/johan/Dev/graduation_project/ros_ws/install/robot_navigation2/share/robot_navigation2/local_setup.dsv
[0.550s] -- Installing: /home/johan/Dev/graduation_project/ros_ws/install/robot_navigation2/share/robot_navigation2/package.dsv
[0.550s] -- Up-to-date: /home/johan/Dev/graduation_project/ros_ws/install/robot_navigation2/share/ament_index/resource_index/packages/robot_navigation2
[0.550s] -- Up-to-date: /home/johan/Dev/graduation_project/ros_ws/install/robot_navigation2/share/robot_navigation2/cmake/robot_navigation2Config.cmake
[0.550s] -- Up-to-date: /home/johan/Dev/graduation_project/ros_ws/install/robot_navigation2/share/robot_navigation2/cmake/robot_navigation2Config-version.cmake
[0.550s] -- Up-to-date: /home/johan/Dev/graduation_project/ros_ws/install/robot_navigation2/share/robot_navigation2/package.xml
[0.551s] Invoked command in '/home/johan/Dev/graduation_project/ros_ws/build/robot_navigation2' returned '0': CMAKE_PREFIX_PATH=${CMAKE_PREFIX_PATH}:/home/johan/Dev/graduation_project/ros_ws/install/ros_serail2wifi:/opt/ros/humble /usr/bin/cmake --install /home/johan/Dev/graduation_project/ros_ws/build/robot_navigation2
