[0.013s] Invoking command in '/home/johan/Dev/graduation_project/ros_ws/build/robot_description': CMAKE_PREFIX_PATH=/opt/ros/humble /usr/bin/cmake /home/johan/Dev/graduation_project/ros_ws/src/robot_description -DCMAKE_INSTALL_PREFIX=/home/johan/Dev/graduation_project/ros_ws/install/robot_description
[0.198s] -- The C compiler identification is GNU 11.4.0
[0.198s] -- The CXX compiler identification is GNU 11.4.0
[0.198s] -- Detecting C compiler ABI info
[0.198s] -- Detecting C compiler ABI info - done
[0.198s] -- Check for working C compiler: /usr/bin/cc - skipped
[0.198s] -- Detecting C compile features
[0.198s] -- Detecting C compile features - done
[0.198s] -- Detecting CXX compiler ABI info
[0.212s] -- Detecting CXX compiler ABI info - done
[0.221s] -- Check for working CXX compiler: /usr/bin/c++ - skipped
[0.221s] -- Detecting CXX compile features
[0.222s] -- Detecting CXX compile features - done
[0.225s] -- Found ament_cmake: 1.3.9 (/opt/ros/humble/share/ament_cmake/cmake)
[0.348s] -- Found Python3: /usr/bin/python3 (found version "3.10.12") found components: Interpreter 
[0.408s] -- Found rclcpp: 16.0.9 (/opt/ros/humble/share/rclcpp/cmake)
[0.443s] -- Found rosidl_generator_c: 3.1.5 (/opt/ros/humble/share/rosidl_generator_c/cmake)
[0.446s] -- Found rosidl_adapter: 3.1.5 (/opt/ros/humble/share/rosidl_adapter/cmake)
[0.451s] -- Found rosidl_generator_cpp: 3.1.5 (/opt/ros/humble/share/rosidl_generator_cpp/cmake)
[0.463s] -- Using all available rosidl_typesupport_c: rosidl_typesupport_fastrtps_c;rosidl_typesupport_introspection_c
[0.477s] -- Using all available rosidl_typesupport_cpp: rosidl_typesupport_fastrtps_cpp;rosidl_typesupport_introspection_cpp
[0.530s] -- Found rmw_implementation_cmake: 6.1.2 (/opt/ros/humble/share/rmw_implementation_cmake/cmake)
[0.532s] -- Found rmw_fastrtps_cpp: 6.2.6 (/opt/ros/humble/share/rmw_fastrtps_cpp/cmake)
[0.598s] -- Found OpenSSL: /usr/lib/x86_64-linux-gnu/libcrypto.so (found version "3.0.2")  
[0.618s] -- Found FastRTPS: /opt/ros/humble/include  
[0.655s] -- Using RMW implementation 'rmw_fastrtps_cpp' as default
[0.662s] -- Looking for pthread.h
[0.712s] -- Looking for pthread.h - found
[0.712s] -- Performing Test CMAKE_HAVE_LIBC_PTHREAD
[0.761s] -- Performing Test CMAKE_HAVE_LIBC_PTHREAD - Success
[0.762s] -- Found Threads: TRUE  
[0.870s] -- Found ament_lint_auto: 0.12.11 (/opt/ros/humble/share/ament_lint_auto/cmake)
[0.926s] -- Added test 'flake8' to check Python code syntax and style conventions
[0.926s] -- Added test 'lint_cmake' to check CMake code style
[0.926s] -- Added test 'pep257' to check Python code against some of the docstring style conventions in PEP 257
[0.927s] -- Added test 'xmllint' to check XML markup files
[0.928s] -- Configuring done
[0.930s] -- Generating done
[0.931s] -- Build files have been written to: /home/johan/Dev/graduation_project/ros_ws/build/robot_description
[0.939s] Invoked command in '/home/johan/Dev/graduation_project/ros_ws/build/robot_description' returned '0': CMAKE_PREFIX_PATH=/opt/ros/humble /usr/bin/cmake /home/johan/Dev/graduation_project/ros_ws/src/robot_description -DCMAKE_INSTALL_PREFIX=/home/johan/Dev/graduation_project/ros_ws/install/robot_description
[0.939s] Invoking command in '/home/johan/Dev/graduation_project/ros_ws/build/robot_description': CMAKE_PREFIX_PATH=/opt/ros/humble /usr/bin/cmake --build /home/johan/Dev/graduation_project/ros_ws/build/robot_description -- -j16 -l16
[0.965s] Invoked command in '/home/johan/Dev/graduation_project/ros_ws/build/robot_description' returned '0': CMAKE_PREFIX_PATH=/opt/ros/humble /usr/bin/cmake --build /home/johan/Dev/graduation_project/ros_ws/build/robot_description -- -j16 -l16
[0.982s] Invoking command in '/home/johan/Dev/graduation_project/ros_ws/build/robot_description': CMAKE_PREFIX_PATH=/opt/ros/humble /usr/bin/cmake --install /home/johan/Dev/graduation_project/ros_ws/build/robot_description
[0.988s] -- Install configuration: ""
[0.988s] -- Installing: /home/johan/Dev/graduation_project/ros_ws/install/robot_description/share/robot_description/urdf
[0.988s] -- Installing: /home/johan/Dev/graduation_project/ros_ws/install/robot_description/share/robot_description/urdf/robot.urdf
[0.988s] -- Installing: /home/johan/Dev/graduation_project/ros_ws/install/robot_description/share/robot_description/launch
[0.988s] -- Installing: /home/johan/Dev/graduation_project/ros_ws/install/robot_description/share/robot_description/launch/urdf2tf.launch.py
[0.988s] -- Installing: /home/johan/Dev/graduation_project/ros_ws/install/robot_description/share/ament_index/resource_index/package_run_dependencies/robot_description
[0.988s] -- Installing: /home/johan/Dev/graduation_project/ros_ws/install/robot_description/share/ament_index/resource_index/parent_prefix_path/robot_description
[0.989s] -- Installing: /home/johan/Dev/graduation_project/ros_ws/install/robot_description/share/robot_description/environment/ament_prefix_path.sh
[0.989s] -- Installing: /home/johan/Dev/graduation_project/ros_ws/install/robot_description/share/robot_description/environment/ament_prefix_path.dsv
[0.989s] -- Installing: /home/johan/Dev/graduation_project/ros_ws/install/robot_description/share/robot_description/environment/path.sh
[0.989s] -- Installing: /home/johan/Dev/graduation_project/ros_ws/install/robot_description/share/robot_description/environment/path.dsv
[0.989s] -- Installing: /home/johan/Dev/graduation_project/ros_ws/install/robot_description/share/robot_description/local_setup.bash
[0.989s] -- Installing: /home/johan/Dev/graduation_project/ros_ws/install/robot_description/share/robot_description/local_setup.sh
[0.989s] -- Installing: /home/johan/Dev/graduation_project/ros_ws/install/robot_description/share/robot_description/local_setup.zsh
[0.989s] -- Installing: /home/johan/Dev/graduation_project/ros_ws/install/robot_description/share/robot_description/local_setup.dsv
[0.989s] -- Installing: /home/johan/Dev/graduation_project/ros_ws/install/robot_description/share/robot_description/package.dsv
[0.990s] -- Installing: /home/johan/Dev/graduation_project/ros_ws/install/robot_description/share/ament_index/resource_index/packages/robot_description
[0.990s] -- Installing: /home/johan/Dev/graduation_project/ros_ws/install/robot_description/share/robot_description/cmake/robot_descriptionConfig.cmake
[0.991s] -- Installing: /home/johan/Dev/graduation_project/ros_ws/install/robot_description/share/robot_description/cmake/robot_descriptionConfig-version.cmake
[0.991s] -- Installing: /home/johan/Dev/graduation_project/ros_ws/install/robot_description/share/robot_description/package.xml
[0.991s] Invoked command in '/home/johan/Dev/graduation_project/ros_ws/build/robot_description' returned '0': CMAKE_PREFIX_PATH=/opt/ros/humble /usr/bin/cmake --install /home/johan/Dev/graduation_project/ros_ws/build/robot_description
