[0.498s] Invoking command in '/home/johan/Dev/graduation_project/ros_ws/src/ros_serial2wifi': PYTHONPATH=/home/johan/Dev/graduation_project/ros_ws/build/ros_serail2wifi/prefix_override:/usr/lib/python3/dist-packages/colcon_core/task/python/colcon_distutils_commands:/home/johan/Dev/graduation_project/ros_ws/install/ros_serail2wifi/lib/python3.10/site-packages:${PYTHONPATH} /usr/bin/python3 -W ignore:setup.py install is deprecated setup.py egg_info --egg-base ../../build/ros_serail2wifi build --build-base /home/johan/Dev/graduation_project/ros_ws/build/ros_serail2wifi/build install --record /home/johan/Dev/graduation_project/ros_ws/build/ros_serail2wifi/install.log --single-version-externally-managed install_data
[0.675s] running egg_info
[0.675s] writing ../../build/ros_serail2wifi/ros_serail2wifi.egg-info/PKG-INFO
[0.675s] writing dependency_links to ../../build/ros_serail2wifi/ros_serail2wifi.egg-info/dependency_links.txt
[0.676s] writing entry points to ../../build/ros_serail2wifi/ros_serail2wifi.egg-info/entry_points.txt
[0.676s] writing requirements to ../../build/ros_serail2wifi/ros_serail2wifi.egg-info/requires.txt
[0.676s] writing top-level names to ../../build/ros_serail2wifi/ros_serail2wifi.egg-info/top_level.txt
[0.678s] reading manifest file '../../build/ros_serail2wifi/ros_serail2wifi.egg-info/SOURCES.txt'
[0.679s] writing manifest file '../../build/ros_serail2wifi/ros_serail2wifi.egg-info/SOURCES.txt'
[0.679s] running build
[0.679s] running build_py
[0.679s] running install
[0.679s] running install_lib
[0.681s] running install_data
[0.681s] running install_egg_info
[0.683s] removing '/home/johan/Dev/graduation_project/ros_ws/install/ros_serail2wifi/lib/python3.10/site-packages/ros_serail2wifi-0.0.0-py3.10.egg-info' (and everything under it)
[0.683s] Copying ../../build/ros_serail2wifi/ros_serail2wifi.egg-info to /home/johan/Dev/graduation_project/ros_ws/install/ros_serail2wifi/lib/python3.10/site-packages/ros_serail2wifi-0.0.0-py3.10.egg-info
[0.684s] running install_scripts
[0.708s] Installing tcp_server script to /home/johan/Dev/graduation_project/ros_ws/install/ros_serail2wifi/lib/ros_serail2wifi
[0.708s] writing list of installed files to '/home/johan/Dev/graduation_project/ros_ws/build/ros_serail2wifi/install.log'
[0.732s] Invoked command in '/home/johan/Dev/graduation_project/ros_ws/src/ros_serial2wifi' returned '0': PYTHONPATH=/home/johan/Dev/graduation_project/ros_ws/build/ros_serail2wifi/prefix_override:/usr/lib/python3/dist-packages/colcon_core/task/python/colcon_distutils_commands:/home/johan/Dev/graduation_project/ros_ws/install/ros_serail2wifi/lib/python3.10/site-packages:${PYTHONPATH} /usr/bin/python3 -W ignore:setup.py install is deprecated setup.py egg_info --egg-base ../../build/ros_serail2wifi build --build-base /home/johan/Dev/graduation_project/ros_ws/build/ros_serail2wifi/build install --record /home/johan/Dev/graduation_project/ros_ws/build/ros_serail2wifi/install.log --single-version-externally-managed install_data
