[0.017s] Invoking command in '/home/johan/Dev/graduation_project/ros_ws/build/robot_description': CMAKE_PREFIX_PATH=${CMAKE_PREFIX_PATH}:/home/johan/Dev/graduation_project/ros_ws/install/ros_serail2wifi:/opt/ros/humble /usr/bin/cmake --build /home/johan/Dev/graduation_project/ros_ws/build/robot_description -- -j16 -l16
[0.202s] Invoked command in '/home/johan/Dev/graduation_project/ros_ws/build/robot_description' returned '0': CMAKE_PREFIX_PATH=${CMAKE_PREFIX_PATH}:/home/johan/Dev/graduation_project/ros_ws/install/ros_serail2wifi:/opt/ros/humble /usr/bin/cmake --build /home/johan/Dev/graduation_project/ros_ws/build/robot_description -- -j16 -l16
[0.219s] Invoking command in '/home/johan/Dev/graduation_project/ros_ws/build/robot_description': CMAKE_PREFIX_PATH=${CMAKE_PREFIX_PATH}:/home/johan/Dev/graduation_project/ros_ws/install/ros_serail2wifi:/opt/ros/humble /usr/bin/cmake --install /home/johan/Dev/graduation_project/ros_ws/build/robot_description
[0.225s] -- Install configuration: ""
[0.225s] -- Up-to-date: /home/johan/Dev/graduation_project/ros_ws/install/robot_description/share/robot_description/urdf
[0.225s] -- Up-to-date: /home/johan/Dev/graduation_project/ros_ws/install/robot_description/share/robot_description/urdf/robot.urdf
[0.225s] -- Up-to-date: /home/johan/Dev/graduation_project/ros_ws/install/robot_description/share/ament_index/resource_index/package_run_dependencies/robot_description
[0.225s] -- Up-to-date: /home/johan/Dev/graduation_project/ros_ws/install/robot_description/share/ament_index/resource_index/parent_prefix_path/robot_description
[0.225s] -- Up-to-date: /home/johan/Dev/graduation_project/ros_ws/install/robot_description/share/robot_description/environment/ament_prefix_path.sh
[0.225s] -- Up-to-date: /home/johan/Dev/graduation_project/ros_ws/install/robot_description/share/robot_description/environment/ament_prefix_path.dsv
[0.225s] -- Up-to-date: /home/johan/Dev/graduation_project/ros_ws/install/robot_description/share/robot_description/environment/path.sh
[0.225s] -- Up-to-date: /home/johan/Dev/graduation_project/ros_ws/install/robot_description/share/robot_description/environment/path.dsv
[0.225s] -- Up-to-date: /home/johan/Dev/graduation_project/ros_ws/install/robot_description/share/robot_description/local_setup.bash
[0.226s] -- Up-to-date: /home/johan/Dev/graduation_project/ros_ws/install/robot_description/share/robot_description/local_setup.sh
[0.226s] -- Up-to-date: /home/johan/Dev/graduation_project/ros_ws/install/robot_description/share/robot_description/local_setup.zsh
[0.226s] -- Up-to-date: /home/johan/Dev/graduation_project/ros_ws/install/robot_description/share/robot_description/local_setup.dsv
[0.227s] -- Installing: /home/johan/Dev/graduation_project/ros_ws/install/robot_description/share/robot_description/package.dsv
[0.227s] -- Up-to-date: /home/johan/Dev/graduation_project/ros_ws/install/robot_description/share/ament_index/resource_index/packages/robot_description
[0.227s] -- Up-to-date: /home/johan/Dev/graduation_project/ros_ws/install/robot_description/share/robot_description/cmake/robot_descriptionConfig.cmake
[0.227s] -- Up-to-date: /home/johan/Dev/graduation_project/ros_ws/install/robot_description/share/robot_description/cmake/robot_descriptionConfig-version.cmake
[0.227s] -- Up-to-date: /home/johan/Dev/graduation_project/ros_ws/install/robot_description/share/robot_description/package.xml
[0.228s] Invoked command in '/home/johan/Dev/graduation_project/ros_ws/build/robot_description' returned '0': CMAKE_PREFIX_PATH=${CMAKE_PREFIX_PATH}:/home/johan/Dev/graduation_project/ros_ws/install/ros_serail2wifi:/opt/ros/humble /usr/bin/cmake --install /home/johan/Dev/graduation_project/ros_ws/build/robot_description
