[0.020s] Invoking command in '/home/johan/Dev/graduation_project/ros_ws/build/robot_navigation2': CMAKE_PREFIX_PATH=${CMAKE_PREFIX_PATH}:/home/johan/Dev/graduation_project/ros_ws/install/ros_serail2wifi:/opt/ros/humble /usr/bin/cmake /home/johan/Dev/graduation_project/ros_ws/src/robot_navigation2 -DCMAKE_INSTALL_PREFIX=/home/johan/Dev/graduation_project/ros_ws/install/robot_navigation2
[0.212s] -- The C compiler identification is GNU 11.4.0
[0.213s] -- The CXX compiler identification is GNU 11.4.0
[0.213s] -- Detecting C compiler ABI info
[0.213s] -- Detecting C compiler ABI info - done
[0.214s] -- Check for working C compiler: /usr/bin/cc - skipped
[0.214s] -- Detecting C compile features
[0.215s] -- Detecting C compile features - done
[0.215s] -- Detecting CXX compiler ABI info
[0.239s] -- Detecting CXX compiler ABI info - done
[0.250s] -- Check for working CXX compiler: /usr/bin/c++ - skipped
[0.251s] -- Detecting CXX compile features
[0.251s] -- Detecting CXX compile features - done
[0.252s] -- Found ament_cmake: 1.3.9 (/opt/ros/humble/share/ament_cmake/cmake)
[0.363s] -- Found Python3: /usr/bin/python3 (found version "3.10.12") found components: Interpreter 
[0.429s] -- Found rclcpp: 16.0.9 (/opt/ros/humble/share/rclcpp/cmake)
[0.466s] -- Found rosidl_generator_c: 3.1.5 (/opt/ros/humble/share/rosidl_generator_c/cmake)
[0.470s] -- Found rosidl_adapter: 3.1.5 (/opt/ros/humble/share/rosidl_adapter/cmake)
[0.477s] -- Found rosidl_generator_cpp: 3.1.5 (/opt/ros/humble/share/rosidl_generator_cpp/cmake)
[0.487s] -- Using all available rosidl_typesupport_c: rosidl_typesupport_fastrtps_c;rosidl_typesupport_introspection_c
[0.502s] -- Using all available rosidl_typesupport_cpp: rosidl_typesupport_fastrtps_cpp;rosidl_typesupport_introspection_cpp
[0.554s] -- Found rmw_implementation_cmake: 6.1.2 (/opt/ros/humble/share/rmw_implementation_cmake/cmake)
[0.556s] -- Found rmw_fastrtps_cpp: 6.2.6 (/opt/ros/humble/share/rmw_fastrtps_cpp/cmake)
[0.632s] -- Found OpenSSL: /usr/lib/x86_64-linux-gnu/libcrypto.so (found version "3.0.2")  
[0.655s] -- Found FastRTPS: /opt/ros/humble/include  
[0.690s] -- Using RMW implementation 'rmw_fastrtps_cpp' as default
[0.697s] -- Looking for pthread.h
[0.747s] -- Looking for pthread.h - found
[0.748s] -- Performing Test CMAKE_HAVE_LIBC_PTHREAD
[0.802s] -- Performing Test CMAKE_HAVE_LIBC_PTHREAD - Success
[0.803s] -- Found Threads: TRUE  
[0.916s] -- Found ament_lint_auto: 0.12.11 (/opt/ros/humble/share/ament_lint_auto/cmake)
[0.974s] -- Added test 'flake8' to check Python code syntax and style conventions
[0.975s] -- Added test 'lint_cmake' to check CMake code style
[0.975s] -- Added test 'pep257' to check Python code against some of the docstring style conventions in PEP 257
[0.976s] -- Added test 'xmllint' to check XML markup files
[0.976s] -- Configuring done
[0.984s] -- Generating done
[0.985s] -- Build files have been written to: /home/johan/Dev/graduation_project/ros_ws/build/robot_navigation2
[0.993s] Invoked command in '/home/johan/Dev/graduation_project/ros_ws/build/robot_navigation2' returned '0': CMAKE_PREFIX_PATH=${CMAKE_PREFIX_PATH}:/home/johan/Dev/graduation_project/ros_ws/install/ros_serail2wifi:/opt/ros/humble /usr/bin/cmake /home/johan/Dev/graduation_project/ros_ws/src/robot_navigation2 -DCMAKE_INSTALL_PREFIX=/home/johan/Dev/graduation_project/ros_ws/install/robot_navigation2
[0.994s] Invoking command in '/home/johan/Dev/graduation_project/ros_ws/build/robot_navigation2': CMAKE_PREFIX_PATH=${CMAKE_PREFIX_PATH}:/home/johan/Dev/graduation_project/ros_ws/install/ros_serail2wifi:/opt/ros/humble /usr/bin/cmake --build /home/johan/Dev/graduation_project/ros_ws/build/robot_navigation2 -- -j16 -l16
[1.027s] Invoked command in '/home/johan/Dev/graduation_project/ros_ws/build/robot_navigation2' returned '0': CMAKE_PREFIX_PATH=${CMAKE_PREFIX_PATH}:/home/johan/Dev/graduation_project/ros_ws/install/ros_serail2wifi:/opt/ros/humble /usr/bin/cmake --build /home/johan/Dev/graduation_project/ros_ws/build/robot_navigation2 -- -j16 -l16
[1.046s] Invoking command in '/home/johan/Dev/graduation_project/ros_ws/build/robot_navigation2': CMAKE_PREFIX_PATH=${CMAKE_PREFIX_PATH}:/home/johan/Dev/graduation_project/ros_ws/install/ros_serail2wifi:/opt/ros/humble /usr/bin/cmake --install /home/johan/Dev/graduation_project/ros_ws/build/robot_navigation2
[1.052s] -- Install configuration: ""
[1.052s] -- Installing: /home/johan/Dev/graduation_project/ros_ws/install/robot_navigation2/share/ament_index/resource_index/package_run_dependencies/robot_navigation2
[1.052s] -- Installing: /home/johan/Dev/graduation_project/ros_ws/install/robot_navigation2/share/ament_index/resource_index/parent_prefix_path/robot_navigation2
[1.052s] -- Installing: /home/johan/Dev/graduation_project/ros_ws/install/robot_navigation2/share/robot_navigation2/environment/ament_prefix_path.sh
[1.052s] -- Installing: /home/johan/Dev/graduation_project/ros_ws/install/robot_navigation2/share/robot_navigation2/environment/ament_prefix_path.dsv
[1.053s] -- Installing: /home/johan/Dev/graduation_project/ros_ws/install/robot_navigation2/share/robot_navigation2/environment/path.sh
[1.053s] -- Installing: /home/johan/Dev/graduation_project/ros_ws/install/robot_navigation2/share/robot_navigation2/environment/path.dsv
[1.053s] -- Installing: /home/johan/Dev/graduation_project/ros_ws/install/robot_navigation2/share/robot_navigation2/local_setup.bash
[1.053s] -- Installing: /home/johan/Dev/graduation_project/ros_ws/install/robot_navigation2/share/robot_navigation2/local_setup.sh
[1.053s] -- Installing: /home/johan/Dev/graduation_project/ros_ws/install/robot_navigation2/share/robot_navigation2/local_setup.zsh
[1.053s] -- Installing: /home/johan/Dev/graduation_project/ros_ws/install/robot_navigation2/share/robot_navigation2/local_setup.dsv
[1.053s] -- Installing: /home/johan/Dev/graduation_project/ros_ws/install/robot_navigation2/share/robot_navigation2/package.dsv
[1.053s] -- Installing: /home/johan/Dev/graduation_project/ros_ws/install/robot_navigation2/share/ament_index/resource_index/packages/robot_navigation2
[1.053s] -- Installing: /home/johan/Dev/graduation_project/ros_ws/install/robot_navigation2/share/robot_navigation2/cmake/robot_navigation2Config.cmake
[1.053s] -- Installing: /home/johan/Dev/graduation_project/ros_ws/install/robot_navigation2/share/robot_navigation2/cmake/robot_navigation2Config-version.cmake
[1.053s] -- Installing: /home/johan/Dev/graduation_project/ros_ws/install/robot_navigation2/share/robot_navigation2/package.xml
[1.055s] Invoked command in '/home/johan/Dev/graduation_project/ros_ws/build/robot_navigation2' returned '0': CMAKE_PREFIX_PATH=${CMAKE_PREFIX_PATH}:/home/johan/Dev/graduation_project/ros_ws/install/ros_serail2wifi:/opt/ros/humble /usr/bin/cmake --install /home/johan/Dev/graduation_project/ros_ws/build/robot_navigation2
