[0.069s] DEBUG:colcon:Command line arguments: ['/usr/bin/colcon', 'build']
[0.069s] DEBUG:colcon:Parsed command line arguments: Namespace(log_base=None, log_level=None, verb_name='build', build_base='build', install_base='install', merge_install=False, symlink_install=False, test_result_base=None, continue_on_error=False, executor='parallel', parallel_workers=16, event_handlers=None, ignore_user_meta=False, metas=['./colcon.meta'], base_paths=['.'], packages_ignore=None, packages_ignore_regex=None, paths=None, packages_up_to=None, packages_up_to_regex=None, packages_above=None, packages_above_and_dependencies=None, packages_above_depth=None, packages_select_by_dep=None, packages_skip_by_dep=None, packages_skip_up_to=None, packages_select_build_failed=False, packages_skip_build_finished=False, packages_select_test_failures=False, packages_skip_test_passed=False, packages_select=None, packages_skip=None, packages_select_regex=None, packages_skip_regex=None, packages_start=None, packages_end=None, allow_overriding=[], cmake_args=None, cmake_target=None, cmake_target_skip_unavailable=False, cmake_clean_cache=False, cmake_clean_first=False, cmake_force_configure=False, ament_cmake_args=None, catkin_cmake_args=None, catkin_skip_building_tests=False, mixin_files=None, mixin=None, verb_parser=<colcon_mixin.mixin.mixin_argument.MixinArgumentDecorator object at 0x72bfb755fe80>, verb_extension=<colcon_core.verb.build.BuildVerb object at 0x72bfb755fa60>, main=<bound method BuildVerb.main of <colcon_core.verb.build.BuildVerb object at 0x72bfb755fa60>>, mixin_verb=('build',))
[0.174s] Level 1:colcon.colcon_core.package_discovery:discover_packages(colcon_meta) check parameters
[0.174s] Level 1:colcon.colcon_core.package_discovery:discover_packages(recursive) check parameters
[0.174s] Level 1:colcon.colcon_core.package_discovery:discover_packages(ignore) check parameters
[0.174s] Level 1:colcon.colcon_core.package_discovery:discover_packages(path) check parameters
[0.174s] Level 1:colcon.colcon_core.package_discovery:discover_packages(colcon_meta) discover
[0.174s] Level 1:colcon.colcon_core.package_discovery:discover_packages(recursive) discover
[0.174s] INFO:colcon.colcon_core.package_discovery:Crawling recursively for packages in '/home/johan/Dev/graduation_project/ros_ws'
[0.174s] Level 1:colcon.colcon_core.package_identification:_identify(.) by extensions ['ignore', 'ignore_ament_install']
[0.174s] Level 1:colcon.colcon_core.package_identification:_identify(.) by extension 'ignore'
[0.174s] Level 1:colcon.colcon_core.package_identification:_identify(.) by extension 'ignore_ament_install'
[0.174s] Level 1:colcon.colcon_core.package_identification:_identify(.) by extensions ['colcon_pkg']
[0.174s] Level 1:colcon.colcon_core.package_identification:_identify(.) by extension 'colcon_pkg'
[0.174s] Level 1:colcon.colcon_core.package_identification:_identify(.) by extensions ['colcon_meta']
[0.174s] Level 1:colcon.colcon_core.package_identification:_identify(.) by extension 'colcon_meta'
[0.174s] Level 1:colcon.colcon_core.package_identification:_identify(.) by extensions ['ros']
[0.174s] Level 1:colcon.colcon_core.package_identification:_identify(.) by extension 'ros'
[0.181s] Level 1:colcon.colcon_core.package_identification:_identify(.) by extensions ['cmake', 'python']
[0.181s] Level 1:colcon.colcon_core.package_identification:_identify(.) by extension 'cmake'
[0.181s] Level 1:colcon.colcon_core.package_identification:_identify(.) by extension 'python'
[0.181s] Level 1:colcon.colcon_core.package_identification:_identify(.) by extensions ['python_setup_py']
[0.181s] Level 1:colcon.colcon_core.package_identification:_identify(.) by extension 'python_setup_py'
[0.182s] Level 1:colcon.colcon_core.package_identification:_identify(build) by extensions ['ignore', 'ignore_ament_install']
[0.182s] Level 1:colcon.colcon_core.package_identification:_identify(build) by extension 'ignore'
[0.182s] Level 1:colcon.colcon_core.package_identification:_identify(build) ignored
[0.182s] Level 1:colcon.colcon_core.package_identification:_identify(img) by extensions ['ignore', 'ignore_ament_install']
[0.182s] Level 1:colcon.colcon_core.package_identification:_identify(img) by extension 'ignore'
[0.182s] Level 1:colcon.colcon_core.package_identification:_identify(img) by extension 'ignore_ament_install'
[0.182s] Level 1:colcon.colcon_core.package_identification:_identify(img) by extensions ['colcon_pkg']
[0.182s] Level 1:colcon.colcon_core.package_identification:_identify(img) by extension 'colcon_pkg'
[0.182s] Level 1:colcon.colcon_core.package_identification:_identify(img) by extensions ['colcon_meta']
[0.182s] Level 1:colcon.colcon_core.package_identification:_identify(img) by extension 'colcon_meta'
[0.182s] Level 1:colcon.colcon_core.package_identification:_identify(img) by extensions ['ros']
[0.182s] Level 1:colcon.colcon_core.package_identification:_identify(img) by extension 'ros'
[0.182s] Level 1:colcon.colcon_core.package_identification:_identify(img) by extensions ['cmake', 'python']
[0.182s] Level 1:colcon.colcon_core.package_identification:_identify(img) by extension 'cmake'
[0.182s] Level 1:colcon.colcon_core.package_identification:_identify(img) by extension 'python'
[0.182s] Level 1:colcon.colcon_core.package_identification:_identify(img) by extensions ['python_setup_py']
[0.182s] Level 1:colcon.colcon_core.package_identification:_identify(img) by extension 'python_setup_py'
[0.182s] Level 1:colcon.colcon_core.package_identification:_identify(install) by extensions ['ignore', 'ignore_ament_install']
[0.182s] Level 1:colcon.colcon_core.package_identification:_identify(install) by extension 'ignore'
[0.182s] Level 1:colcon.colcon_core.package_identification:_identify(install) ignored
[0.182s] Level 1:colcon.colcon_core.package_identification:_identify(log) by extensions ['ignore', 'ignore_ament_install']
[0.182s] Level 1:colcon.colcon_core.package_identification:_identify(log) by extension 'ignore'
[0.182s] Level 1:colcon.colcon_core.package_identification:_identify(log) ignored
[0.182s] Level 1:colcon.colcon_core.package_identification:_identify(src) by extensions ['ignore', 'ignore_ament_install']
[0.182s] Level 1:colcon.colcon_core.package_identification:_identify(src) by extension 'ignore'
[0.182s] Level 1:colcon.colcon_core.package_identification:_identify(src) by extension 'ignore_ament_install'
[0.182s] Level 1:colcon.colcon_core.package_identification:_identify(src) by extensions ['colcon_pkg']
[0.182s] Level 1:colcon.colcon_core.package_identification:_identify(src) by extension 'colcon_pkg'
[0.182s] Level 1:colcon.colcon_core.package_identification:_identify(src) by extensions ['colcon_meta']
[0.182s] Level 1:colcon.colcon_core.package_identification:_identify(src) by extension 'colcon_meta'
[0.182s] Level 1:colcon.colcon_core.package_identification:_identify(src) by extensions ['ros']
[0.182s] Level 1:colcon.colcon_core.package_identification:_identify(src) by extension 'ros'
[0.182s] Level 1:colcon.colcon_core.package_identification:_identify(src) by extensions ['cmake', 'python']
[0.182s] Level 1:colcon.colcon_core.package_identification:_identify(src) by extension 'cmake'
[0.183s] Level 1:colcon.colcon_core.package_identification:_identify(src) by extension 'python'
[0.183s] Level 1:colcon.colcon_core.package_identification:_identify(src) by extensions ['python_setup_py']
[0.183s] Level 1:colcon.colcon_core.package_identification:_identify(src) by extension 'python_setup_py'
[0.183s] Level 1:colcon.colcon_core.package_identification:_identify(src/micro-ROS-Agent) by extensions ['ignore', 'ignore_ament_install']
[0.183s] Level 1:colcon.colcon_core.package_identification:_identify(src/micro-ROS-Agent) by extension 'ignore'
[0.183s] Level 1:colcon.colcon_core.package_identification:_identify(src/micro-ROS-Agent) by extension 'ignore_ament_install'
[0.183s] Level 1:colcon.colcon_core.package_identification:_identify(src/micro-ROS-Agent) by extensions ['colcon_pkg']
[0.183s] Level 1:colcon.colcon_core.package_identification:_identify(src/micro-ROS-Agent) by extension 'colcon_pkg'
[0.183s] Level 1:colcon.colcon_core.package_identification:_identify(src/micro-ROS-Agent) by extensions ['colcon_meta']
[0.183s] Level 1:colcon.colcon_core.package_identification:_identify(src/micro-ROS-Agent) by extension 'colcon_meta'
[0.183s] Level 1:colcon.colcon_core.package_identification:_identify(src/micro-ROS-Agent) by extensions ['ros']
[0.183s] Level 1:colcon.colcon_core.package_identification:_identify(src/micro-ROS-Agent) by extension 'ros'
[0.183s] Level 1:colcon.colcon_core.package_identification:_identify(src/micro-ROS-Agent) by extensions ['cmake', 'python']
[0.183s] Level 1:colcon.colcon_core.package_identification:_identify(src/micro-ROS-Agent) by extension 'cmake'
[0.183s] Level 1:colcon.colcon_core.package_identification:_identify(src/micro-ROS-Agent) by extension 'python'
[0.183s] Level 1:colcon.colcon_core.package_identification:_identify(src/micro-ROS-Agent) by extensions ['python_setup_py']
[0.183s] Level 1:colcon.colcon_core.package_identification:_identify(src/micro-ROS-Agent) by extension 'python_setup_py'
[0.183s] Level 1:colcon.colcon_core.package_identification:_identify(src/micro-ROS-Agent/micro_ros_agent) by extensions ['ignore', 'ignore_ament_install']
[0.183s] Level 1:colcon.colcon_core.package_identification:_identify(src/micro-ROS-Agent/micro_ros_agent) by extension 'ignore'
[0.183s] Level 1:colcon.colcon_core.package_identification:_identify(src/micro-ROS-Agent/micro_ros_agent) by extension 'ignore_ament_install'
[0.183s] Level 1:colcon.colcon_core.package_identification:_identify(src/micro-ROS-Agent/micro_ros_agent) by extensions ['colcon_pkg']
[0.183s] Level 1:colcon.colcon_core.package_identification:_identify(src/micro-ROS-Agent/micro_ros_agent) by extension 'colcon_pkg'
[0.183s] Level 1:colcon.colcon_core.package_identification:_identify(src/micro-ROS-Agent/micro_ros_agent) by extensions ['colcon_meta']
[0.183s] Level 1:colcon.colcon_core.package_identification:_identify(src/micro-ROS-Agent/micro_ros_agent) by extension 'colcon_meta'
[0.183s] Level 1:colcon.colcon_core.package_identification:_identify(src/micro-ROS-Agent/micro_ros_agent) by extensions ['ros']
[0.183s] Level 1:colcon.colcon_core.package_identification:_identify(src/micro-ROS-Agent/micro_ros_agent) by extension 'ros'
[0.185s] DEBUG:colcon.colcon_core.package_identification:Package 'src/micro-ROS-Agent/micro_ros_agent' with type 'ros.ament_cmake' and name 'micro_ros_agent'
[0.185s] Level 1:colcon.colcon_core.package_identification:_identify(src/micro-ROS-Agent/snap) by extensions ['ignore', 'ignore_ament_install']
[0.185s] Level 1:colcon.colcon_core.package_identification:_identify(src/micro-ROS-Agent/snap) by extension 'ignore'
[0.185s] Level 1:colcon.colcon_core.package_identification:_identify(src/micro-ROS-Agent/snap) by extension 'ignore_ament_install'
[0.185s] Level 1:colcon.colcon_core.package_identification:_identify(src/micro-ROS-Agent/snap) by extensions ['colcon_pkg']
[0.185s] Level 1:colcon.colcon_core.package_identification:_identify(src/micro-ROS-Agent/snap) by extension 'colcon_pkg'
[0.185s] Level 1:colcon.colcon_core.package_identification:_identify(src/micro-ROS-Agent/snap) by extensions ['colcon_meta']
[0.185s] Level 1:colcon.colcon_core.package_identification:_identify(src/micro-ROS-Agent/snap) by extension 'colcon_meta'
[0.185s] Level 1:colcon.colcon_core.package_identification:_identify(src/micro-ROS-Agent/snap) by extensions ['ros']
[0.185s] Level 1:colcon.colcon_core.package_identification:_identify(src/micro-ROS-Agent/snap) by extension 'ros'
[0.185s] Level 1:colcon.colcon_core.package_identification:_identify(src/micro-ROS-Agent/snap) by extensions ['cmake', 'python']
[0.185s] Level 1:colcon.colcon_core.package_identification:_identify(src/micro-ROS-Agent/snap) by extension 'cmake'
[0.185s] Level 1:colcon.colcon_core.package_identification:_identify(src/micro-ROS-Agent/snap) by extension 'python'
[0.185s] Level 1:colcon.colcon_core.package_identification:_identify(src/micro-ROS-Agent/snap) by extensions ['python_setup_py']
[0.185s] Level 1:colcon.colcon_core.package_identification:_identify(src/micro-ROS-Agent/snap) by extension 'python_setup_py'
[0.185s] Level 1:colcon.colcon_core.package_identification:_identify(src/micro-ROS-Agent/snap/hooks) by extensions ['ignore', 'ignore_ament_install']
[0.185s] Level 1:colcon.colcon_core.package_identification:_identify(src/micro-ROS-Agent/snap/hooks) by extension 'ignore'
[0.185s] Level 1:colcon.colcon_core.package_identification:_identify(src/micro-ROS-Agent/snap/hooks) by extension 'ignore_ament_install'
[0.185s] Level 1:colcon.colcon_core.package_identification:_identify(src/micro-ROS-Agent/snap/hooks) by extensions ['colcon_pkg']
[0.186s] Level 1:colcon.colcon_core.package_identification:_identify(src/micro-ROS-Agent/snap/hooks) by extension 'colcon_pkg'
[0.186s] Level 1:colcon.colcon_core.package_identification:_identify(src/micro-ROS-Agent/snap/hooks) by extensions ['colcon_meta']
[0.186s] Level 1:colcon.colcon_core.package_identification:_identify(src/micro-ROS-Agent/snap/hooks) by extension 'colcon_meta'
[0.186s] Level 1:colcon.colcon_core.package_identification:_identify(src/micro-ROS-Agent/snap/hooks) by extensions ['ros']
[0.186s] Level 1:colcon.colcon_core.package_identification:_identify(src/micro-ROS-Agent/snap/hooks) by extension 'ros'
[0.186s] Level 1:colcon.colcon_core.package_identification:_identify(src/micro-ROS-Agent/snap/hooks) by extensions ['cmake', 'python']
[0.186s] Level 1:colcon.colcon_core.package_identification:_identify(src/micro-ROS-Agent/snap/hooks) by extension 'cmake'
[0.186s] Level 1:colcon.colcon_core.package_identification:_identify(src/micro-ROS-Agent/snap/hooks) by extension 'python'
[0.186s] Level 1:colcon.colcon_core.package_identification:_identify(src/micro-ROS-Agent/snap/hooks) by extensions ['python_setup_py']
[0.186s] Level 1:colcon.colcon_core.package_identification:_identify(src/micro-ROS-Agent/snap/hooks) by extension 'python_setup_py'
[0.186s] Level 1:colcon.colcon_core.package_identification:_identify(src/micro-ROS-Agent/snap/local) by extensions ['ignore', 'ignore_ament_install']
[0.186s] Level 1:colcon.colcon_core.package_identification:_identify(src/micro-ROS-Agent/snap/local) by extension 'ignore'
[0.186s] Level 1:colcon.colcon_core.package_identification:_identify(src/micro-ROS-Agent/snap/local) by extension 'ignore_ament_install'
[0.186s] Level 1:colcon.colcon_core.package_identification:_identify(src/micro-ROS-Agent/snap/local) by extensions ['colcon_pkg']
[0.186s] Level 1:colcon.colcon_core.package_identification:_identify(src/micro-ROS-Agent/snap/local) by extension 'colcon_pkg'
[0.186s] Level 1:colcon.colcon_core.package_identification:_identify(src/micro-ROS-Agent/snap/local) by extensions ['colcon_meta']
[0.186s] Level 1:colcon.colcon_core.package_identification:_identify(src/micro-ROS-Agent/snap/local) by extension 'colcon_meta'
[0.186s] Level 1:colcon.colcon_core.package_identification:_identify(src/micro-ROS-Agent/snap/local) by extensions ['ros']
[0.186s] Level 1:colcon.colcon_core.package_identification:_identify(src/micro-ROS-Agent/snap/local) by extension 'ros'
[0.186s] Level 1:colcon.colcon_core.package_identification:_identify(src/micro-ROS-Agent/snap/local) by extensions ['cmake', 'python']
[0.186s] Level 1:colcon.colcon_core.package_identification:_identify(src/micro-ROS-Agent/snap/local) by extension 'cmake'
[0.186s] Level 1:colcon.colcon_core.package_identification:_identify(src/micro-ROS-Agent/snap/local) by extension 'python'
[0.186s] Level 1:colcon.colcon_core.package_identification:_identify(src/micro-ROS-Agent/snap/local) by extensions ['python_setup_py']
[0.186s] Level 1:colcon.colcon_core.package_identification:_identify(src/micro-ROS-Agent/snap/local) by extension 'python_setup_py'
[0.186s] Level 1:colcon.colcon_core.package_identification:_identify(src/micro_ros_msgs) by extensions ['ignore', 'ignore_ament_install']
[0.186s] Level 1:colcon.colcon_core.package_identification:_identify(src/micro_ros_msgs) by extension 'ignore'
[0.186s] Level 1:colcon.colcon_core.package_identification:_identify(src/micro_ros_msgs) by extension 'ignore_ament_install'
[0.186s] Level 1:colcon.colcon_core.package_identification:_identify(src/micro_ros_msgs) by extensions ['colcon_pkg']
[0.186s] Level 1:colcon.colcon_core.package_identification:_identify(src/micro_ros_msgs) by extension 'colcon_pkg'
[0.186s] Level 1:colcon.colcon_core.package_identification:_identify(src/micro_ros_msgs) by extensions ['colcon_meta']
[0.186s] Level 1:colcon.colcon_core.package_identification:_identify(src/micro_ros_msgs) by extension 'colcon_meta'
[0.186s] Level 1:colcon.colcon_core.package_identification:_identify(src/micro_ros_msgs) by extensions ['ros']
[0.186s] Level 1:colcon.colcon_core.package_identification:_identify(src/micro_ros_msgs) by extension 'ros'
[0.187s] DEBUG:colcon.colcon_core.package_identification:Package 'src/micro_ros_msgs' with type 'ros.ament_cmake' and name 'micro_ros_msgs'
[0.187s] Level 1:colcon.colcon_core.package_identification:_identify(src/robot_bringup) by extensions ['ignore', 'ignore_ament_install']
[0.187s] Level 1:colcon.colcon_core.package_identification:_identify(src/robot_bringup) by extension 'ignore'
[0.187s] Level 1:colcon.colcon_core.package_identification:_identify(src/robot_bringup) by extension 'ignore_ament_install'
[0.187s] Level 1:colcon.colcon_core.package_identification:_identify(src/robot_bringup) by extensions ['colcon_pkg']
[0.187s] Level 1:colcon.colcon_core.package_identification:_identify(src/robot_bringup) by extension 'colcon_pkg'
[0.187s] Level 1:colcon.colcon_core.package_identification:_identify(src/robot_bringup) by extensions ['colcon_meta']
[0.187s] Level 1:colcon.colcon_core.package_identification:_identify(src/robot_bringup) by extension 'colcon_meta'
[0.187s] Level 1:colcon.colcon_core.package_identification:_identify(src/robot_bringup) by extensions ['ros']
[0.187s] Level 1:colcon.colcon_core.package_identification:_identify(src/robot_bringup) by extension 'ros'
[0.188s] DEBUG:colcon.colcon_core.package_identification:Package 'src/robot_bringup' with type 'ros.ament_cmake' and name 'robot_bringup'
[0.188s] Level 1:colcon.colcon_core.package_identification:_identify(src/robot_description) by extensions ['ignore', 'ignore_ament_install']
[0.188s] Level 1:colcon.colcon_core.package_identification:_identify(src/robot_description) by extension 'ignore'
[0.188s] Level 1:colcon.colcon_core.package_identification:_identify(src/robot_description) by extension 'ignore_ament_install'
[0.188s] Level 1:colcon.colcon_core.package_identification:_identify(src/robot_description) by extensions ['colcon_pkg']
[0.188s] Level 1:colcon.colcon_core.package_identification:_identify(src/robot_description) by extension 'colcon_pkg'
[0.188s] Level 1:colcon.colcon_core.package_identification:_identify(src/robot_description) by extensions ['colcon_meta']
[0.188s] Level 1:colcon.colcon_core.package_identification:_identify(src/robot_description) by extension 'colcon_meta'
[0.188s] Level 1:colcon.colcon_core.package_identification:_identify(src/robot_description) by extensions ['ros']
[0.188s] Level 1:colcon.colcon_core.package_identification:_identify(src/robot_description) by extension 'ros'
[0.189s] DEBUG:colcon.colcon_core.package_identification:Package 'src/robot_description' with type 'ros.ament_cmake' and name 'robot_description'
[0.189s] Level 1:colcon.colcon_core.package_identification:_identify(src/robot_navigation2) by extensions ['ignore', 'ignore_ament_install']
[0.189s] Level 1:colcon.colcon_core.package_identification:_identify(src/robot_navigation2) by extension 'ignore'
[0.189s] Level 1:colcon.colcon_core.package_identification:_identify(src/robot_navigation2) by extension 'ignore_ament_install'
[0.189s] Level 1:colcon.colcon_core.package_identification:_identify(src/robot_navigation2) by extensions ['colcon_pkg']
[0.189s] Level 1:colcon.colcon_core.package_identification:_identify(src/robot_navigation2) by extension 'colcon_pkg'
[0.189s] Level 1:colcon.colcon_core.package_identification:_identify(src/robot_navigation2) by extensions ['colcon_meta']
[0.189s] Level 1:colcon.colcon_core.package_identification:_identify(src/robot_navigation2) by extension 'colcon_meta'
[0.189s] Level 1:colcon.colcon_core.package_identification:_identify(src/robot_navigation2) by extensions ['ros']
[0.189s] Level 1:colcon.colcon_core.package_identification:_identify(src/robot_navigation2) by extension 'ros'
[0.189s] DEBUG:colcon.colcon_core.package_identification:Package 'src/robot_navigation2' with type 'ros.ament_cmake' and name 'robot_navigation2'
[0.189s] Level 1:colcon.colcon_core.package_identification:_identify(src/ros_serial2wifi) by extensions ['ignore', 'ignore_ament_install']
[0.189s] Level 1:colcon.colcon_core.package_identification:_identify(src/ros_serial2wifi) by extension 'ignore'
[0.189s] Level 1:colcon.colcon_core.package_identification:_identify(src/ros_serial2wifi) by extension 'ignore_ament_install'
[0.190s] Level 1:colcon.colcon_core.package_identification:_identify(src/ros_serial2wifi) by extensions ['colcon_pkg']
[0.190s] Level 1:colcon.colcon_core.package_identification:_identify(src/ros_serial2wifi) by extension 'colcon_pkg'
[0.190s] Level 1:colcon.colcon_core.package_identification:_identify(src/ros_serial2wifi) by extensions ['colcon_meta']
[0.190s] Level 1:colcon.colcon_core.package_identification:_identify(src/ros_serial2wifi) by extension 'colcon_meta'
[0.190s] Level 1:colcon.colcon_core.package_identification:_identify(src/ros_serial2wifi) by extensions ['ros']
[0.190s] Level 1:colcon.colcon_core.package_identification:_identify(src/ros_serial2wifi) by extension 'ros'
[0.190s] DEBUG:colcon.colcon_core.package_identification:Package 'src/ros_serial2wifi' with type 'ros.ament_python' and name 'ros_serail2wifi'
[0.190s] Level 1:colcon.colcon_core.package_identification:_identify(src/ydlidar_ros2) by extensions ['ignore', 'ignore_ament_install']
[0.190s] Level 1:colcon.colcon_core.package_identification:_identify(src/ydlidar_ros2) by extension 'ignore'
[0.190s] Level 1:colcon.colcon_core.package_identification:_identify(src/ydlidar_ros2) by extension 'ignore_ament_install'
[0.190s] Level 1:colcon.colcon_core.package_identification:_identify(src/ydlidar_ros2) by extensions ['colcon_pkg']
[0.190s] Level 1:colcon.colcon_core.package_identification:_identify(src/ydlidar_ros2) by extension 'colcon_pkg'
[0.190s] Level 1:colcon.colcon_core.package_identification:_identify(src/ydlidar_ros2) by extensions ['colcon_meta']
[0.190s] Level 1:colcon.colcon_core.package_identification:_identify(src/ydlidar_ros2) by extension 'colcon_meta'
[0.190s] Level 1:colcon.colcon_core.package_identification:_identify(src/ydlidar_ros2) by extensions ['ros']
[0.190s] Level 1:colcon.colcon_core.package_identification:_identify(src/ydlidar_ros2) by extension 'ros'
[0.191s] DEBUG:colcon.colcon_core.package_identification:Package 'src/ydlidar_ros2' with type 'ros.ament_cmake' and name 'ydlidar'
[0.191s] Level 1:colcon.colcon_core.package_discovery:discover_packages(recursive) using defaults
[0.191s] Level 1:colcon.colcon_core.package_discovery:discover_packages(ignore) discover
[0.191s] Level 1:colcon.colcon_core.package_discovery:discover_packages(ignore) using defaults
[0.191s] Level 1:colcon.colcon_core.package_discovery:discover_packages(path) discover
[0.191s] Level 1:colcon.colcon_core.package_discovery:discover_packages(path) using defaults
[0.209s] Level 1:colcon.colcon_core.package_discovery:discover_packages(prefix_path) check parameters
[0.209s] Level 1:colcon.colcon_core.package_discovery:discover_packages(prefix_path) discover
[0.210s] DEBUG:colcon.colcon_installed_package_information.package_discovery:Found 7 installed packages in /home/johan/Dev/graduation_project/ros_ws/install
[0.211s] DEBUG:colcon.colcon_installed_package_information.package_discovery:Found 378 installed packages in /opt/ros/humble
[0.212s] Level 1:colcon.colcon_core.package_discovery:discover_packages(prefix_path) using defaults
[0.239s] Level 5:colcon.colcon_core.verb:set package 'micro_ros_msgs' build argument 'cmake_args' from command line to 'None'
[0.239s] Level 5:colcon.colcon_core.verb:set package 'micro_ros_msgs' build argument 'cmake_target' from command line to 'None'
[0.239s] Level 5:colcon.colcon_core.verb:set package 'micro_ros_msgs' build argument 'cmake_target_skip_unavailable' from command line to 'False'
[0.239s] Level 5:colcon.colcon_core.verb:set package 'micro_ros_msgs' build argument 'cmake_clean_cache' from command line to 'False'
[0.239s] Level 5:colcon.colcon_core.verb:set package 'micro_ros_msgs' build argument 'cmake_clean_first' from command line to 'False'
[0.239s] Level 5:colcon.colcon_core.verb:set package 'micro_ros_msgs' build argument 'cmake_force_configure' from command line to 'False'
[0.239s] Level 5:colcon.colcon_core.verb:set package 'micro_ros_msgs' build argument 'ament_cmake_args' from command line to 'None'
[0.239s] Level 5:colcon.colcon_core.verb:set package 'micro_ros_msgs' build argument 'catkin_cmake_args' from command line to 'None'
[0.239s] Level 5:colcon.colcon_core.verb:set package 'micro_ros_msgs' build argument 'catkin_skip_building_tests' from command line to 'False'
[0.239s] DEBUG:colcon.colcon_core.verb:Building package 'micro_ros_msgs' with the following arguments: {'ament_cmake_args': None, 'build_base': '/home/johan/Dev/graduation_project/ros_ws/build/micro_ros_msgs', 'catkin_cmake_args': None, 'catkin_skip_building_tests': False, 'cmake_args': None, 'cmake_clean_cache': False, 'cmake_clean_first': False, 'cmake_force_configure': False, 'cmake_target': None, 'cmake_target_skip_unavailable': False, 'install_base': '/home/johan/Dev/graduation_project/ros_ws/install/micro_ros_msgs', 'merge_install': False, 'path': '/home/johan/Dev/graduation_project/ros_ws/src/micro_ros_msgs', 'symlink_install': False, 'test_result_base': None}
[0.239s] Level 5:colcon.colcon_core.verb:set package 'robot_bringup' build argument 'cmake_args' from command line to 'None'
[0.239s] Level 5:colcon.colcon_core.verb:set package 'robot_bringup' build argument 'cmake_target' from command line to 'None'
[0.239s] Level 5:colcon.colcon_core.verb:set package 'robot_bringup' build argument 'cmake_target_skip_unavailable' from command line to 'False'
[0.239s] Level 5:colcon.colcon_core.verb:set package 'robot_bringup' build argument 'cmake_clean_cache' from command line to 'False'
[0.239s] Level 5:colcon.colcon_core.verb:set package 'robot_bringup' build argument 'cmake_clean_first' from command line to 'False'
[0.239s] Level 5:colcon.colcon_core.verb:set package 'robot_bringup' build argument 'cmake_force_configure' from command line to 'False'
[0.239s] Level 5:colcon.colcon_core.verb:set package 'robot_bringup' build argument 'ament_cmake_args' from command line to 'None'
[0.239s] Level 5:colcon.colcon_core.verb:set package 'robot_bringup' build argument 'catkin_cmake_args' from command line to 'None'
[0.239s] Level 5:colcon.colcon_core.verb:set package 'robot_bringup' build argument 'catkin_skip_building_tests' from command line to 'False'
[0.239s] DEBUG:colcon.colcon_core.verb:Building package 'robot_bringup' with the following arguments: {'ament_cmake_args': None, 'build_base': '/home/johan/Dev/graduation_project/ros_ws/build/robot_bringup', 'catkin_cmake_args': None, 'catkin_skip_building_tests': False, 'cmake_args': None, 'cmake_clean_cache': False, 'cmake_clean_first': False, 'cmake_force_configure': False, 'cmake_target': None, 'cmake_target_skip_unavailable': False, 'install_base': '/home/johan/Dev/graduation_project/ros_ws/install/robot_bringup', 'merge_install': False, 'path': '/home/johan/Dev/graduation_project/ros_ws/src/robot_bringup', 'symlink_install': False, 'test_result_base': None}
[0.240s] Level 5:colcon.colcon_core.verb:set package 'robot_description' build argument 'cmake_args' from command line to 'None'
[0.240s] Level 5:colcon.colcon_core.verb:set package 'robot_description' build argument 'cmake_target' from command line to 'None'
[0.240s] Level 5:colcon.colcon_core.verb:set package 'robot_description' build argument 'cmake_target_skip_unavailable' from command line to 'False'
[0.240s] Level 5:colcon.colcon_core.verb:set package 'robot_description' build argument 'cmake_clean_cache' from command line to 'False'
[0.240s] Level 5:colcon.colcon_core.verb:set package 'robot_description' build argument 'cmake_clean_first' from command line to 'False'
[0.240s] Level 5:colcon.colcon_core.verb:set package 'robot_description' build argument 'cmake_force_configure' from command line to 'False'
[0.240s] Level 5:colcon.colcon_core.verb:set package 'robot_description' build argument 'ament_cmake_args' from command line to 'None'
[0.240s] Level 5:colcon.colcon_core.verb:set package 'robot_description' build argument 'catkin_cmake_args' from command line to 'None'
[0.240s] Level 5:colcon.colcon_core.verb:set package 'robot_description' build argument 'catkin_skip_building_tests' from command line to 'False'
[0.240s] DEBUG:colcon.colcon_core.verb:Building package 'robot_description' with the following arguments: {'ament_cmake_args': None, 'build_base': '/home/johan/Dev/graduation_project/ros_ws/build/robot_description', 'catkin_cmake_args': None, 'catkin_skip_building_tests': False, 'cmake_args': None, 'cmake_clean_cache': False, 'cmake_clean_first': False, 'cmake_force_configure': False, 'cmake_target': None, 'cmake_target_skip_unavailable': False, 'install_base': '/home/johan/Dev/graduation_project/ros_ws/install/robot_description', 'merge_install': False, 'path': '/home/johan/Dev/graduation_project/ros_ws/src/robot_description', 'symlink_install': False, 'test_result_base': None}
[0.240s] Level 5:colcon.colcon_core.verb:set package 'robot_navigation2' build argument 'cmake_args' from command line to 'None'
[0.240s] Level 5:colcon.colcon_core.verb:set package 'robot_navigation2' build argument 'cmake_target' from command line to 'None'
[0.240s] Level 5:colcon.colcon_core.verb:set package 'robot_navigation2' build argument 'cmake_target_skip_unavailable' from command line to 'False'
[0.240s] Level 5:colcon.colcon_core.verb:set package 'robot_navigation2' build argument 'cmake_clean_cache' from command line to 'False'
[0.240s] Level 5:colcon.colcon_core.verb:set package 'robot_navigation2' build argument 'cmake_clean_first' from command line to 'False'
[0.240s] Level 5:colcon.colcon_core.verb:set package 'robot_navigation2' build argument 'cmake_force_configure' from command line to 'False'
[0.240s] Level 5:colcon.colcon_core.verb:set package 'robot_navigation2' build argument 'ament_cmake_args' from command line to 'None'
[0.240s] Level 5:colcon.colcon_core.verb:set package 'robot_navigation2' build argument 'catkin_cmake_args' from command line to 'None'
[0.240s] Level 5:colcon.colcon_core.verb:set package 'robot_navigation2' build argument 'catkin_skip_building_tests' from command line to 'False'
[0.240s] DEBUG:colcon.colcon_core.verb:Building package 'robot_navigation2' with the following arguments: {'ament_cmake_args': None, 'build_base': '/home/johan/Dev/graduation_project/ros_ws/build/robot_navigation2', 'catkin_cmake_args': None, 'catkin_skip_building_tests': False, 'cmake_args': None, 'cmake_clean_cache': False, 'cmake_clean_first': False, 'cmake_force_configure': False, 'cmake_target': None, 'cmake_target_skip_unavailable': False, 'install_base': '/home/johan/Dev/graduation_project/ros_ws/install/robot_navigation2', 'merge_install': False, 'path': '/home/johan/Dev/graduation_project/ros_ws/src/robot_navigation2', 'symlink_install': False, 'test_result_base': None}
[0.240s] Level 5:colcon.colcon_core.verb:set package 'ros_serail2wifi' build argument 'cmake_args' from command line to 'None'
[0.240s] Level 5:colcon.colcon_core.verb:set package 'ros_serail2wifi' build argument 'cmake_target' from command line to 'None'
[0.240s] Level 5:colcon.colcon_core.verb:set package 'ros_serail2wifi' build argument 'cmake_target_skip_unavailable' from command line to 'False'
[0.240s] Level 5:colcon.colcon_core.verb:set package 'ros_serail2wifi' build argument 'cmake_clean_cache' from command line to 'False'
[0.240s] Level 5:colcon.colcon_core.verb:set package 'ros_serail2wifi' build argument 'cmake_clean_first' from command line to 'False'
[0.240s] Level 5:colcon.colcon_core.verb:set package 'ros_serail2wifi' build argument 'cmake_force_configure' from command line to 'False'
[0.240s] Level 5:colcon.colcon_core.verb:set package 'ros_serail2wifi' build argument 'ament_cmake_args' from command line to 'None'
[0.240s] Level 5:colcon.colcon_core.verb:set package 'ros_serail2wifi' build argument 'catkin_cmake_args' from command line to 'None'
[0.240s] Level 5:colcon.colcon_core.verb:set package 'ros_serail2wifi' build argument 'catkin_skip_building_tests' from command line to 'False'
[0.240s] DEBUG:colcon.colcon_core.verb:Building package 'ros_serail2wifi' with the following arguments: {'ament_cmake_args': None, 'build_base': '/home/johan/Dev/graduation_project/ros_ws/build/ros_serail2wifi', 'catkin_cmake_args': None, 'catkin_skip_building_tests': False, 'cmake_args': None, 'cmake_clean_cache': False, 'cmake_clean_first': False, 'cmake_force_configure': False, 'cmake_target': None, 'cmake_target_skip_unavailable': False, 'install_base': '/home/johan/Dev/graduation_project/ros_ws/install/ros_serail2wifi', 'merge_install': False, 'path': '/home/johan/Dev/graduation_project/ros_ws/src/ros_serial2wifi', 'symlink_install': False, 'test_result_base': None}
[0.241s] Level 5:colcon.colcon_core.verb:set package 'ydlidar' build argument 'cmake_args' from command line to 'None'
[0.241s] Level 5:colcon.colcon_core.verb:set package 'ydlidar' build argument 'cmake_target' from command line to 'None'
[0.241s] Level 5:colcon.colcon_core.verb:set package 'ydlidar' build argument 'cmake_target_skip_unavailable' from command line to 'False'
[0.241s] Level 5:colcon.colcon_core.verb:set package 'ydlidar' build argument 'cmake_clean_cache' from command line to 'False'
[0.241s] Level 5:colcon.colcon_core.verb:set package 'ydlidar' build argument 'cmake_clean_first' from command line to 'False'
[0.241s] Level 5:colcon.colcon_core.verb:set package 'ydlidar' build argument 'cmake_force_configure' from command line to 'False'
[0.241s] Level 5:colcon.colcon_core.verb:set package 'ydlidar' build argument 'ament_cmake_args' from command line to 'None'
[0.241s] Level 5:colcon.colcon_core.verb:set package 'ydlidar' build argument 'catkin_cmake_args' from command line to 'None'
[0.241s] Level 5:colcon.colcon_core.verb:set package 'ydlidar' build argument 'catkin_skip_building_tests' from command line to 'False'
[0.241s] DEBUG:colcon.colcon_core.verb:Building package 'ydlidar' with the following arguments: {'ament_cmake_args': None, 'build_base': '/home/johan/Dev/graduation_project/ros_ws/build/ydlidar', 'catkin_cmake_args': None, 'catkin_skip_building_tests': False, 'cmake_args': None, 'cmake_clean_cache': False, 'cmake_clean_first': False, 'cmake_force_configure': False, 'cmake_target': None, 'cmake_target_skip_unavailable': False, 'install_base': '/home/johan/Dev/graduation_project/ros_ws/install/ydlidar', 'merge_install': False, 'path': '/home/johan/Dev/graduation_project/ros_ws/src/ydlidar_ros2', 'symlink_install': False, 'test_result_base': None}
[0.241s] Level 5:colcon.colcon_core.verb:set package 'micro_ros_agent' build argument 'cmake_args' from command line to 'None'
[0.241s] Level 5:colcon.colcon_core.verb:set package 'micro_ros_agent' build argument 'cmake_target' from command line to 'None'
[0.241s] Level 5:colcon.colcon_core.verb:set package 'micro_ros_agent' build argument 'cmake_target_skip_unavailable' from command line to 'False'
[0.241s] Level 5:colcon.colcon_core.verb:set package 'micro_ros_agent' build argument 'cmake_clean_cache' from command line to 'False'
[0.241s] Level 5:colcon.colcon_core.verb:set package 'micro_ros_agent' build argument 'cmake_clean_first' from command line to 'False'
[0.241s] Level 5:colcon.colcon_core.verb:set package 'micro_ros_agent' build argument 'cmake_force_configure' from command line to 'False'
[0.241s] Level 5:colcon.colcon_core.verb:set package 'micro_ros_agent' build argument 'ament_cmake_args' from command line to 'None'
[0.241s] Level 5:colcon.colcon_core.verb:set package 'micro_ros_agent' build argument 'catkin_cmake_args' from command line to 'None'
[0.241s] Level 5:colcon.colcon_core.verb:set package 'micro_ros_agent' build argument 'catkin_skip_building_tests' from command line to 'False'
[0.241s] DEBUG:colcon.colcon_core.verb:Building package 'micro_ros_agent' with the following arguments: {'ament_cmake_args': None, 'build_base': '/home/johan/Dev/graduation_project/ros_ws/build/micro_ros_agent', 'catkin_cmake_args': None, 'catkin_skip_building_tests': False, 'cmake_args': None, 'cmake_clean_cache': False, 'cmake_clean_first': False, 'cmake_force_configure': False, 'cmake_target': None, 'cmake_target_skip_unavailable': False, 'install_base': '/home/johan/Dev/graduation_project/ros_ws/install/micro_ros_agent', 'merge_install': False, 'path': '/home/johan/Dev/graduation_project/ros_ws/src/micro-ROS-Agent/micro_ros_agent', 'symlink_install': False, 'test_result_base': None}
[0.241s] INFO:colcon.colcon_core.executor:Executing jobs using 'parallel' executor
[0.242s] DEBUG:colcon.colcon_parallel_executor.executor.parallel:run_until_complete
[0.242s] INFO:colcon.colcon_ros.task.ament_cmake.build:Building ROS package in '/home/johan/Dev/graduation_project/ros_ws/src/micro_ros_msgs' with build type 'ament_cmake'
[0.242s] INFO:colcon.colcon_cmake.task.cmake.build:Building CMake package in '/home/johan/Dev/graduation_project/ros_ws/src/micro_ros_msgs'
[0.243s] INFO:colcon.colcon_core.plugin_system:Skipping extension 'colcon_core.shell.bat': Not used on non-Windows systems
[0.243s] INFO:colcon.colcon_core.shell:Skip shell extension 'powershell' for command environment: Not usable outside of PowerShell
[0.243s] DEBUG:colcon.colcon_core.shell:Skip shell extension 'dsv' for command environment
[0.246s] INFO:colcon.colcon_ros.task.ament_cmake.build:Building ROS package in '/home/johan/Dev/graduation_project/ros_ws/src/robot_bringup' with build type 'ament_cmake'
[0.246s] INFO:colcon.colcon_cmake.task.cmake.build:Building CMake package in '/home/johan/Dev/graduation_project/ros_ws/src/robot_bringup'
[0.246s] INFO:colcon.colcon_core.shell:Skip shell extension 'powershell' for command environment: Not usable outside of PowerShell
[0.246s] DEBUG:colcon.colcon_core.shell:Skip shell extension 'dsv' for command environment
[0.248s] INFO:colcon.colcon_ros.task.ament_cmake.build:Building ROS package in '/home/johan/Dev/graduation_project/ros_ws/src/robot_description' with build type 'ament_cmake'
[0.248s] INFO:colcon.colcon_cmake.task.cmake.build:Building CMake package in '/home/johan/Dev/graduation_project/ros_ws/src/robot_description'
[0.248s] INFO:colcon.colcon_core.shell:Skip shell extension 'powershell' for command environment: Not usable outside of PowerShell
[0.248s] DEBUG:colcon.colcon_core.shell:Skip shell extension 'dsv' for command environment
[0.250s] INFO:colcon.colcon_ros.task.ament_cmake.build:Building ROS package in '/home/johan/Dev/graduation_project/ros_ws/src/robot_navigation2' with build type 'ament_cmake'
[0.250s] INFO:colcon.colcon_cmake.task.cmake.build:Building CMake package in '/home/johan/Dev/graduation_project/ros_ws/src/robot_navigation2'
[0.250s] INFO:colcon.colcon_core.shell:Skip shell extension 'powershell' for command environment: Not usable outside of PowerShell
[0.250s] DEBUG:colcon.colcon_core.shell:Skip shell extension 'dsv' for command environment
[0.252s] INFO:colcon.colcon_ros.task.ament_python.build:Building ROS package in '/home/johan/Dev/graduation_project/ros_ws/src/ros_serial2wifi' with build type 'ament_python'
[0.252s] Level 1:colcon.colcon_core.shell:create_environment_hook('ros_serail2wifi', 'ament_prefix_path')
[0.252s] INFO:colcon.colcon_core.shell:Creating environment hook '/home/johan/Dev/graduation_project/ros_ws/install/ros_serail2wifi/share/ros_serail2wifi/hook/ament_prefix_path.ps1'
[0.253s] INFO:colcon.colcon_core.shell:Creating environment descriptor '/home/johan/Dev/graduation_project/ros_ws/install/ros_serail2wifi/share/ros_serail2wifi/hook/ament_prefix_path.dsv'
[0.253s] INFO:colcon.colcon_core.shell:Creating environment hook '/home/johan/Dev/graduation_project/ros_ws/install/ros_serail2wifi/share/ros_serail2wifi/hook/ament_prefix_path.sh'
[0.253s] INFO:colcon.colcon_core.shell:Skip shell extension 'powershell' for command environment: Not usable outside of PowerShell
[0.253s] DEBUG:colcon.colcon_core.shell:Skip shell extension 'dsv' for command environment
[0.255s] INFO:colcon.colcon_ros.task.ament_cmake.build:Building ROS package in '/home/johan/Dev/graduation_project/ros_ws/src/ydlidar_ros2' with build type 'ament_cmake'
[0.255s] INFO:colcon.colcon_cmake.task.cmake.build:Building CMake package in '/home/johan/Dev/graduation_project/ros_ws/src/ydlidar_ros2'
[0.256s] INFO:colcon.colcon_core.shell:Skip shell extension 'powershell' for command environment: Not usable outside of PowerShell
[0.256s] DEBUG:colcon.colcon_core.shell:Skip shell extension 'dsv' for command environment
[0.263s] DEBUG:colcon.colcon_core.event_handler.log_command:Invoking command in '/home/johan/Dev/graduation_project/ros_ws/build/micro_ros_msgs': CMAKE_PREFIX_PATH=${CMAKE_PREFIX_PATH}:/home/johan/Dev/graduation_project/ros_ws/install/ros_serail2wifi:/opt/ros/humble /usr/bin/cmake --build /home/johan/Dev/graduation_project/ros_ws/build/micro_ros_msgs -- -j16 -l16
[0.265s] DEBUG:colcon.colcon_core.event_handler.log_command:Invoking command in '/home/johan/Dev/graduation_project/ros_ws/build/robot_bringup': CMAKE_PREFIX_PATH=${CMAKE_PREFIX_PATH}:/home/johan/Dev/graduation_project/ros_ws/install/ros_serail2wifi:/opt/ros/humble /usr/bin/cmake --build /home/johan/Dev/graduation_project/ros_ws/build/robot_bringup -- -j16 -l16
[0.266s] DEBUG:colcon.colcon_core.event_handler.log_command:Invoking command in '/home/johan/Dev/graduation_project/ros_ws/build/robot_description': CMAKE_PREFIX_PATH=${CMAKE_PREFIX_PATH}:/home/johan/Dev/graduation_project/ros_ws/install/ros_serail2wifi:/opt/ros/humble /usr/bin/cmake --build /home/johan/Dev/graduation_project/ros_ws/build/robot_description -- -j16 -l16
[0.268s] DEBUG:colcon.colcon_core.event_handler.log_command:Invoking command in '/home/johan/Dev/graduation_project/ros_ws/build/robot_navigation2': CMAKE_PREFIX_PATH=${CMAKE_PREFIX_PATH}:/home/johan/Dev/graduation_project/ros_ws/install/ros_serail2wifi:/opt/ros/humble /usr/bin/cmake --build /home/johan/Dev/graduation_project/ros_ws/build/robot_navigation2 -- -j16 -l16
[0.473s] INFO:colcon.colcon_core.task.python.build:Building Python package in '/home/johan/Dev/graduation_project/ros_ws/src/ros_serial2wifi'
[0.474s] INFO:colcon.colcon_core.shell:Skip shell extension 'powershell' for command environment: Not usable outside of PowerShell
[0.474s] DEBUG:colcon.colcon_core.shell:Skip shell extension 'dsv' for command environment
[0.489s] DEBUG:colcon.colcon_core.event_handler.log_command:Invoking command in '/home/johan/Dev/graduation_project/ros_ws/build/ydlidar': CMAKE_PREFIX_PATH=${CMAKE_PREFIX_PATH}:/home/johan/Dev/graduation_project/ros_ws/install/ros_serail2wifi:/opt/ros/humble /usr/bin/cmake --build /home/johan/Dev/graduation_project/ros_ws/build/ydlidar -- -j16 -l16
[0.490s] DEBUG:colcon.colcon_core.event_handler.log_command:Invoked command in '/home/johan/Dev/graduation_project/ros_ws/build/robot_description' returned '0': CMAKE_PREFIX_PATH=${CMAKE_PREFIX_PATH}:/home/johan/Dev/graduation_project/ros_ws/install/ros_serail2wifi:/opt/ros/humble /usr/bin/cmake --build /home/johan/Dev/graduation_project/ros_ws/build/robot_description -- -j16 -l16
[0.491s] DEBUG:colcon.colcon_core.event_handler.log_command:Invoked command in '/home/johan/Dev/graduation_project/ros_ws/build/robot_bringup' returned '0': CMAKE_PREFIX_PATH=${CMAKE_PREFIX_PATH}:/home/johan/Dev/graduation_project/ros_ws/install/ros_serail2wifi:/opt/ros/humble /usr/bin/cmake --build /home/johan/Dev/graduation_project/ros_ws/build/robot_bringup -- -j16 -l16
[0.497s] DEBUG:colcon.colcon_core.event_handler.log_command:Invoked command in '/home/johan/Dev/graduation_project/ros_ws/build/micro_ros_msgs' returned '0': CMAKE_PREFIX_PATH=${CMAKE_PREFIX_PATH}:/home/johan/Dev/graduation_project/ros_ws/install/ros_serail2wifi:/opt/ros/humble /usr/bin/cmake --build /home/johan/Dev/graduation_project/ros_ws/build/micro_ros_msgs -- -j16 -l16
[0.506s] DEBUG:colcon.colcon_core.event_handler.log_command:Invoking command in '/home/johan/Dev/graduation_project/ros_ws/build/robot_description': CMAKE_PREFIX_PATH=${CMAKE_PREFIX_PATH}:/home/johan/Dev/graduation_project/ros_ws/install/ros_serail2wifi:/opt/ros/humble /usr/bin/cmake --install /home/johan/Dev/graduation_project/ros_ws/build/robot_description
[0.508s] DEBUG:colcon.colcon_core.event_handler.log_command:Invoking command in '/home/johan/Dev/graduation_project/ros_ws/build/robot_bringup': CMAKE_PREFIX_PATH=${CMAKE_PREFIX_PATH}:/home/johan/Dev/graduation_project/ros_ws/install/ros_serail2wifi:/opt/ros/humble /usr/bin/cmake --install /home/johan/Dev/graduation_project/ros_ws/build/robot_bringup
[0.517s] Level 1:colcon.colcon_core.environment:create_environment_scripts_only(robot_description)
[0.520s] Level 1:colcon.colcon_core.environment:checking '/home/johan/Dev/graduation_project/ros_ws/install/robot_description' for CMake module files
[0.521s] DEBUG:colcon.colcon_core.event_handler.log_command:Invoked command in '/home/johan/Dev/graduation_project/ros_ws/build/robot_description' returned '0': CMAKE_PREFIX_PATH=${CMAKE_PREFIX_PATH}:/home/johan/Dev/graduation_project/ros_ws/install/ros_serail2wifi:/opt/ros/humble /usr/bin/cmake --install /home/johan/Dev/graduation_project/ros_ws/build/robot_description
[0.522s] Level 1:colcon.colcon_core.environment:checking '/home/johan/Dev/graduation_project/ros_ws/install/robot_description' for CMake config files
[0.522s] Level 1:colcon.colcon_core.shell:create_environment_hook('robot_description', 'cmake_prefix_path')
[0.523s] INFO:colcon.colcon_core.shell:Creating environment hook '/home/johan/Dev/graduation_project/ros_ws/install/robot_description/share/robot_description/hook/cmake_prefix_path.ps1'
[0.523s] INFO:colcon.colcon_core.shell:Creating environment descriptor '/home/johan/Dev/graduation_project/ros_ws/install/robot_description/share/robot_description/hook/cmake_prefix_path.dsv'
[0.523s] INFO:colcon.colcon_core.shell:Creating environment hook '/home/johan/Dev/graduation_project/ros_ws/install/robot_description/share/robot_description/hook/cmake_prefix_path.sh'
[0.524s] Level 1:colcon.colcon_core.environment:checking '/home/johan/Dev/graduation_project/ros_ws/install/robot_description/bin'
[0.524s] Level 1:colcon.colcon_core.environment:checking '/home/johan/Dev/graduation_project/ros_ws/install/robot_description/lib/pkgconfig/robot_description.pc'
[0.524s] Level 1:colcon.colcon_core.environment:checking '/home/johan/Dev/graduation_project/ros_ws/install/robot_description/lib/python3.10/site-packages'
[0.524s] Level 1:colcon.colcon_core.environment:checking '/home/johan/Dev/graduation_project/ros_ws/install/robot_description/bin'
[0.525s] INFO:colcon.colcon_core.shell:Creating package script '/home/johan/Dev/graduation_project/ros_ws/install/robot_description/share/robot_description/package.ps1'
[0.525s] INFO:colcon.colcon_core.shell:Creating package descriptor '/home/johan/Dev/graduation_project/ros_ws/install/robot_description/share/robot_description/package.dsv'
[0.525s] INFO:colcon.colcon_core.shell:Creating package script '/home/johan/Dev/graduation_project/ros_ws/install/robot_description/share/robot_description/package.sh'
[0.526s] INFO:colcon.colcon_core.shell:Creating package script '/home/johan/Dev/graduation_project/ros_ws/install/robot_description/share/robot_description/package.bash'
[0.526s] INFO:colcon.colcon_core.shell:Creating package script '/home/johan/Dev/graduation_project/ros_ws/install/robot_description/share/robot_description/package.zsh'
[0.527s] Level 1:colcon.colcon_core.environment:create_file_with_runtime_dependencies(/home/johan/Dev/graduation_project/ros_ws/install/robot_description/share/colcon-core/packages/robot_description)
[0.528s] Level 1:colcon.colcon_core.environment:create_environment_scripts_only(robot_bringup)
[0.528s] DEBUG:colcon.colcon_core.event_handler.log_command:Invoked command in '/home/johan/Dev/graduation_project/ros_ws/build/robot_bringup' returned '0': CMAKE_PREFIX_PATH=${CMAKE_PREFIX_PATH}:/home/johan/Dev/graduation_project/ros_ws/install/ros_serail2wifi:/opt/ros/humble /usr/bin/cmake --install /home/johan/Dev/graduation_project/ros_ws/build/robot_bringup
[0.528s] Level 1:colcon.colcon_core.environment:checking '/home/johan/Dev/graduation_project/ros_ws/install/robot_bringup' for CMake module files
[0.529s] Level 1:colcon.colcon_core.environment:checking '/home/johan/Dev/graduation_project/ros_ws/install/robot_bringup' for CMake config files
[0.530s] Level 1:colcon.colcon_core.shell:create_environment_hook('robot_bringup', 'cmake_prefix_path')
[0.530s] INFO:colcon.colcon_core.shell:Creating environment hook '/home/johan/Dev/graduation_project/ros_ws/install/robot_bringup/share/robot_bringup/hook/cmake_prefix_path.ps1'
[0.531s] INFO:colcon.colcon_core.shell:Creating environment descriptor '/home/johan/Dev/graduation_project/ros_ws/install/robot_bringup/share/robot_bringup/hook/cmake_prefix_path.dsv'
[0.531s] INFO:colcon.colcon_core.shell:Creating environment hook '/home/johan/Dev/graduation_project/ros_ws/install/robot_bringup/share/robot_bringup/hook/cmake_prefix_path.sh'
[0.532s] Level 1:colcon.colcon_core.environment:checking '/home/johan/Dev/graduation_project/ros_ws/install/robot_bringup/lib'
[0.532s] Level 1:colcon.colcon_core.environment:checking '/home/johan/Dev/graduation_project/ros_ws/install/robot_bringup/bin'
[0.532s] Level 1:colcon.colcon_core.environment:checking '/home/johan/Dev/graduation_project/ros_ws/install/robot_bringup/lib/pkgconfig/robot_bringup.pc'
[0.532s] Level 1:colcon.colcon_core.environment:checking '/home/johan/Dev/graduation_project/ros_ws/install/robot_bringup/lib/python3.10/site-packages'
[0.533s] Level 1:colcon.colcon_core.environment:checking '/home/johan/Dev/graduation_project/ros_ws/install/robot_bringup/bin'
[0.533s] INFO:colcon.colcon_core.shell:Creating package script '/home/johan/Dev/graduation_project/ros_ws/install/robot_bringup/share/robot_bringup/package.ps1'
[0.534s] INFO:colcon.colcon_core.shell:Creating package descriptor '/home/johan/Dev/graduation_project/ros_ws/install/robot_bringup/share/robot_bringup/package.dsv'
[0.534s] INFO:colcon.colcon_core.shell:Creating package script '/home/johan/Dev/graduation_project/ros_ws/install/robot_bringup/share/robot_bringup/package.sh'
[0.534s] INFO:colcon.colcon_core.shell:Creating package script '/home/johan/Dev/graduation_project/ros_ws/install/robot_bringup/share/robot_bringup/package.bash'
[0.535s] INFO:colcon.colcon_core.shell:Creating package script '/home/johan/Dev/graduation_project/ros_ws/install/robot_bringup/share/robot_bringup/package.zsh'
[0.535s] Level 1:colcon.colcon_core.environment:create_file_with_runtime_dependencies(/home/johan/Dev/graduation_project/ros_ws/install/robot_bringup/share/colcon-core/packages/robot_bringup)
[0.539s] DEBUG:colcon.colcon_core.event_handler.log_command:Invoked command in '/home/johan/Dev/graduation_project/ros_ws/build/ydlidar' returned '0': CMAKE_PREFIX_PATH=${CMAKE_PREFIX_PATH}:/home/johan/Dev/graduation_project/ros_ws/install/ros_serail2wifi:/opt/ros/humble /usr/bin/cmake --build /home/johan/Dev/graduation_project/ros_ws/build/ydlidar -- -j16 -l16
[0.548s] Level 1:colcon.colcon_core.environment:create_environment_scripts_only(robot_description)
[0.548s] Level 1:colcon.colcon_core.environment:checking '/home/johan/Dev/graduation_project/ros_ws/install/robot_description' for CMake module files
[0.548s] Level 1:colcon.colcon_core.environment:checking '/home/johan/Dev/graduation_project/ros_ws/install/robot_description' for CMake config files
[0.549s] Level 1:colcon.colcon_core.shell:create_environment_hook('robot_description', 'cmake_prefix_path')
[0.549s] INFO:colcon.colcon_core.shell:Creating environment hook '/home/johan/Dev/graduation_project/ros_ws/install/robot_description/share/robot_description/hook/cmake_prefix_path.ps1'
[0.550s] INFO:colcon.colcon_core.shell:Creating environment descriptor '/home/johan/Dev/graduation_project/ros_ws/install/robot_description/share/robot_description/hook/cmake_prefix_path.dsv'
[0.550s] INFO:colcon.colcon_core.shell:Creating environment hook '/home/johan/Dev/graduation_project/ros_ws/install/robot_description/share/robot_description/hook/cmake_prefix_path.sh'
[0.551s] Level 1:colcon.colcon_core.environment:checking '/home/johan/Dev/graduation_project/ros_ws/install/robot_description/bin'
[0.551s] Level 1:colcon.colcon_core.environment:checking '/home/johan/Dev/graduation_project/ros_ws/install/robot_description/lib/pkgconfig/robot_description.pc'
[0.551s] Level 1:colcon.colcon_core.environment:checking '/home/johan/Dev/graduation_project/ros_ws/install/robot_description/lib/python3.10/site-packages'
[0.551s] Level 1:colcon.colcon_core.environment:checking '/home/johan/Dev/graduation_project/ros_ws/install/robot_description/bin'
[0.551s] INFO:colcon.colcon_core.shell:Creating package script '/home/johan/Dev/graduation_project/ros_ws/install/robot_description/share/robot_description/package.ps1'
[0.552s] INFO:colcon.colcon_core.shell:Creating package descriptor '/home/johan/Dev/graduation_project/ros_ws/install/robot_description/share/robot_description/package.dsv'
[0.552s] INFO:colcon.colcon_core.shell:Creating package script '/home/johan/Dev/graduation_project/ros_ws/install/robot_description/share/robot_description/package.sh'
[0.553s] INFO:colcon.colcon_core.shell:Creating package script '/home/johan/Dev/graduation_project/ros_ws/install/robot_description/share/robot_description/package.bash'
[0.553s] INFO:colcon.colcon_core.shell:Creating package script '/home/johan/Dev/graduation_project/ros_ws/install/robot_description/share/robot_description/package.zsh'
[0.554s] Level 1:colcon.colcon_core.environment:create_file_with_runtime_dependencies(/home/johan/Dev/graduation_project/ros_ws/install/robot_description/share/colcon-core/packages/robot_description)
[0.555s] Level 1:colcon.colcon_core.environment:create_environment_scripts_only(robot_bringup)
[0.555s] Level 1:colcon.colcon_core.environment:checking '/home/johan/Dev/graduation_project/ros_ws/install/robot_bringup' for CMake module files
[0.556s] Level 1:colcon.colcon_core.environment:checking '/home/johan/Dev/graduation_project/ros_ws/install/robot_bringup' for CMake config files
[0.556s] Level 1:colcon.colcon_core.shell:create_environment_hook('robot_bringup', 'cmake_prefix_path')
[0.557s] INFO:colcon.colcon_core.shell:Creating environment hook '/home/johan/Dev/graduation_project/ros_ws/install/robot_bringup/share/robot_bringup/hook/cmake_prefix_path.ps1'
[0.557s] INFO:colcon.colcon_core.shell:Creating environment descriptor '/home/johan/Dev/graduation_project/ros_ws/install/robot_bringup/share/robot_bringup/hook/cmake_prefix_path.dsv'
[0.557s] INFO:colcon.colcon_core.shell:Creating environment hook '/home/johan/Dev/graduation_project/ros_ws/install/robot_bringup/share/robot_bringup/hook/cmake_prefix_path.sh'
[0.558s] Level 1:colcon.colcon_core.environment:checking '/home/johan/Dev/graduation_project/ros_ws/install/robot_bringup/lib'
[0.558s] Level 1:colcon.colcon_core.environment:checking '/home/johan/Dev/graduation_project/ros_ws/install/robot_bringup/bin'
[0.558s] Level 1:colcon.colcon_core.environment:checking '/home/johan/Dev/graduation_project/ros_ws/install/robot_bringup/lib/pkgconfig/robot_bringup.pc'
[0.558s] Level 1:colcon.colcon_core.environment:checking '/home/johan/Dev/graduation_project/ros_ws/install/robot_bringup/lib/python3.10/site-packages'
[0.559s] Level 1:colcon.colcon_core.environment:checking '/home/johan/Dev/graduation_project/ros_ws/install/robot_bringup/bin'
[0.559s] INFO:colcon.colcon_core.shell:Creating package script '/home/johan/Dev/graduation_project/ros_ws/install/robot_bringup/share/robot_bringup/package.ps1'
[0.559s] INFO:colcon.colcon_core.shell:Creating package descriptor '/home/johan/Dev/graduation_project/ros_ws/install/robot_bringup/share/robot_bringup/package.dsv'
[0.560s] INFO:colcon.colcon_core.shell:Creating package script '/home/johan/Dev/graduation_project/ros_ws/install/robot_bringup/share/robot_bringup/package.sh'
[0.560s] INFO:colcon.colcon_core.shell:Creating package script '/home/johan/Dev/graduation_project/ros_ws/install/robot_bringup/share/robot_bringup/package.bash'
[0.560s] INFO:colcon.colcon_core.shell:Creating package script '/home/johan/Dev/graduation_project/ros_ws/install/robot_bringup/share/robot_bringup/package.zsh'
[0.561s] Level 1:colcon.colcon_core.environment:create_file_with_runtime_dependencies(/home/johan/Dev/graduation_project/ros_ws/install/robot_bringup/share/colcon-core/packages/robot_bringup)
[0.563s] DEBUG:colcon.colcon_core.event_handler.log_command:Invoking command in '/home/johan/Dev/graduation_project/ros_ws/build/micro_ros_msgs': CMAKE_PREFIX_PATH=${CMAKE_PREFIX_PATH}:/home/johan/Dev/graduation_project/ros_ws/install/ros_serail2wifi:/opt/ros/humble /usr/bin/cmake --install /home/johan/Dev/graduation_project/ros_ws/build/micro_ros_msgs
[0.593s] DEBUG:colcon.colcon_core.event_handler.log_command:Invoking command in '/home/johan/Dev/graduation_project/ros_ws/build/ydlidar': CMAKE_PREFIX_PATH=${CMAKE_PREFIX_PATH}:/home/johan/Dev/graduation_project/ros_ws/install/ros_serail2wifi:/opt/ros/humble /usr/bin/cmake --install /home/johan/Dev/graduation_project/ros_ws/build/ydlidar
[0.602s] Level 1:colcon.colcon_core.environment:create_environment_scripts_only(ydlidar)
[0.602s] Level 1:colcon.colcon_core.environment:checking '/home/johan/Dev/graduation_project/ros_ws/install/ydlidar' for CMake module files
[0.604s] Level 1:colcon.colcon_core.environment:checking '/home/johan/Dev/graduation_project/ros_ws/install/ydlidar' for CMake config files
[0.605s] DEBUG:colcon.colcon_core.event_handler.log_command:Invoked command in '/home/johan/Dev/graduation_project/ros_ws/build/ydlidar' returned '0': CMAKE_PREFIX_PATH=${CMAKE_PREFIX_PATH}:/home/johan/Dev/graduation_project/ros_ws/install/ros_serail2wifi:/opt/ros/humble /usr/bin/cmake --install /home/johan/Dev/graduation_project/ros_ws/build/ydlidar
[0.606s] Level 1:colcon.colcon_core.shell:create_environment_hook('ydlidar', 'cmake_prefix_path')
[0.606s] INFO:colcon.colcon_core.shell:Creating environment hook '/home/johan/Dev/graduation_project/ros_ws/install/ydlidar/share/ydlidar/hook/cmake_prefix_path.ps1'
[0.606s] INFO:colcon.colcon_core.shell:Creating environment descriptor '/home/johan/Dev/graduation_project/ros_ws/install/ydlidar/share/ydlidar/hook/cmake_prefix_path.dsv'
[0.607s] INFO:colcon.colcon_core.shell:Creating environment hook '/home/johan/Dev/graduation_project/ros_ws/install/ydlidar/share/ydlidar/hook/cmake_prefix_path.sh'
[0.607s] Level 1:colcon.colcon_core.environment:checking '/home/johan/Dev/graduation_project/ros_ws/install/ydlidar/lib'
[0.607s] Level 1:colcon.colcon_core.environment:checking '/home/johan/Dev/graduation_project/ros_ws/install/ydlidar/bin'
[0.608s] Level 1:colcon.colcon_core.environment:checking '/home/johan/Dev/graduation_project/ros_ws/install/ydlidar/lib/pkgconfig/ydlidar.pc'
[0.608s] Level 1:colcon.colcon_core.environment:checking '/home/johan/Dev/graduation_project/ros_ws/install/ydlidar/lib/python3.10/site-packages'
[0.608s] Level 1:colcon.colcon_core.environment:checking '/home/johan/Dev/graduation_project/ros_ws/install/ydlidar/bin'
[0.609s] INFO:colcon.colcon_core.shell:Creating package script '/home/johan/Dev/graduation_project/ros_ws/install/ydlidar/share/ydlidar/package.ps1'
[0.609s] INFO:colcon.colcon_core.shell:Creating package descriptor '/home/johan/Dev/graduation_project/ros_ws/install/ydlidar/share/ydlidar/package.dsv'
[0.609s] INFO:colcon.colcon_core.shell:Creating package script '/home/johan/Dev/graduation_project/ros_ws/install/ydlidar/share/ydlidar/package.sh'
[0.610s] INFO:colcon.colcon_core.shell:Creating package script '/home/johan/Dev/graduation_project/ros_ws/install/ydlidar/share/ydlidar/package.bash'
[0.610s] INFO:colcon.colcon_core.shell:Creating package script '/home/johan/Dev/graduation_project/ros_ws/install/ydlidar/share/ydlidar/package.zsh'
[0.611s] Level 1:colcon.colcon_core.environment:create_file_with_runtime_dependencies(/home/johan/Dev/graduation_project/ros_ws/install/ydlidar/share/colcon-core/packages/ydlidar)
[0.612s] Level 1:colcon.colcon_core.environment:create_environment_scripts_only(micro_ros_msgs)
[0.612s] Level 1:colcon.colcon_core.environment:checking '/home/johan/Dev/graduation_project/ros_ws/install/micro_ros_msgs' for CMake module files
[0.613s] DEBUG:colcon.colcon_core.event_handler.log_command:Invoked command in '/home/johan/Dev/graduation_project/ros_ws/build/micro_ros_msgs' returned '0': CMAKE_PREFIX_PATH=${CMAKE_PREFIX_PATH}:/home/johan/Dev/graduation_project/ros_ws/install/ros_serail2wifi:/opt/ros/humble /usr/bin/cmake --install /home/johan/Dev/graduation_project/ros_ws/build/micro_ros_msgs
[0.613s] Level 1:colcon.colcon_core.environment:checking '/home/johan/Dev/graduation_project/ros_ws/install/micro_ros_msgs' for CMake config files
[0.614s] Level 1:colcon.colcon_core.shell:create_environment_hook('micro_ros_msgs', 'cmake_prefix_path')
[0.614s] INFO:colcon.colcon_core.shell:Creating environment hook '/home/johan/Dev/graduation_project/ros_ws/install/micro_ros_msgs/share/micro_ros_msgs/hook/cmake_prefix_path.ps1'
[0.614s] INFO:colcon.colcon_core.shell:Creating environment descriptor '/home/johan/Dev/graduation_project/ros_ws/install/micro_ros_msgs/share/micro_ros_msgs/hook/cmake_prefix_path.dsv'
[0.615s] INFO:colcon.colcon_core.shell:Creating environment hook '/home/johan/Dev/graduation_project/ros_ws/install/micro_ros_msgs/share/micro_ros_msgs/hook/cmake_prefix_path.sh'
[0.615s] Level 1:colcon.colcon_core.environment:checking '/home/johan/Dev/graduation_project/ros_ws/install/micro_ros_msgs/lib'
[0.616s] Level 1:colcon.colcon_core.shell:create_environment_hook('micro_ros_msgs', 'ld_library_path_lib')
[0.616s] INFO:colcon.colcon_core.shell:Creating environment hook '/home/johan/Dev/graduation_project/ros_ws/install/micro_ros_msgs/share/micro_ros_msgs/hook/ld_library_path_lib.ps1'
[0.616s] INFO:colcon.colcon_core.shell:Creating environment descriptor '/home/johan/Dev/graduation_project/ros_ws/install/micro_ros_msgs/share/micro_ros_msgs/hook/ld_library_path_lib.dsv'
[0.616s] INFO:colcon.colcon_core.shell:Creating environment hook '/home/johan/Dev/graduation_project/ros_ws/install/micro_ros_msgs/share/micro_ros_msgs/hook/ld_library_path_lib.sh'
[0.616s] Level 1:colcon.colcon_core.environment:checking '/home/johan/Dev/graduation_project/ros_ws/install/micro_ros_msgs/bin'
[0.617s] Level 1:colcon.colcon_core.environment:checking '/home/johan/Dev/graduation_project/ros_ws/install/micro_ros_msgs/lib/pkgconfig/micro_ros_msgs.pc'
[0.617s] Level 1:colcon.colcon_core.environment:checking '/home/johan/Dev/graduation_project/ros_ws/install/micro_ros_msgs/lib/python3.10/site-packages'
[0.617s] Level 1:colcon.colcon_core.environment:checking '/home/johan/Dev/graduation_project/ros_ws/install/micro_ros_msgs/bin'
[0.617s] INFO:colcon.colcon_core.shell:Creating package script '/home/johan/Dev/graduation_project/ros_ws/install/micro_ros_msgs/share/micro_ros_msgs/package.ps1'
[0.617s] INFO:colcon.colcon_core.shell:Creating package descriptor '/home/johan/Dev/graduation_project/ros_ws/install/micro_ros_msgs/share/micro_ros_msgs/package.dsv'
[0.618s] INFO:colcon.colcon_core.shell:Creating package script '/home/johan/Dev/graduation_project/ros_ws/install/micro_ros_msgs/share/micro_ros_msgs/package.sh'
[0.618s] INFO:colcon.colcon_core.shell:Creating package script '/home/johan/Dev/graduation_project/ros_ws/install/micro_ros_msgs/share/micro_ros_msgs/package.bash'
[0.618s] INFO:colcon.colcon_core.shell:Creating package script '/home/johan/Dev/graduation_project/ros_ws/install/micro_ros_msgs/share/micro_ros_msgs/package.zsh'
[0.618s] Level 1:colcon.colcon_core.environment:create_file_with_runtime_dependencies(/home/johan/Dev/graduation_project/ros_ws/install/micro_ros_msgs/share/colcon-core/packages/micro_ros_msgs)
[0.658s] Level 1:colcon.colcon_core.environment:create_environment_scripts_only(ydlidar)
[0.659s] Level 1:colcon.colcon_core.environment:checking '/home/johan/Dev/graduation_project/ros_ws/install/ydlidar' for CMake module files
[0.659s] Level 1:colcon.colcon_core.environment:checking '/home/johan/Dev/graduation_project/ros_ws/install/ydlidar' for CMake config files
[0.660s] Level 1:colcon.colcon_core.shell:create_environment_hook('ydlidar', 'cmake_prefix_path')
[0.660s] INFO:colcon.colcon_core.shell:Creating environment hook '/home/johan/Dev/graduation_project/ros_ws/install/ydlidar/share/ydlidar/hook/cmake_prefix_path.ps1'
[0.660s] INFO:colcon.colcon_core.shell:Creating environment descriptor '/home/johan/Dev/graduation_project/ros_ws/install/ydlidar/share/ydlidar/hook/cmake_prefix_path.dsv'
[0.660s] INFO:colcon.colcon_core.shell:Creating environment hook '/home/johan/Dev/graduation_project/ros_ws/install/ydlidar/share/ydlidar/hook/cmake_prefix_path.sh'
[0.661s] Level 1:colcon.colcon_core.environment:checking '/home/johan/Dev/graduation_project/ros_ws/install/ydlidar/lib'
[0.661s] Level 1:colcon.colcon_core.environment:checking '/home/johan/Dev/graduation_project/ros_ws/install/ydlidar/bin'
[0.661s] Level 1:colcon.colcon_core.environment:checking '/home/johan/Dev/graduation_project/ros_ws/install/ydlidar/lib/pkgconfig/ydlidar.pc'
[0.661s] Level 1:colcon.colcon_core.environment:checking '/home/johan/Dev/graduation_project/ros_ws/install/ydlidar/lib/python3.10/site-packages'
[0.661s] Level 1:colcon.colcon_core.environment:checking '/home/johan/Dev/graduation_project/ros_ws/install/ydlidar/bin'
[0.661s] INFO:colcon.colcon_core.shell:Creating package script '/home/johan/Dev/graduation_project/ros_ws/install/ydlidar/share/ydlidar/package.ps1'
[0.662s] INFO:colcon.colcon_core.shell:Creating package descriptor '/home/johan/Dev/graduation_project/ros_ws/install/ydlidar/share/ydlidar/package.dsv'
[0.662s] INFO:colcon.colcon_core.shell:Creating package script '/home/johan/Dev/graduation_project/ros_ws/install/ydlidar/share/ydlidar/package.sh'
[0.662s] INFO:colcon.colcon_core.shell:Creating package script '/home/johan/Dev/graduation_project/ros_ws/install/ydlidar/share/ydlidar/package.bash'
[0.662s] INFO:colcon.colcon_core.shell:Creating package script '/home/johan/Dev/graduation_project/ros_ws/install/ydlidar/share/ydlidar/package.zsh'
[0.662s] Level 1:colcon.colcon_core.environment:create_file_with_runtime_dependencies(/home/johan/Dev/graduation_project/ros_ws/install/ydlidar/share/colcon-core/packages/ydlidar)
[0.680s] Level 1:colcon.colcon_core.environment:create_environment_scripts_only(micro_ros_msgs)
[0.680s] Level 1:colcon.colcon_core.environment:checking '/home/johan/Dev/graduation_project/ros_ws/install/micro_ros_msgs' for CMake module files
[0.680s] Level 1:colcon.colcon_core.environment:checking '/home/johan/Dev/graduation_project/ros_ws/install/micro_ros_msgs' for CMake config files
[0.680s] Level 1:colcon.colcon_core.shell:create_environment_hook('micro_ros_msgs', 'cmake_prefix_path')
[0.681s] INFO:colcon.colcon_core.shell:Creating environment hook '/home/johan/Dev/graduation_project/ros_ws/install/micro_ros_msgs/share/micro_ros_msgs/hook/cmake_prefix_path.ps1'
[0.681s] INFO:colcon.colcon_core.shell:Creating environment descriptor '/home/johan/Dev/graduation_project/ros_ws/install/micro_ros_msgs/share/micro_ros_msgs/hook/cmake_prefix_path.dsv'
[0.681s] INFO:colcon.colcon_core.shell:Creating environment hook '/home/johan/Dev/graduation_project/ros_ws/install/micro_ros_msgs/share/micro_ros_msgs/hook/cmake_prefix_path.sh'
[0.682s] Level 1:colcon.colcon_core.environment:checking '/home/johan/Dev/graduation_project/ros_ws/install/micro_ros_msgs/lib'
[0.682s] Level 1:colcon.colcon_core.shell:create_environment_hook('micro_ros_msgs', 'ld_library_path_lib')
[0.682s] INFO:colcon.colcon_core.shell:Creating environment hook '/home/johan/Dev/graduation_project/ros_ws/install/micro_ros_msgs/share/micro_ros_msgs/hook/ld_library_path_lib.ps1'
[0.682s] INFO:colcon.colcon_core.shell:Creating environment descriptor '/home/johan/Dev/graduation_project/ros_ws/install/micro_ros_msgs/share/micro_ros_msgs/hook/ld_library_path_lib.dsv'
[0.683s] INFO:colcon.colcon_core.shell:Creating environment hook '/home/johan/Dev/graduation_project/ros_ws/install/micro_ros_msgs/share/micro_ros_msgs/hook/ld_library_path_lib.sh'
[0.683s] Level 1:colcon.colcon_core.environment:checking '/home/johan/Dev/graduation_project/ros_ws/install/micro_ros_msgs/bin'
[0.683s] Level 1:colcon.colcon_core.environment:checking '/home/johan/Dev/graduation_project/ros_ws/install/micro_ros_msgs/lib/pkgconfig/micro_ros_msgs.pc'
[0.683s] Level 1:colcon.colcon_core.environment:checking '/home/johan/Dev/graduation_project/ros_ws/install/micro_ros_msgs/lib/python3.10/site-packages'
[0.683s] Level 1:colcon.colcon_core.environment:checking '/home/johan/Dev/graduation_project/ros_ws/install/micro_ros_msgs/bin'
[0.683s] INFO:colcon.colcon_core.shell:Creating package script '/home/johan/Dev/graduation_project/ros_ws/install/micro_ros_msgs/share/micro_ros_msgs/package.ps1'
[0.684s] INFO:colcon.colcon_core.shell:Creating package descriptor '/home/johan/Dev/graduation_project/ros_ws/install/micro_ros_msgs/share/micro_ros_msgs/package.dsv'
[0.684s] INFO:colcon.colcon_core.shell:Creating package script '/home/johan/Dev/graduation_project/ros_ws/install/micro_ros_msgs/share/micro_ros_msgs/package.sh'
[0.684s] INFO:colcon.colcon_core.shell:Creating package script '/home/johan/Dev/graduation_project/ros_ws/install/micro_ros_msgs/share/micro_ros_msgs/package.bash'
[0.684s] INFO:colcon.colcon_core.shell:Creating package script '/home/johan/Dev/graduation_project/ros_ws/install/micro_ros_msgs/share/micro_ros_msgs/package.zsh'
[0.685s] Level 1:colcon.colcon_core.environment:create_file_with_runtime_dependencies(/home/johan/Dev/graduation_project/ros_ws/install/micro_ros_msgs/share/colcon-core/packages/micro_ros_msgs)
[0.685s] INFO:colcon.colcon_ros.task.ament_cmake.build:Building ROS package in '/home/johan/Dev/graduation_project/ros_ws/src/micro-ROS-Agent/micro_ros_agent' with build type 'ament_cmake'
[0.685s] INFO:colcon.colcon_cmake.task.cmake.build:Building CMake package in '/home/johan/Dev/graduation_project/ros_ws/src/micro-ROS-Agent/micro_ros_agent'
[0.685s] INFO:colcon.colcon_core.shell:Skip shell extension 'powershell' for command environment: Not usable outside of PowerShell
[0.685s] DEBUG:colcon.colcon_core.shell:Skip shell extension 'dsv' for command environment
[0.693s] DEBUG:colcon.colcon_core.event_handler.log_command:Invoking command in '/home/johan/Dev/graduation_project/ros_ws/build/micro_ros_agent': CMAKE_PREFIX_PATH=/home/johan/Dev/graduation_project/ros_ws/install/micro_ros_msgs:/home/johan/Dev/graduation_project/ros_ws/install/ydlidar:/home/johan/Dev/graduation_project/ros_ws/install/robot_description:/home/johan/Dev/graduation_project/ros_ws/install/robot_bringup:/home/johan/Dev/graduation_project/ros_ws/install/micro_ros_agent:/home/johan/Dev/graduation_project/ros_ws/install/ros_serail2wifi:/opt/ros/humble LD_LIBRARY_PATH=/home/johan/Dev/graduation_project/ros_ws/install/micro_ros_msgs/lib:/home/johan/Dev/graduation_project/ros_ws/install/micro_ros_agent/lib:/usr/lib/x86_64-linux-gnu/gazebo-11/plugins:/opt/ros/humble/opt/rviz_ogre_vendor/lib:/opt/ros/humble/lib/x86_64-linux-gnu:/opt/ros/humble/lib:/opt/intel/openvino_2024.2.0/runtime/3rdparty/tbb/lib:/opt/intel/openvino_2024.2.0/runtime/lib/intel64:/usr/local/cuda-12.1/lib64:/opt/intel/openvino_2024.2.0/runtime/lib/intel64 /usr/bin/cmake --build /home/johan/Dev/graduation_project/ros_ws/build/micro_ros_agent -- -j16 -l16
[0.746s] DEBUG:colcon.colcon_core.event_handler.log_command:Invoked command in '/home/johan/Dev/graduation_project/ros_ws/build/micro_ros_agent' returned '0': CMAKE_PREFIX_PATH=/home/johan/Dev/graduation_project/ros_ws/install/micro_ros_msgs:/home/johan/Dev/graduation_project/ros_ws/install/ydlidar:/home/johan/Dev/graduation_project/ros_ws/install/robot_description:/home/johan/Dev/graduation_project/ros_ws/install/robot_bringup:/home/johan/Dev/graduation_project/ros_ws/install/micro_ros_agent:/home/johan/Dev/graduation_project/ros_ws/install/ros_serail2wifi:/opt/ros/humble LD_LIBRARY_PATH=/home/johan/Dev/graduation_project/ros_ws/install/micro_ros_msgs/lib:/home/johan/Dev/graduation_project/ros_ws/install/micro_ros_agent/lib:/usr/lib/x86_64-linux-gnu/gazebo-11/plugins:/opt/ros/humble/opt/rviz_ogre_vendor/lib:/opt/ros/humble/lib/x86_64-linux-gnu:/opt/ros/humble/lib:/opt/intel/openvino_2024.2.0/runtime/3rdparty/tbb/lib:/opt/intel/openvino_2024.2.0/runtime/lib/intel64:/usr/local/cuda-12.1/lib64:/opt/intel/openvino_2024.2.0/runtime/lib/intel64 /usr/bin/cmake --build /home/johan/Dev/graduation_project/ros_ws/build/micro_ros_agent -- -j16 -l16
[0.758s] DEBUG:colcon.colcon_core.event_handler.log_command:Invoking command in '/home/johan/Dev/graduation_project/ros_ws/src/ros_serial2wifi': PYTHONPATH=/home/johan/Dev/graduation_project/ros_ws/build/ros_serail2wifi/prefix_override:/usr/lib/python3/dist-packages/colcon_core/task/python/colcon_distutils_commands:/home/johan/Dev/graduation_project/ros_ws/install/ros_serail2wifi/lib/python3.10/site-packages:${PYTHONPATH} /usr/bin/python3 -W ignore:setup.py install is deprecated setup.py egg_info --egg-base ../../build/ros_serail2wifi build --build-base /home/johan/Dev/graduation_project/ros_ws/build/ros_serail2wifi/build install --record /home/johan/Dev/graduation_project/ros_ws/build/ros_serail2wifi/install.log --single-version-externally-managed install_data
[0.769s] DEBUG:colcon.colcon_core.event_handler.log_command:Invoked command in '/home/johan/Dev/graduation_project/ros_ws/build/robot_navigation2' returned '0': CMAKE_PREFIX_PATH=${CMAKE_PREFIX_PATH}:/home/johan/Dev/graduation_project/ros_ws/install/ros_serail2wifi:/opt/ros/humble /usr/bin/cmake --build /home/johan/Dev/graduation_project/ros_ws/build/robot_navigation2 -- -j16 -l16
[0.773s] DEBUG:colcon.colcon_core.event_handler.log_command:Invoking command in '/home/johan/Dev/graduation_project/ros_ws/build/micro_ros_agent': CMAKE_PREFIX_PATH=/home/johan/Dev/graduation_project/ros_ws/install/micro_ros_msgs:/home/johan/Dev/graduation_project/ros_ws/install/ydlidar:/home/johan/Dev/graduation_project/ros_ws/install/robot_description:/home/johan/Dev/graduation_project/ros_ws/install/robot_bringup:/home/johan/Dev/graduation_project/ros_ws/install/micro_ros_agent:/home/johan/Dev/graduation_project/ros_ws/install/ros_serail2wifi:/opt/ros/humble LD_LIBRARY_PATH=/home/johan/Dev/graduation_project/ros_ws/install/micro_ros_msgs/lib:/home/johan/Dev/graduation_project/ros_ws/install/micro_ros_agent/lib:/usr/lib/x86_64-linux-gnu/gazebo-11/plugins:/opt/ros/humble/opt/rviz_ogre_vendor/lib:/opt/ros/humble/lib/x86_64-linux-gnu:/opt/ros/humble/lib:/opt/intel/openvino_2024.2.0/runtime/3rdparty/tbb/lib:/opt/intel/openvino_2024.2.0/runtime/lib/intel64:/usr/local/cuda-12.1/lib64:/opt/intel/openvino_2024.2.0/runtime/lib/intel64 /usr/bin/cmake --install /home/johan/Dev/graduation_project/ros_ws/build/micro_ros_agent
[0.780s] Level 1:colcon.colcon_core.environment:create_environment_scripts_only(micro_ros_agent)
[0.780s] Level 1:colcon.colcon_core.environment:checking '/home/johan/Dev/graduation_project/ros_ws/install/micro_ros_agent' for CMake module files
[0.782s] Level 1:colcon.colcon_core.environment:checking '/home/johan/Dev/graduation_project/ros_ws/install/micro_ros_agent' for CMake config files
[0.783s] DEBUG:colcon.colcon_core.event_handler.log_command:Invoked command in '/home/johan/Dev/graduation_project/ros_ws/build/micro_ros_agent' returned '0': CMAKE_PREFIX_PATH=/home/johan/Dev/graduation_project/ros_ws/install/micro_ros_msgs:/home/johan/Dev/graduation_project/ros_ws/install/ydlidar:/home/johan/Dev/graduation_project/ros_ws/install/robot_description:/home/johan/Dev/graduation_project/ros_ws/install/robot_bringup:/home/johan/Dev/graduation_project/ros_ws/install/micro_ros_agent:/home/johan/Dev/graduation_project/ros_ws/install/ros_serail2wifi:/opt/ros/humble LD_LIBRARY_PATH=/home/johan/Dev/graduation_project/ros_ws/install/micro_ros_msgs/lib:/home/johan/Dev/graduation_project/ros_ws/install/micro_ros_agent/lib:/usr/lib/x86_64-linux-gnu/gazebo-11/plugins:/opt/ros/humble/opt/rviz_ogre_vendor/lib:/opt/ros/humble/lib/x86_64-linux-gnu:/opt/ros/humble/lib:/opt/intel/openvino_2024.2.0/runtime/3rdparty/tbb/lib:/opt/intel/openvino_2024.2.0/runtime/lib/intel64:/usr/local/cuda-12.1/lib64:/opt/intel/openvino_2024.2.0/runtime/lib/intel64 /usr/bin/cmake --install /home/johan/Dev/graduation_project/ros_ws/build/micro_ros_agent
[0.783s] Level 1:colcon.colcon_core.shell:create_environment_hook('micro_ros_agent', 'cmake_prefix_path')
[0.783s] INFO:colcon.colcon_core.shell:Creating environment hook '/home/johan/Dev/graduation_project/ros_ws/install/micro_ros_agent/share/micro_ros_agent/hook/cmake_prefix_path.ps1'
[0.784s] INFO:colcon.colcon_core.shell:Creating environment descriptor '/home/johan/Dev/graduation_project/ros_ws/install/micro_ros_agent/share/micro_ros_agent/hook/cmake_prefix_path.dsv'
[0.784s] INFO:colcon.colcon_core.shell:Creating environment hook '/home/johan/Dev/graduation_project/ros_ws/install/micro_ros_agent/share/micro_ros_agent/hook/cmake_prefix_path.sh'
[0.785s] Level 1:colcon.colcon_core.environment:checking '/home/johan/Dev/graduation_project/ros_ws/install/micro_ros_agent/lib'
[0.785s] Level 1:colcon.colcon_core.shell:create_environment_hook('micro_ros_agent', 'ld_library_path_lib')
[0.785s] INFO:colcon.colcon_core.shell:Creating environment hook '/home/johan/Dev/graduation_project/ros_ws/install/micro_ros_agent/share/micro_ros_agent/hook/ld_library_path_lib.ps1'
[0.786s] INFO:colcon.colcon_core.shell:Creating environment descriptor '/home/johan/Dev/graduation_project/ros_ws/install/micro_ros_agent/share/micro_ros_agent/hook/ld_library_path_lib.dsv'
[0.786s] INFO:colcon.colcon_core.shell:Creating environment hook '/home/johan/Dev/graduation_project/ros_ws/install/micro_ros_agent/share/micro_ros_agent/hook/ld_library_path_lib.sh'
[0.786s] Level 1:colcon.colcon_core.environment:checking '/home/johan/Dev/graduation_project/ros_ws/install/micro_ros_agent/bin'
[0.786s] Level 1:colcon.colcon_core.environment:checking '/home/johan/Dev/graduation_project/ros_ws/install/micro_ros_agent/lib/pkgconfig/micro_ros_agent.pc'
[0.787s] Level 1:colcon.colcon_core.environment:checking '/home/johan/Dev/graduation_project/ros_ws/install/micro_ros_agent/lib/python3.10/site-packages'
[0.787s] Level 1:colcon.colcon_core.environment:checking '/home/johan/Dev/graduation_project/ros_ws/install/micro_ros_agent/bin'
[0.787s] INFO:colcon.colcon_core.shell:Creating package script '/home/johan/Dev/graduation_project/ros_ws/install/micro_ros_agent/share/micro_ros_agent/package.ps1'
[0.788s] INFO:colcon.colcon_core.shell:Creating package descriptor '/home/johan/Dev/graduation_project/ros_ws/install/micro_ros_agent/share/micro_ros_agent/package.dsv'
[0.788s] INFO:colcon.colcon_core.shell:Creating package script '/home/johan/Dev/graduation_project/ros_ws/install/micro_ros_agent/share/micro_ros_agent/package.sh'
[0.788s] INFO:colcon.colcon_core.shell:Creating package script '/home/johan/Dev/graduation_project/ros_ws/install/micro_ros_agent/share/micro_ros_agent/package.bash'
[0.789s] INFO:colcon.colcon_core.shell:Creating package script '/home/johan/Dev/graduation_project/ros_ws/install/micro_ros_agent/share/micro_ros_agent/package.zsh'
[0.789s] Level 1:colcon.colcon_core.environment:create_file_with_runtime_dependencies(/home/johan/Dev/graduation_project/ros_ws/install/micro_ros_agent/share/colcon-core/packages/micro_ros_agent)
[0.791s] DEBUG:colcon.colcon_core.event_handler.log_command:Invoking command in '/home/johan/Dev/graduation_project/ros_ws/build/robot_navigation2': CMAKE_PREFIX_PATH=${CMAKE_PREFIX_PATH}:/home/johan/Dev/graduation_project/ros_ws/install/ros_serail2wifi:/opt/ros/humble /usr/bin/cmake --install /home/johan/Dev/graduation_project/ros_ws/build/robot_navigation2
[0.798s] Level 1:colcon.colcon_core.environment:create_environment_scripts_only(robot_navigation2)
[0.799s] Level 1:colcon.colcon_core.environment:checking '/home/johan/Dev/graduation_project/ros_ws/install/robot_navigation2' for CMake module files
[0.800s] Level 1:colcon.colcon_core.environment:checking '/home/johan/Dev/graduation_project/ros_ws/install/robot_navigation2' for CMake config files
[0.801s] DEBUG:colcon.colcon_core.event_handler.log_command:Invoked command in '/home/johan/Dev/graduation_project/ros_ws/build/robot_navigation2' returned '0': CMAKE_PREFIX_PATH=${CMAKE_PREFIX_PATH}:/home/johan/Dev/graduation_project/ros_ws/install/ros_serail2wifi:/opt/ros/humble /usr/bin/cmake --install /home/johan/Dev/graduation_project/ros_ws/build/robot_navigation2
[0.801s] Level 1:colcon.colcon_core.shell:create_environment_hook('robot_navigation2', 'cmake_prefix_path')
[0.801s] INFO:colcon.colcon_core.shell:Creating environment hook '/home/johan/Dev/graduation_project/ros_ws/install/robot_navigation2/share/robot_navigation2/hook/cmake_prefix_path.ps1'
[0.802s] INFO:colcon.colcon_core.shell:Creating environment descriptor '/home/johan/Dev/graduation_project/ros_ws/install/robot_navigation2/share/robot_navigation2/hook/cmake_prefix_path.dsv'
[0.802s] INFO:colcon.colcon_core.shell:Creating environment hook '/home/johan/Dev/graduation_project/ros_ws/install/robot_navigation2/share/robot_navigation2/hook/cmake_prefix_path.sh'
[0.803s] Level 1:colcon.colcon_core.environment:checking '/home/johan/Dev/graduation_project/ros_ws/install/robot_navigation2/bin'
[0.803s] Level 1:colcon.colcon_core.environment:checking '/home/johan/Dev/graduation_project/ros_ws/install/robot_navigation2/lib/pkgconfig/robot_navigation2.pc'
[0.803s] Level 1:colcon.colcon_core.environment:checking '/home/johan/Dev/graduation_project/ros_ws/install/robot_navigation2/lib/python3.10/site-packages'
[0.803s] Level 1:colcon.colcon_core.environment:checking '/home/johan/Dev/graduation_project/ros_ws/install/robot_navigation2/bin'
[0.804s] INFO:colcon.colcon_core.shell:Creating package script '/home/johan/Dev/graduation_project/ros_ws/install/robot_navigation2/share/robot_navigation2/package.ps1'
[0.804s] INFO:colcon.colcon_core.shell:Creating package descriptor '/home/johan/Dev/graduation_project/ros_ws/install/robot_navigation2/share/robot_navigation2/package.dsv'
[0.805s] INFO:colcon.colcon_core.shell:Creating package script '/home/johan/Dev/graduation_project/ros_ws/install/robot_navigation2/share/robot_navigation2/package.sh'
[0.805s] INFO:colcon.colcon_core.shell:Creating package script '/home/johan/Dev/graduation_project/ros_ws/install/robot_navigation2/share/robot_navigation2/package.bash'
[0.805s] INFO:colcon.colcon_core.shell:Creating package script '/home/johan/Dev/graduation_project/ros_ws/install/robot_navigation2/share/robot_navigation2/package.zsh'
[0.806s] Level 1:colcon.colcon_core.environment:create_file_with_runtime_dependencies(/home/johan/Dev/graduation_project/ros_ws/install/robot_navigation2/share/colcon-core/packages/robot_navigation2)
[0.810s] Level 1:colcon.colcon_core.environment:create_environment_scripts_only(micro_ros_agent)
[0.811s] Level 1:colcon.colcon_core.environment:checking '/home/johan/Dev/graduation_project/ros_ws/install/micro_ros_agent' for CMake module files
[0.811s] Level 1:colcon.colcon_core.environment:checking '/home/johan/Dev/graduation_project/ros_ws/install/micro_ros_agent' for CMake config files
[0.812s] Level 1:colcon.colcon_core.shell:create_environment_hook('micro_ros_agent', 'cmake_prefix_path')
[0.812s] INFO:colcon.colcon_core.shell:Creating environment hook '/home/johan/Dev/graduation_project/ros_ws/install/micro_ros_agent/share/micro_ros_agent/hook/cmake_prefix_path.ps1'
[0.812s] INFO:colcon.colcon_core.shell:Creating environment descriptor '/home/johan/Dev/graduation_project/ros_ws/install/micro_ros_agent/share/micro_ros_agent/hook/cmake_prefix_path.dsv'
[0.813s] INFO:colcon.colcon_core.shell:Creating environment hook '/home/johan/Dev/graduation_project/ros_ws/install/micro_ros_agent/share/micro_ros_agent/hook/cmake_prefix_path.sh'
[0.813s] Level 1:colcon.colcon_core.environment:checking '/home/johan/Dev/graduation_project/ros_ws/install/micro_ros_agent/lib'
[0.813s] Level 1:colcon.colcon_core.shell:create_environment_hook('micro_ros_agent', 'ld_library_path_lib')
[0.814s] INFO:colcon.colcon_core.shell:Creating environment hook '/home/johan/Dev/graduation_project/ros_ws/install/micro_ros_agent/share/micro_ros_agent/hook/ld_library_path_lib.ps1'
[0.814s] INFO:colcon.colcon_core.shell:Creating environment descriptor '/home/johan/Dev/graduation_project/ros_ws/install/micro_ros_agent/share/micro_ros_agent/hook/ld_library_path_lib.dsv'
[0.814s] INFO:colcon.colcon_core.shell:Creating environment hook '/home/johan/Dev/graduation_project/ros_ws/install/micro_ros_agent/share/micro_ros_agent/hook/ld_library_path_lib.sh'
[0.815s] Level 1:colcon.colcon_core.environment:checking '/home/johan/Dev/graduation_project/ros_ws/install/micro_ros_agent/bin'
[0.815s] Level 1:colcon.colcon_core.environment:checking '/home/johan/Dev/graduation_project/ros_ws/install/micro_ros_agent/lib/pkgconfig/micro_ros_agent.pc'
[0.815s] Level 1:colcon.colcon_core.environment:checking '/home/johan/Dev/graduation_project/ros_ws/install/micro_ros_agent/lib/python3.10/site-packages'
[0.815s] Level 1:colcon.colcon_core.environment:checking '/home/johan/Dev/graduation_project/ros_ws/install/micro_ros_agent/bin'
[0.816s] INFO:colcon.colcon_core.shell:Creating package script '/home/johan/Dev/graduation_project/ros_ws/install/micro_ros_agent/share/micro_ros_agent/package.ps1'
[0.816s] INFO:colcon.colcon_core.shell:Creating package descriptor '/home/johan/Dev/graduation_project/ros_ws/install/micro_ros_agent/share/micro_ros_agent/package.dsv'
[0.817s] INFO:colcon.colcon_core.shell:Creating package script '/home/johan/Dev/graduation_project/ros_ws/install/micro_ros_agent/share/micro_ros_agent/package.sh'
[0.817s] INFO:colcon.colcon_core.shell:Creating package script '/home/johan/Dev/graduation_project/ros_ws/install/micro_ros_agent/share/micro_ros_agent/package.bash'
[0.818s] INFO:colcon.colcon_core.shell:Creating package script '/home/johan/Dev/graduation_project/ros_ws/install/micro_ros_agent/share/micro_ros_agent/package.zsh'
[0.818s] Level 1:colcon.colcon_core.environment:create_file_with_runtime_dependencies(/home/johan/Dev/graduation_project/ros_ws/install/micro_ros_agent/share/colcon-core/packages/micro_ros_agent)
[0.822s] Level 1:colcon.colcon_core.environment:create_environment_scripts_only(robot_navigation2)
[0.822s] Level 1:colcon.colcon_core.environment:checking '/home/johan/Dev/graduation_project/ros_ws/install/robot_navigation2' for CMake module files
[0.822s] Level 1:colcon.colcon_core.environment:checking '/home/johan/Dev/graduation_project/ros_ws/install/robot_navigation2' for CMake config files
[0.823s] Level 1:colcon.colcon_core.shell:create_environment_hook('robot_navigation2', 'cmake_prefix_path')
[0.823s] INFO:colcon.colcon_core.shell:Creating environment hook '/home/johan/Dev/graduation_project/ros_ws/install/robot_navigation2/share/robot_navigation2/hook/cmake_prefix_path.ps1'
[0.823s] INFO:colcon.colcon_core.shell:Creating environment descriptor '/home/johan/Dev/graduation_project/ros_ws/install/robot_navigation2/share/robot_navigation2/hook/cmake_prefix_path.dsv'
[0.824s] INFO:colcon.colcon_core.shell:Creating environment hook '/home/johan/Dev/graduation_project/ros_ws/install/robot_navigation2/share/robot_navigation2/hook/cmake_prefix_path.sh'
[0.824s] Level 1:colcon.colcon_core.environment:checking '/home/johan/Dev/graduation_project/ros_ws/install/robot_navigation2/bin'
[0.824s] Level 1:colcon.colcon_core.environment:checking '/home/johan/Dev/graduation_project/ros_ws/install/robot_navigation2/lib/pkgconfig/robot_navigation2.pc'
[0.825s] Level 1:colcon.colcon_core.environment:checking '/home/johan/Dev/graduation_project/ros_ws/install/robot_navigation2/lib/python3.10/site-packages'
[0.825s] Level 1:colcon.colcon_core.environment:checking '/home/johan/Dev/graduation_project/ros_ws/install/robot_navigation2/bin'
[0.825s] INFO:colcon.colcon_core.shell:Creating package script '/home/johan/Dev/graduation_project/ros_ws/install/robot_navigation2/share/robot_navigation2/package.ps1'
[0.826s] INFO:colcon.colcon_core.shell:Creating package descriptor '/home/johan/Dev/graduation_project/ros_ws/install/robot_navigation2/share/robot_navigation2/package.dsv'
[0.826s] INFO:colcon.colcon_core.shell:Creating package script '/home/johan/Dev/graduation_project/ros_ws/install/robot_navigation2/share/robot_navigation2/package.sh'
[0.827s] INFO:colcon.colcon_core.shell:Creating package script '/home/johan/Dev/graduation_project/ros_ws/install/robot_navigation2/share/robot_navigation2/package.bash'
[0.827s] INFO:colcon.colcon_core.shell:Creating package script '/home/johan/Dev/graduation_project/ros_ws/install/robot_navigation2/share/robot_navigation2/package.zsh'
[0.827s] Level 1:colcon.colcon_core.environment:create_file_with_runtime_dependencies(/home/johan/Dev/graduation_project/ros_ws/install/robot_navigation2/share/colcon-core/packages/robot_navigation2)
[0.955s] Level 1:colcon.colcon_core.environment:checking '/home/johan/Dev/graduation_project/ros_ws/install/ros_serail2wifi' for CMake module files
[0.956s] DEBUG:colcon.colcon_core.event_handler.log_command:Invoked command in '/home/johan/Dev/graduation_project/ros_ws/src/ros_serial2wifi' returned '0': PYTHONPATH=/home/johan/Dev/graduation_project/ros_ws/build/ros_serail2wifi/prefix_override:/usr/lib/python3/dist-packages/colcon_core/task/python/colcon_distutils_commands:/home/johan/Dev/graduation_project/ros_ws/install/ros_serail2wifi/lib/python3.10/site-packages:${PYTHONPATH} /usr/bin/python3 -W ignore:setup.py install is deprecated setup.py egg_info --egg-base ../../build/ros_serail2wifi build --build-base /home/johan/Dev/graduation_project/ros_ws/build/ros_serail2wifi/build install --record /home/johan/Dev/graduation_project/ros_ws/build/ros_serail2wifi/install.log --single-version-externally-managed install_data
[0.956s] Level 1:colcon.colcon_core.environment:checking '/home/johan/Dev/graduation_project/ros_ws/install/ros_serail2wifi' for CMake config files
[0.957s] Level 1:colcon.colcon_core.environment:checking '/home/johan/Dev/graduation_project/ros_ws/install/ros_serail2wifi/lib'
[0.957s] Level 1:colcon.colcon_core.environment:checking '/home/johan/Dev/graduation_project/ros_ws/install/ros_serail2wifi/bin'
[0.957s] Level 1:colcon.colcon_core.environment:checking '/home/johan/Dev/graduation_project/ros_ws/install/ros_serail2wifi/lib/pkgconfig/ros_serail2wifi.pc'
[0.957s] Level 1:colcon.colcon_core.environment:checking '/home/johan/Dev/graduation_project/ros_ws/install/ros_serail2wifi/lib/python3.10/site-packages'
[0.957s] Level 1:colcon.colcon_core.shell:create_environment_hook('ros_serail2wifi', 'pythonpath')
[0.958s] INFO:colcon.colcon_core.shell:Creating environment hook '/home/johan/Dev/graduation_project/ros_ws/install/ros_serail2wifi/share/ros_serail2wifi/hook/pythonpath.ps1'
[0.958s] INFO:colcon.colcon_core.shell:Creating environment descriptor '/home/johan/Dev/graduation_project/ros_ws/install/ros_serail2wifi/share/ros_serail2wifi/hook/pythonpath.dsv'
[0.959s] INFO:colcon.colcon_core.shell:Creating environment hook '/home/johan/Dev/graduation_project/ros_ws/install/ros_serail2wifi/share/ros_serail2wifi/hook/pythonpath.sh'
[0.959s] Level 1:colcon.colcon_core.environment:checking '/home/johan/Dev/graduation_project/ros_ws/install/ros_serail2wifi/bin'
[0.959s] Level 1:colcon.colcon_core.environment:create_environment_scripts_only(ros_serail2wifi)
[0.960s] INFO:colcon.colcon_core.shell:Creating package script '/home/johan/Dev/graduation_project/ros_ws/install/ros_serail2wifi/share/ros_serail2wifi/package.ps1'
[0.960s] INFO:colcon.colcon_core.shell:Creating package descriptor '/home/johan/Dev/graduation_project/ros_ws/install/ros_serail2wifi/share/ros_serail2wifi/package.dsv'
[0.961s] INFO:colcon.colcon_core.shell:Creating package script '/home/johan/Dev/graduation_project/ros_ws/install/ros_serail2wifi/share/ros_serail2wifi/package.sh'
[0.961s] INFO:colcon.colcon_core.shell:Creating package script '/home/johan/Dev/graduation_project/ros_ws/install/ros_serail2wifi/share/ros_serail2wifi/package.bash'
[0.961s] INFO:colcon.colcon_core.shell:Creating package script '/home/johan/Dev/graduation_project/ros_ws/install/ros_serail2wifi/share/ros_serail2wifi/package.zsh'
[0.962s] Level 1:colcon.colcon_core.environment:create_file_with_runtime_dependencies(/home/johan/Dev/graduation_project/ros_ws/install/ros_serail2wifi/share/colcon-core/packages/ros_serail2wifi)
[0.962s] DEBUG:colcon.colcon_parallel_executor.executor.parallel:closing loop
[0.962s] DEBUG:colcon.colcon_parallel_executor.executor.parallel:loop closed
[0.962s] DEBUG:colcon.colcon_parallel_executor.executor.parallel:run_until_complete finished with '0'
[0.962s] DEBUG:colcon.colcon_core.event_reactor:joining thread
[0.966s] INFO:colcon.colcon_core.plugin_system:Skipping extension 'colcon_notification.desktop_notification.terminal_notifier': Not used on non-Darwin systems
[0.966s] INFO:colcon.colcon_core.plugin_system:Skipping extension 'colcon_notification.desktop_notification.win32': Not used on non-Windows systems
[0.966s] INFO:colcon.colcon_notification.desktop_notification:Sending desktop notification using 'notify2'
[0.976s] DEBUG:colcon.colcon_core.event_reactor:joined thread
[0.976s] INFO:colcon.colcon_core.shell:Creating prefix script '/home/johan/Dev/graduation_project/ros_ws/install/local_setup.ps1'
[0.977s] INFO:colcon.colcon_core.shell:Creating prefix util module '/home/johan/Dev/graduation_project/ros_ws/install/_local_setup_util_ps1.py'
[0.977s] INFO:colcon.colcon_core.shell:Creating prefix chain script '/home/johan/Dev/graduation_project/ros_ws/install/setup.ps1'
[0.978s] INFO:colcon.colcon_core.shell:Creating prefix script '/home/johan/Dev/graduation_project/ros_ws/install/local_setup.sh'
[0.978s] INFO:colcon.colcon_core.shell:Creating prefix util module '/home/johan/Dev/graduation_project/ros_ws/install/_local_setup_util_sh.py'
[0.979s] INFO:colcon.colcon_core.shell:Creating prefix chain script '/home/johan/Dev/graduation_project/ros_ws/install/setup.sh'
[0.979s] INFO:colcon.colcon_core.shell:Creating prefix script '/home/johan/Dev/graduation_project/ros_ws/install/local_setup.bash'
[0.980s] INFO:colcon.colcon_core.shell:Creating prefix chain script '/home/johan/Dev/graduation_project/ros_ws/install/setup.bash'
[0.980s] INFO:colcon.colcon_core.shell:Creating prefix script '/home/johan/Dev/graduation_project/ros_ws/install/local_setup.zsh'
[0.981s] INFO:colcon.colcon_core.shell:Creating prefix chain script '/home/johan/Dev/graduation_project/ros_ws/install/setup.zsh'
