[0.210s] Invoking command in '/home/johan/Dev/graduation_project/ros_ws/build/ydlidar': CMAKE_PREFIX_PATH=${CMAKE_PREFIX_PATH}:/home/johan/Dev/graduation_project/ros_ws/install/ros_serail2wifi:/opt/ros/humble /usr/bin/cmake --build /home/johan/Dev/graduation_project/ros_ws/build/ydlidar -- -j16 -l16
[0.246s] [  8%] Built target ydlidar_client
[0.256s] [100%] Built target ydlidar_node
[0.263s] Invoked command in '/home/johan/Dev/graduation_project/ros_ws/build/ydlidar' returned '0': CMAKE_PREFIX_PATH=${CMAKE_PREFIX_PATH}:/home/johan/Dev/graduation_project/ros_ws/install/ros_serail2wifi:/opt/ros/humble /usr/bin/cmake --build /home/johan/Dev/graduation_project/ros_ws/build/ydlidar -- -j16 -l16
[0.309s] Invoking command in '/home/johan/Dev/graduation_project/ros_ws/build/ydlidar': CMAKE_PREFIX_PATH=${CMAKE_PREFIX_PATH}:/home/johan/Dev/graduation_project/ros_ws/install/ros_serail2wifi:/opt/ros/humble /usr/bin/cmake --install /home/johan/Dev/graduation_project/ros_ws/build/ydlidar
[0.315s] -- Install configuration: ""
[0.315s] -- Up-to-date: /home/johan/Dev/graduation_project/ros_ws/install/ydlidar/lib/ydlidar/ydlidar_node
[0.315s] -- Up-to-date: /home/johan/Dev/graduation_project/ros_ws/install/ydlidar/lib/ydlidar/ydlidar_client
[0.315s] -- Up-to-date: /home/johan/Dev/graduation_project/ros_ws/install/ydlidar/share/ydlidar/launch
[0.315s] -- Up-to-date: /home/johan/Dev/graduation_project/ros_ws/install/ydlidar/share/ydlidar/launch/ydlidar.py
[0.315s] -- Up-to-date: /home/johan/Dev/graduation_project/ros_ws/install/ydlidar/share/ydlidar/launch/ydlidar_launch.py
[0.315s] -- Up-to-date: /home/johan/Dev/graduation_project/ros_ws/install/ydlidar/share/ydlidar/params
[0.316s] -- Up-to-date: /home/johan/Dev/graduation_project/ros_ws/install/ydlidar/share/ydlidar/params/ydlidar.yaml
[0.316s] -- Up-to-date: /home/johan/Dev/graduation_project/ros_ws/install/ydlidar/share/ydlidar/startup
[0.316s] -- Up-to-date: /home/johan/Dev/graduation_project/ros_ws/install/ydlidar/share/ydlidar/startup/initenv.sh
[0.316s] -- Up-to-date: /home/johan/Dev/graduation_project/ros_ws/install/ydlidar/share/ydlidar/config
[0.316s] -- Up-to-date: /home/johan/Dev/graduation_project/ros_ws/install/ydlidar/share/ydlidar/config/ydlidar.rviz
[0.316s] -- Up-to-date: /home/johan/Dev/graduation_project/ros_ws/install/ydlidar/share/ament_index/resource_index/package_run_dependencies/ydlidar
[0.316s] -- Up-to-date: /home/johan/Dev/graduation_project/ros_ws/install/ydlidar/share/ament_index/resource_index/parent_prefix_path/ydlidar
[0.316s] -- Up-to-date: /home/johan/Dev/graduation_project/ros_ws/install/ydlidar/share/ydlidar/environment/ament_prefix_path.sh
[0.316s] -- Up-to-date: /home/johan/Dev/graduation_project/ros_ws/install/ydlidar/share/ydlidar/environment/ament_prefix_path.dsv
[0.316s] -- Up-to-date: /home/johan/Dev/graduation_project/ros_ws/install/ydlidar/share/ydlidar/environment/path.sh
[0.317s] -- Up-to-date: /home/johan/Dev/graduation_project/ros_ws/install/ydlidar/share/ydlidar/environment/path.dsv
[0.317s] -- Up-to-date: /home/johan/Dev/graduation_project/ros_ws/install/ydlidar/share/ydlidar/local_setup.bash
[0.317s] -- Up-to-date: /home/johan/Dev/graduation_project/ros_ws/install/ydlidar/share/ydlidar/local_setup.sh
[0.317s] -- Up-to-date: /home/johan/Dev/graduation_project/ros_ws/install/ydlidar/share/ydlidar/local_setup.zsh
[0.317s] -- Up-to-date: /home/johan/Dev/graduation_project/ros_ws/install/ydlidar/share/ydlidar/local_setup.dsv
[0.317s] -- Installing: /home/johan/Dev/graduation_project/ros_ws/install/ydlidar/share/ydlidar/package.dsv
[0.317s] -- Up-to-date: /home/johan/Dev/graduation_project/ros_ws/install/ydlidar/share/ament_index/resource_index/packages/ydlidar
[0.317s] -- Up-to-date: /home/johan/Dev/graduation_project/ros_ws/install/ydlidar/share/ydlidar/cmake/ydlidarConfig.cmake
[0.317s] -- Up-to-date: /home/johan/Dev/graduation_project/ros_ws/install/ydlidar/share/ydlidar/cmake/ydlidarConfig-version.cmake
[0.317s] -- Up-to-date: /home/johan/Dev/graduation_project/ros_ws/install/ydlidar/share/ydlidar/package.xml
[0.333s] Invoked command in '/home/johan/Dev/graduation_project/ros_ws/build/ydlidar' returned '0': CMAKE_PREFIX_PATH=${CMAKE_PREFIX_PATH}:/home/johan/Dev/graduation_project/ros_ws/install/ros_serail2wifi:/opt/ros/humble /usr/bin/cmake --install /home/johan/Dev/graduation_project/ros_ws/build/ydlidar
