[0.077s] DEBUG:colcon:Command line arguments: ['/usr/bin/colcon', 'build']
[0.078s] DEBUG:colcon:Parsed command line arguments: Namespace(log_base=None, log_level=None, verb_name='build', build_base='build', install_base='install', merge_install=False, symlink_install=False, test_result_base=None, continue_on_error=False, executor='parallel', parallel_workers=16, event_handlers=None, ignore_user_meta=False, metas=['./colcon.meta'], base_paths=['.'], packages_ignore=None, packages_ignore_regex=None, paths=None, packages_up_to=None, packages_up_to_regex=None, packages_above=None, packages_above_and_dependencies=None, packages_above_depth=None, packages_select_by_dep=None, packages_skip_by_dep=None, packages_skip_up_to=None, packages_select_build_failed=False, packages_skip_build_finished=False, packages_select_test_failures=False, packages_skip_test_passed=False, packages_select=None, packages_skip=None, packages_select_regex=None, packages_skip_regex=None, packages_start=None, packages_end=None, allow_overriding=[], cmake_args=None, cmake_target=None, cmake_target_skip_unavailable=False, cmake_clean_cache=False, cmake_clean_first=False, cmake_force_configure=False, ament_cmake_args=None, catkin_cmake_args=None, catkin_skip_building_tests=False, mixin_files=None, mixin=None, verb_parser=<colcon_mixin.mixin.mixin_argument.MixinArgumentDecorator object at 0x7592c6563280>, verb_extension=<colcon_core.verb.build.BuildVerb object at 0x7592c6562dd0>, main=<bound method BuildVerb.main of <colcon_core.verb.build.BuildVerb object at 0x7592c6562dd0>>, mixin_verb=('build',))
[0.184s] Level 1:colcon.colcon_core.package_discovery:discover_packages(colcon_meta) check parameters
[0.184s] Level 1:colcon.colcon_core.package_discovery:discover_packages(recursive) check parameters
[0.184s] Level 1:colcon.colcon_core.package_discovery:discover_packages(ignore) check parameters
[0.184s] Level 1:colcon.colcon_core.package_discovery:discover_packages(path) check parameters
[0.184s] Level 1:colcon.colcon_core.package_discovery:discover_packages(colcon_meta) discover
[0.184s] Level 1:colcon.colcon_core.package_discovery:discover_packages(recursive) discover
[0.184s] INFO:colcon.colcon_core.package_discovery:Crawling recursively for packages in '/home/johan/Dev/graduation_project/ros_ws'
[0.184s] Level 1:colcon.colcon_core.package_identification:_identify(.) by extensions ['ignore', 'ignore_ament_install']
[0.184s] Level 1:colcon.colcon_core.package_identification:_identify(.) by extension 'ignore'
[0.185s] Level 1:colcon.colcon_core.package_identification:_identify(.) by extension 'ignore_ament_install'
[0.185s] Level 1:colcon.colcon_core.package_identification:_identify(.) by extensions ['colcon_pkg']
[0.185s] Level 1:colcon.colcon_core.package_identification:_identify(.) by extension 'colcon_pkg'
[0.185s] Level 1:colcon.colcon_core.package_identification:_identify(.) by extensions ['colcon_meta']
[0.185s] Level 1:colcon.colcon_core.package_identification:_identify(.) by extension 'colcon_meta'
[0.185s] Level 1:colcon.colcon_core.package_identification:_identify(.) by extensions ['ros']
[0.185s] Level 1:colcon.colcon_core.package_identification:_identify(.) by extension 'ros'
[0.192s] Level 1:colcon.colcon_core.package_identification:_identify(.) by extensions ['cmake', 'python']
[0.192s] Level 1:colcon.colcon_core.package_identification:_identify(.) by extension 'cmake'
[0.192s] Level 1:colcon.colcon_core.package_identification:_identify(.) by extension 'python'
[0.192s] Level 1:colcon.colcon_core.package_identification:_identify(.) by extensions ['python_setup_py']
[0.192s] Level 1:colcon.colcon_core.package_identification:_identify(.) by extension 'python_setup_py'
[0.192s] Level 1:colcon.colcon_core.package_identification:_identify(build) by extensions ['ignore', 'ignore_ament_install']
[0.192s] Level 1:colcon.colcon_core.package_identification:_identify(build) by extension 'ignore'
[0.192s] Level 1:colcon.colcon_core.package_identification:_identify(build) ignored
[0.192s] Level 1:colcon.colcon_core.package_identification:_identify(img) by extensions ['ignore', 'ignore_ament_install']
[0.192s] Level 1:colcon.colcon_core.package_identification:_identify(img) by extension 'ignore'
[0.192s] Level 1:colcon.colcon_core.package_identification:_identify(img) by extension 'ignore_ament_install'
[0.192s] Level 1:colcon.colcon_core.package_identification:_identify(img) by extensions ['colcon_pkg']
[0.192s] Level 1:colcon.colcon_core.package_identification:_identify(img) by extension 'colcon_pkg'
[0.192s] Level 1:colcon.colcon_core.package_identification:_identify(img) by extensions ['colcon_meta']
[0.192s] Level 1:colcon.colcon_core.package_identification:_identify(img) by extension 'colcon_meta'
[0.192s] Level 1:colcon.colcon_core.package_identification:_identify(img) by extensions ['ros']
[0.192s] Level 1:colcon.colcon_core.package_identification:_identify(img) by extension 'ros'
[0.192s] Level 1:colcon.colcon_core.package_identification:_identify(img) by extensions ['cmake', 'python']
[0.192s] Level 1:colcon.colcon_core.package_identification:_identify(img) by extension 'cmake'
[0.192s] Level 1:colcon.colcon_core.package_identification:_identify(img) by extension 'python'
[0.192s] Level 1:colcon.colcon_core.package_identification:_identify(img) by extensions ['python_setup_py']
[0.192s] Level 1:colcon.colcon_core.package_identification:_identify(img) by extension 'python_setup_py'
[0.192s] Level 1:colcon.colcon_core.package_identification:_identify(install) by extensions ['ignore', 'ignore_ament_install']
[0.192s] Level 1:colcon.colcon_core.package_identification:_identify(install) by extension 'ignore'
[0.192s] Level 1:colcon.colcon_core.package_identification:_identify(install) ignored
[0.192s] Level 1:colcon.colcon_core.package_identification:_identify(log) by extensions ['ignore', 'ignore_ament_install']
[0.192s] Level 1:colcon.colcon_core.package_identification:_identify(log) by extension 'ignore'
[0.193s] Level 1:colcon.colcon_core.package_identification:_identify(log) ignored
[0.193s] Level 1:colcon.colcon_core.package_identification:_identify(src) by extensions ['ignore', 'ignore_ament_install']
[0.193s] Level 1:colcon.colcon_core.package_identification:_identify(src) by extension 'ignore'
[0.193s] Level 1:colcon.colcon_core.package_identification:_identify(src) by extension 'ignore_ament_install'
[0.193s] Level 1:colcon.colcon_core.package_identification:_identify(src) by extensions ['colcon_pkg']
[0.193s] Level 1:colcon.colcon_core.package_identification:_identify(src) by extension 'colcon_pkg'
[0.193s] Level 1:colcon.colcon_core.package_identification:_identify(src) by extensions ['colcon_meta']
[0.193s] Level 1:colcon.colcon_core.package_identification:_identify(src) by extension 'colcon_meta'
[0.193s] Level 1:colcon.colcon_core.package_identification:_identify(src) by extensions ['ros']
[0.193s] Level 1:colcon.colcon_core.package_identification:_identify(src) by extension 'ros'
[0.193s] Level 1:colcon.colcon_core.package_identification:_identify(src) by extensions ['cmake', 'python']
[0.193s] Level 1:colcon.colcon_core.package_identification:_identify(src) by extension 'cmake'
[0.193s] Level 1:colcon.colcon_core.package_identification:_identify(src) by extension 'python'
[0.193s] Level 1:colcon.colcon_core.package_identification:_identify(src) by extensions ['python_setup_py']
[0.193s] Level 1:colcon.colcon_core.package_identification:_identify(src) by extension 'python_setup_py'
[0.193s] Level 1:colcon.colcon_core.package_identification:_identify(src/micro-ROS-Agent) by extensions ['ignore', 'ignore_ament_install']
[0.193s] Level 1:colcon.colcon_core.package_identification:_identify(src/micro-ROS-Agent) by extension 'ignore'
[0.193s] Level 1:colcon.colcon_core.package_identification:_identify(src/micro-ROS-Agent) by extension 'ignore_ament_install'
[0.193s] Level 1:colcon.colcon_core.package_identification:_identify(src/micro-ROS-Agent) by extensions ['colcon_pkg']
[0.193s] Level 1:colcon.colcon_core.package_identification:_identify(src/micro-ROS-Agent) by extension 'colcon_pkg'
[0.193s] Level 1:colcon.colcon_core.package_identification:_identify(src/micro-ROS-Agent) by extensions ['colcon_meta']
[0.193s] Level 1:colcon.colcon_core.package_identification:_identify(src/micro-ROS-Agent) by extension 'colcon_meta'
[0.193s] Level 1:colcon.colcon_core.package_identification:_identify(src/micro-ROS-Agent) by extensions ['ros']
[0.193s] Level 1:colcon.colcon_core.package_identification:_identify(src/micro-ROS-Agent) by extension 'ros'
[0.193s] Level 1:colcon.colcon_core.package_identification:_identify(src/micro-ROS-Agent) by extensions ['cmake', 'python']
[0.193s] Level 1:colcon.colcon_core.package_identification:_identify(src/micro-ROS-Agent) by extension 'cmake'
[0.193s] Level 1:colcon.colcon_core.package_identification:_identify(src/micro-ROS-Agent) by extension 'python'
[0.193s] Level 1:colcon.colcon_core.package_identification:_identify(src/micro-ROS-Agent) by extensions ['python_setup_py']
[0.193s] Level 1:colcon.colcon_core.package_identification:_identify(src/micro-ROS-Agent) by extension 'python_setup_py'
[0.193s] Level 1:colcon.colcon_core.package_identification:_identify(src/micro-ROS-Agent/micro_ros_agent) by extensions ['ignore', 'ignore_ament_install']
[0.193s] Level 1:colcon.colcon_core.package_identification:_identify(src/micro-ROS-Agent/micro_ros_agent) by extension 'ignore'
[0.193s] Level 1:colcon.colcon_core.package_identification:_identify(src/micro-ROS-Agent/micro_ros_agent) by extension 'ignore_ament_install'
[0.193s] Level 1:colcon.colcon_core.package_identification:_identify(src/micro-ROS-Agent/micro_ros_agent) by extensions ['colcon_pkg']
[0.193s] Level 1:colcon.colcon_core.package_identification:_identify(src/micro-ROS-Agent/micro_ros_agent) by extension 'colcon_pkg'
[0.193s] Level 1:colcon.colcon_core.package_identification:_identify(src/micro-ROS-Agent/micro_ros_agent) by extensions ['colcon_meta']
[0.193s] Level 1:colcon.colcon_core.package_identification:_identify(src/micro-ROS-Agent/micro_ros_agent) by extension 'colcon_meta'
[0.193s] Level 1:colcon.colcon_core.package_identification:_identify(src/micro-ROS-Agent/micro_ros_agent) by extensions ['ros']
[0.193s] Level 1:colcon.colcon_core.package_identification:_identify(src/micro-ROS-Agent/micro_ros_agent) by extension 'ros'
[0.200s] DEBUG:colcon.colcon_core.package_identification:Package 'src/micro-ROS-Agent/micro_ros_agent' with type 'ros.ament_cmake' and name 'micro_ros_agent'
[0.201s] Level 1:colcon.colcon_core.package_identification:_identify(src/micro-ROS-Agent/snap) by extensions ['ignore', 'ignore_ament_install']
[0.201s] Level 1:colcon.colcon_core.package_identification:_identify(src/micro-ROS-Agent/snap) by extension 'ignore'
[0.201s] Level 1:colcon.colcon_core.package_identification:_identify(src/micro-ROS-Agent/snap) by extension 'ignore_ament_install'
[0.201s] Level 1:colcon.colcon_core.package_identification:_identify(src/micro-ROS-Agent/snap) by extensions ['colcon_pkg']
[0.201s] Level 1:colcon.colcon_core.package_identification:_identify(src/micro-ROS-Agent/snap) by extension 'colcon_pkg'
[0.201s] Level 1:colcon.colcon_core.package_identification:_identify(src/micro-ROS-Agent/snap) by extensions ['colcon_meta']
[0.201s] Level 1:colcon.colcon_core.package_identification:_identify(src/micro-ROS-Agent/snap) by extension 'colcon_meta'
[0.201s] Level 1:colcon.colcon_core.package_identification:_identify(src/micro-ROS-Agent/snap) by extensions ['ros']
[0.201s] Level 1:colcon.colcon_core.package_identification:_identify(src/micro-ROS-Agent/snap) by extension 'ros'
[0.201s] Level 1:colcon.colcon_core.package_identification:_identify(src/micro-ROS-Agent/snap) by extensions ['cmake', 'python']
[0.201s] Level 1:colcon.colcon_core.package_identification:_identify(src/micro-ROS-Agent/snap) by extension 'cmake'
[0.201s] Level 1:colcon.colcon_core.package_identification:_identify(src/micro-ROS-Agent/snap) by extension 'python'
[0.201s] Level 1:colcon.colcon_core.package_identification:_identify(src/micro-ROS-Agent/snap) by extensions ['python_setup_py']
[0.201s] Level 1:colcon.colcon_core.package_identification:_identify(src/micro-ROS-Agent/snap) by extension 'python_setup_py'
[0.201s] Level 1:colcon.colcon_core.package_identification:_identify(src/micro-ROS-Agent/snap/hooks) by extensions ['ignore', 'ignore_ament_install']
[0.201s] Level 1:colcon.colcon_core.package_identification:_identify(src/micro-ROS-Agent/snap/hooks) by extension 'ignore'
[0.201s] Level 1:colcon.colcon_core.package_identification:_identify(src/micro-ROS-Agent/snap/hooks) by extension 'ignore_ament_install'
[0.201s] Level 1:colcon.colcon_core.package_identification:_identify(src/micro-ROS-Agent/snap/hooks) by extensions ['colcon_pkg']
[0.201s] Level 1:colcon.colcon_core.package_identification:_identify(src/micro-ROS-Agent/snap/hooks) by extension 'colcon_pkg'
[0.201s] Level 1:colcon.colcon_core.package_identification:_identify(src/micro-ROS-Agent/snap/hooks) by extensions ['colcon_meta']
[0.201s] Level 1:colcon.colcon_core.package_identification:_identify(src/micro-ROS-Agent/snap/hooks) by extension 'colcon_meta'
[0.201s] Level 1:colcon.colcon_core.package_identification:_identify(src/micro-ROS-Agent/snap/hooks) by extensions ['ros']
[0.201s] Level 1:colcon.colcon_core.package_identification:_identify(src/micro-ROS-Agent/snap/hooks) by extension 'ros'
[0.201s] Level 1:colcon.colcon_core.package_identification:_identify(src/micro-ROS-Agent/snap/hooks) by extensions ['cmake', 'python']
[0.201s] Level 1:colcon.colcon_core.package_identification:_identify(src/micro-ROS-Agent/snap/hooks) by extension 'cmake'
[0.201s] Level 1:colcon.colcon_core.package_identification:_identify(src/micro-ROS-Agent/snap/hooks) by extension 'python'
[0.201s] Level 1:colcon.colcon_core.package_identification:_identify(src/micro-ROS-Agent/snap/hooks) by extensions ['python_setup_py']
[0.201s] Level 1:colcon.colcon_core.package_identification:_identify(src/micro-ROS-Agent/snap/hooks) by extension 'python_setup_py'
[0.201s] Level 1:colcon.colcon_core.package_identification:_identify(src/micro-ROS-Agent/snap/local) by extensions ['ignore', 'ignore_ament_install']
[0.201s] Level 1:colcon.colcon_core.package_identification:_identify(src/micro-ROS-Agent/snap/local) by extension 'ignore'
[0.201s] Level 1:colcon.colcon_core.package_identification:_identify(src/micro-ROS-Agent/snap/local) by extension 'ignore_ament_install'
[0.201s] Level 1:colcon.colcon_core.package_identification:_identify(src/micro-ROS-Agent/snap/local) by extensions ['colcon_pkg']
[0.201s] Level 1:colcon.colcon_core.package_identification:_identify(src/micro-ROS-Agent/snap/local) by extension 'colcon_pkg'
[0.201s] Level 1:colcon.colcon_core.package_identification:_identify(src/micro-ROS-Agent/snap/local) by extensions ['colcon_meta']
[0.201s] Level 1:colcon.colcon_core.package_identification:_identify(src/micro-ROS-Agent/snap/local) by extension 'colcon_meta'
[0.201s] Level 1:colcon.colcon_core.package_identification:_identify(src/micro-ROS-Agent/snap/local) by extensions ['ros']
[0.202s] Level 1:colcon.colcon_core.package_identification:_identify(src/micro-ROS-Agent/snap/local) by extension 'ros'
[0.202s] Level 1:colcon.colcon_core.package_identification:_identify(src/micro-ROS-Agent/snap/local) by extensions ['cmake', 'python']
[0.202s] Level 1:colcon.colcon_core.package_identification:_identify(src/micro-ROS-Agent/snap/local) by extension 'cmake'
[0.202s] Level 1:colcon.colcon_core.package_identification:_identify(src/micro-ROS-Agent/snap/local) by extension 'python'
[0.202s] Level 1:colcon.colcon_core.package_identification:_identify(src/micro-ROS-Agent/snap/local) by extensions ['python_setup_py']
[0.202s] Level 1:colcon.colcon_core.package_identification:_identify(src/micro-ROS-Agent/snap/local) by extension 'python_setup_py'
[0.202s] Level 1:colcon.colcon_core.package_identification:_identify(src/micro_ros_msgs) by extensions ['ignore', 'ignore_ament_install']
[0.202s] Level 1:colcon.colcon_core.package_identification:_identify(src/micro_ros_msgs) by extension 'ignore'
[0.202s] Level 1:colcon.colcon_core.package_identification:_identify(src/micro_ros_msgs) by extension 'ignore_ament_install'
[0.202s] Level 1:colcon.colcon_core.package_identification:_identify(src/micro_ros_msgs) by extensions ['colcon_pkg']
[0.202s] Level 1:colcon.colcon_core.package_identification:_identify(src/micro_ros_msgs) by extension 'colcon_pkg'
[0.202s] Level 1:colcon.colcon_core.package_identification:_identify(src/micro_ros_msgs) by extensions ['colcon_meta']
[0.202s] Level 1:colcon.colcon_core.package_identification:_identify(src/micro_ros_msgs) by extension 'colcon_meta'
[0.202s] Level 1:colcon.colcon_core.package_identification:_identify(src/micro_ros_msgs) by extensions ['ros']
[0.202s] Level 1:colcon.colcon_core.package_identification:_identify(src/micro_ros_msgs) by extension 'ros'
[0.203s] DEBUG:colcon.colcon_core.package_identification:Package 'src/micro_ros_msgs' with type 'ros.ament_cmake' and name 'micro_ros_msgs'
[0.203s] Level 1:colcon.colcon_core.package_identification:_identify(src/ros_serial2wifi) by extensions ['ignore', 'ignore_ament_install']
[0.203s] Level 1:colcon.colcon_core.package_identification:_identify(src/ros_serial2wifi) by extension 'ignore'
[0.203s] Level 1:colcon.colcon_core.package_identification:_identify(src/ros_serial2wifi) by extension 'ignore_ament_install'
[0.203s] Level 1:colcon.colcon_core.package_identification:_identify(src/ros_serial2wifi) by extensions ['colcon_pkg']
[0.203s] Level 1:colcon.colcon_core.package_identification:_identify(src/ros_serial2wifi) by extension 'colcon_pkg'
[0.203s] Level 1:colcon.colcon_core.package_identification:_identify(src/ros_serial2wifi) by extensions ['colcon_meta']
[0.203s] Level 1:colcon.colcon_core.package_identification:_identify(src/ros_serial2wifi) by extension 'colcon_meta'
[0.203s] Level 1:colcon.colcon_core.package_identification:_identify(src/ros_serial2wifi) by extensions ['ros']
[0.203s] Level 1:colcon.colcon_core.package_identification:_identify(src/ros_serial2wifi) by extension 'ros'
[0.203s] DEBUG:colcon.colcon_core.package_identification:Package 'src/ros_serial2wifi' with type 'ros.ament_python' and name 'ros_serail2wifi'
[0.203s] Level 1:colcon.colcon_core.package_discovery:discover_packages(recursive) using defaults
[0.203s] Level 1:colcon.colcon_core.package_discovery:discover_packages(ignore) discover
[0.203s] Level 1:colcon.colcon_core.package_discovery:discover_packages(ignore) using defaults
[0.203s] Level 1:colcon.colcon_core.package_discovery:discover_packages(path) discover
[0.203s] Level 1:colcon.colcon_core.package_discovery:discover_packages(path) using defaults
[0.222s] Level 1:colcon.colcon_core.package_discovery:discover_packages(prefix_path) check parameters
[0.222s] Level 1:colcon.colcon_core.package_discovery:discover_packages(prefix_path) discover
[0.225s] DEBUG:colcon.colcon_installed_package_information.package_discovery:Found 378 installed packages in /opt/ros/humble
[0.226s] Level 1:colcon.colcon_core.package_discovery:discover_packages(prefix_path) using defaults
[0.253s] Level 5:colcon.colcon_core.verb:set package 'micro_ros_msgs' build argument 'cmake_args' from command line to 'None'
[0.253s] Level 5:colcon.colcon_core.verb:set package 'micro_ros_msgs' build argument 'cmake_target' from command line to 'None'
[0.253s] Level 5:colcon.colcon_core.verb:set package 'micro_ros_msgs' build argument 'cmake_target_skip_unavailable' from command line to 'False'
[0.253s] Level 5:colcon.colcon_core.verb:set package 'micro_ros_msgs' build argument 'cmake_clean_cache' from command line to 'False'
[0.253s] Level 5:colcon.colcon_core.verb:set package 'micro_ros_msgs' build argument 'cmake_clean_first' from command line to 'False'
[0.253s] Level 5:colcon.colcon_core.verb:set package 'micro_ros_msgs' build argument 'cmake_force_configure' from command line to 'False'
[0.253s] Level 5:colcon.colcon_core.verb:set package 'micro_ros_msgs' build argument 'ament_cmake_args' from command line to 'None'
[0.253s] Level 5:colcon.colcon_core.verb:set package 'micro_ros_msgs' build argument 'catkin_cmake_args' from command line to 'None'
[0.253s] Level 5:colcon.colcon_core.verb:set package 'micro_ros_msgs' build argument 'catkin_skip_building_tests' from command line to 'False'
[0.253s] DEBUG:colcon.colcon_core.verb:Building package 'micro_ros_msgs' with the following arguments: {'ament_cmake_args': None, 'build_base': '/home/johan/Dev/graduation_project/ros_ws/build/micro_ros_msgs', 'catkin_cmake_args': None, 'catkin_skip_building_tests': False, 'cmake_args': None, 'cmake_clean_cache': False, 'cmake_clean_first': False, 'cmake_force_configure': False, 'cmake_target': None, 'cmake_target_skip_unavailable': False, 'install_base': '/home/johan/Dev/graduation_project/ros_ws/install/micro_ros_msgs', 'merge_install': False, 'path': '/home/johan/Dev/graduation_project/ros_ws/src/micro_ros_msgs', 'symlink_install': False, 'test_result_base': None}
[0.253s] Level 5:colcon.colcon_core.verb:set package 'ros_serail2wifi' build argument 'cmake_args' from command line to 'None'
[0.253s] Level 5:colcon.colcon_core.verb:set package 'ros_serail2wifi' build argument 'cmake_target' from command line to 'None'
[0.253s] Level 5:colcon.colcon_core.verb:set package 'ros_serail2wifi' build argument 'cmake_target_skip_unavailable' from command line to 'False'
[0.253s] Level 5:colcon.colcon_core.verb:set package 'ros_serail2wifi' build argument 'cmake_clean_cache' from command line to 'False'
[0.253s] Level 5:colcon.colcon_core.verb:set package 'ros_serail2wifi' build argument 'cmake_clean_first' from command line to 'False'
[0.253s] Level 5:colcon.colcon_core.verb:set package 'ros_serail2wifi' build argument 'cmake_force_configure' from command line to 'False'
[0.253s] Level 5:colcon.colcon_core.verb:set package 'ros_serail2wifi' build argument 'ament_cmake_args' from command line to 'None'
[0.253s] Level 5:colcon.colcon_core.verb:set package 'ros_serail2wifi' build argument 'catkin_cmake_args' from command line to 'None'
[0.253s] Level 5:colcon.colcon_core.verb:set package 'ros_serail2wifi' build argument 'catkin_skip_building_tests' from command line to 'False'
[0.253s] DEBUG:colcon.colcon_core.verb:Building package 'ros_serail2wifi' with the following arguments: {'ament_cmake_args': None, 'build_base': '/home/johan/Dev/graduation_project/ros_ws/build/ros_serail2wifi', 'catkin_cmake_args': None, 'catkin_skip_building_tests': False, 'cmake_args': None, 'cmake_clean_cache': False, 'cmake_clean_first': False, 'cmake_force_configure': False, 'cmake_target': None, 'cmake_target_skip_unavailable': False, 'install_base': '/home/johan/Dev/graduation_project/ros_ws/install/ros_serail2wifi', 'merge_install': False, 'path': '/home/johan/Dev/graduation_project/ros_ws/src/ros_serial2wifi', 'symlink_install': False, 'test_result_base': None}
[0.253s] Level 5:colcon.colcon_core.verb:set package 'micro_ros_agent' build argument 'cmake_args' from command line to 'None'
[0.253s] Level 5:colcon.colcon_core.verb:set package 'micro_ros_agent' build argument 'cmake_target' from command line to 'None'
[0.253s] Level 5:colcon.colcon_core.verb:set package 'micro_ros_agent' build argument 'cmake_target_skip_unavailable' from command line to 'False'
[0.253s] Level 5:colcon.colcon_core.verb:set package 'micro_ros_agent' build argument 'cmake_clean_cache' from command line to 'False'
[0.253s] Level 5:colcon.colcon_core.verb:set package 'micro_ros_agent' build argument 'cmake_clean_first' from command line to 'False'
[0.253s] Level 5:colcon.colcon_core.verb:set package 'micro_ros_agent' build argument 'cmake_force_configure' from command line to 'False'
[0.253s] Level 5:colcon.colcon_core.verb:set package 'micro_ros_agent' build argument 'ament_cmake_args' from command line to 'None'
[0.253s] Level 5:colcon.colcon_core.verb:set package 'micro_ros_agent' build argument 'catkin_cmake_args' from command line to 'None'
[0.254s] Level 5:colcon.colcon_core.verb:set package 'micro_ros_agent' build argument 'catkin_skip_building_tests' from command line to 'False'
[0.254s] DEBUG:colcon.colcon_core.verb:Building package 'micro_ros_agent' with the following arguments: {'ament_cmake_args': None, 'build_base': '/home/johan/Dev/graduation_project/ros_ws/build/micro_ros_agent', 'catkin_cmake_args': None, 'catkin_skip_building_tests': False, 'cmake_args': None, 'cmake_clean_cache': False, 'cmake_clean_first': False, 'cmake_force_configure': False, 'cmake_target': None, 'cmake_target_skip_unavailable': False, 'install_base': '/home/johan/Dev/graduation_project/ros_ws/install/micro_ros_agent', 'merge_install': False, 'path': '/home/johan/Dev/graduation_project/ros_ws/src/micro-ROS-Agent/micro_ros_agent', 'symlink_install': False, 'test_result_base': None}
[0.254s] INFO:colcon.colcon_core.executor:Executing jobs using 'parallel' executor
[0.254s] DEBUG:colcon.colcon_parallel_executor.executor.parallel:run_until_complete
[0.254s] INFO:colcon.colcon_ros.task.ament_cmake.build:Building ROS package in '/home/johan/Dev/graduation_project/ros_ws/src/micro_ros_msgs' with build type 'ament_cmake'
[0.255s] INFO:colcon.colcon_cmake.task.cmake.build:Building CMake package in '/home/johan/Dev/graduation_project/ros_ws/src/micro_ros_msgs'
[0.257s] INFO:colcon.colcon_core.plugin_system:Skipping extension 'colcon_core.shell.bat': Not used on non-Windows systems
[0.257s] INFO:colcon.colcon_core.shell:Skip shell extension 'powershell' for command environment: Not usable outside of PowerShell
[0.257s] DEBUG:colcon.colcon_core.shell:Skip shell extension 'dsv' for command environment
[0.260s] INFO:colcon.colcon_ros.task.ament_python.build:Building ROS package in '/home/johan/Dev/graduation_project/ros_ws/src/ros_serial2wifi' with build type 'ament_python'
[0.260s] Level 1:colcon.colcon_core.shell:create_environment_hook('ros_serail2wifi', 'ament_prefix_path')
[0.260s] INFO:colcon.colcon_core.shell:Creating environment hook '/home/johan/Dev/graduation_project/ros_ws/install/ros_serail2wifi/share/ros_serail2wifi/hook/ament_prefix_path.ps1'
[0.260s] INFO:colcon.colcon_core.shell:Creating environment descriptor '/home/johan/Dev/graduation_project/ros_ws/install/ros_serail2wifi/share/ros_serail2wifi/hook/ament_prefix_path.dsv'
[0.261s] INFO:colcon.colcon_core.shell:Creating environment hook '/home/johan/Dev/graduation_project/ros_ws/install/ros_serail2wifi/share/ros_serail2wifi/hook/ament_prefix_path.sh'
[0.261s] INFO:colcon.colcon_core.shell:Skip shell extension 'powershell' for command environment: Not usable outside of PowerShell
[0.261s] DEBUG:colcon.colcon_core.shell:Skip shell extension 'dsv' for command environment
[0.266s] DEBUG:colcon.colcon_core.event_handler.log_command:Invoking command in '/home/johan/Dev/graduation_project/ros_ws/build/micro_ros_msgs': CMAKE_PREFIX_PATH=/opt/ros/humble /usr/bin/cmake --build /home/johan/Dev/graduation_project/ros_ws/build/micro_ros_msgs -- -j16 -l16
[0.461s] INFO:colcon.colcon_core.task.python.build:Building Python package in '/home/johan/Dev/graduation_project/ros_ws/src/ros_serial2wifi'
[0.461s] INFO:colcon.colcon_core.shell:Skip shell extension 'powershell' for command environment: Not usable outside of PowerShell
[0.461s] DEBUG:colcon.colcon_core.shell:Skip shell extension 'dsv' for command environment
[0.515s] DEBUG:colcon.colcon_core.event_handler.log_command:Invoked command in '/home/johan/Dev/graduation_project/ros_ws/build/micro_ros_msgs' returned '0': CMAKE_PREFIX_PATH=/opt/ros/humble /usr/bin/cmake --build /home/johan/Dev/graduation_project/ros_ws/build/micro_ros_msgs -- -j16 -l16
[0.580s] DEBUG:colcon.colcon_core.event_handler.log_command:Invoking command in '/home/johan/Dev/graduation_project/ros_ws/build/micro_ros_msgs': CMAKE_PREFIX_PATH=/opt/ros/humble /usr/bin/cmake --install /home/johan/Dev/graduation_project/ros_ws/build/micro_ros_msgs
[0.623s] Level 1:colcon.colcon_core.environment:create_environment_scripts_only(micro_ros_msgs)
[0.623s] DEBUG:colcon.colcon_core.event_handler.log_command:Invoked command in '/home/johan/Dev/graduation_project/ros_ws/build/micro_ros_msgs' returned '0': CMAKE_PREFIX_PATH=/opt/ros/humble /usr/bin/cmake --install /home/johan/Dev/graduation_project/ros_ws/build/micro_ros_msgs
[0.625s] Level 1:colcon.colcon_core.environment:checking '/home/johan/Dev/graduation_project/ros_ws/install/micro_ros_msgs' for CMake module files
[0.626s] Level 1:colcon.colcon_core.environment:checking '/home/johan/Dev/graduation_project/ros_ws/install/micro_ros_msgs' for CMake config files
[0.626s] Level 1:colcon.colcon_core.shell:create_environment_hook('micro_ros_msgs', 'cmake_prefix_path')
[0.626s] INFO:colcon.colcon_core.shell:Creating environment hook '/home/johan/Dev/graduation_project/ros_ws/install/micro_ros_msgs/share/micro_ros_msgs/hook/cmake_prefix_path.ps1'
[0.626s] INFO:colcon.colcon_core.shell:Creating environment descriptor '/home/johan/Dev/graduation_project/ros_ws/install/micro_ros_msgs/share/micro_ros_msgs/hook/cmake_prefix_path.dsv'
[0.627s] INFO:colcon.colcon_core.shell:Creating environment hook '/home/johan/Dev/graduation_project/ros_ws/install/micro_ros_msgs/share/micro_ros_msgs/hook/cmake_prefix_path.sh'
[0.627s] Level 1:colcon.colcon_core.environment:checking '/home/johan/Dev/graduation_project/ros_ws/install/micro_ros_msgs/lib'
[0.627s] Level 1:colcon.colcon_core.shell:create_environment_hook('micro_ros_msgs', 'ld_library_path_lib')
[0.627s] INFO:colcon.colcon_core.shell:Creating environment hook '/home/johan/Dev/graduation_project/ros_ws/install/micro_ros_msgs/share/micro_ros_msgs/hook/ld_library_path_lib.ps1'
[0.627s] INFO:colcon.colcon_core.shell:Creating environment descriptor '/home/johan/Dev/graduation_project/ros_ws/install/micro_ros_msgs/share/micro_ros_msgs/hook/ld_library_path_lib.dsv'
[0.628s] INFO:colcon.colcon_core.shell:Creating environment hook '/home/johan/Dev/graduation_project/ros_ws/install/micro_ros_msgs/share/micro_ros_msgs/hook/ld_library_path_lib.sh'
[0.628s] Level 1:colcon.colcon_core.environment:checking '/home/johan/Dev/graduation_project/ros_ws/install/micro_ros_msgs/bin'
[0.628s] Level 1:colcon.colcon_core.environment:checking '/home/johan/Dev/graduation_project/ros_ws/install/micro_ros_msgs/lib/pkgconfig/micro_ros_msgs.pc'
[0.628s] Level 1:colcon.colcon_core.environment:checking '/home/johan/Dev/graduation_project/ros_ws/install/micro_ros_msgs/lib/python3.10/site-packages'
[0.628s] Level 1:colcon.colcon_core.environment:checking '/home/johan/Dev/graduation_project/ros_ws/install/micro_ros_msgs/bin'
[0.628s] INFO:colcon.colcon_core.shell:Creating package script '/home/johan/Dev/graduation_project/ros_ws/install/micro_ros_msgs/share/micro_ros_msgs/package.ps1'
[0.629s] INFO:colcon.colcon_core.shell:Creating package descriptor '/home/johan/Dev/graduation_project/ros_ws/install/micro_ros_msgs/share/micro_ros_msgs/package.dsv'
[0.629s] INFO:colcon.colcon_core.shell:Creating package script '/home/johan/Dev/graduation_project/ros_ws/install/micro_ros_msgs/share/micro_ros_msgs/package.sh'
[0.630s] INFO:colcon.colcon_core.shell:Creating package script '/home/johan/Dev/graduation_project/ros_ws/install/micro_ros_msgs/share/micro_ros_msgs/package.bash'
[0.630s] INFO:colcon.colcon_core.shell:Creating package script '/home/johan/Dev/graduation_project/ros_ws/install/micro_ros_msgs/share/micro_ros_msgs/package.zsh'
[0.631s] Level 1:colcon.colcon_core.environment:create_file_with_runtime_dependencies(/home/johan/Dev/graduation_project/ros_ws/install/micro_ros_msgs/share/colcon-core/packages/micro_ros_msgs)
[0.688s] Level 1:colcon.colcon_core.environment:create_environment_scripts_only(micro_ros_msgs)
[0.688s] Level 1:colcon.colcon_core.environment:checking '/home/johan/Dev/graduation_project/ros_ws/install/micro_ros_msgs' for CMake module files
[0.689s] Level 1:colcon.colcon_core.environment:checking '/home/johan/Dev/graduation_project/ros_ws/install/micro_ros_msgs' for CMake config files
[0.690s] Level 1:colcon.colcon_core.shell:create_environment_hook('micro_ros_msgs', 'cmake_prefix_path')
[0.690s] INFO:colcon.colcon_core.shell:Creating environment hook '/home/johan/Dev/graduation_project/ros_ws/install/micro_ros_msgs/share/micro_ros_msgs/hook/cmake_prefix_path.ps1'
[0.690s] INFO:colcon.colcon_core.shell:Creating environment descriptor '/home/johan/Dev/graduation_project/ros_ws/install/micro_ros_msgs/share/micro_ros_msgs/hook/cmake_prefix_path.dsv'
[0.691s] INFO:colcon.colcon_core.shell:Creating environment hook '/home/johan/Dev/graduation_project/ros_ws/install/micro_ros_msgs/share/micro_ros_msgs/hook/cmake_prefix_path.sh'
[0.691s] Level 1:colcon.colcon_core.environment:checking '/home/johan/Dev/graduation_project/ros_ws/install/micro_ros_msgs/lib'
[0.691s] Level 1:colcon.colcon_core.shell:create_environment_hook('micro_ros_msgs', 'ld_library_path_lib')
[0.691s] INFO:colcon.colcon_core.shell:Creating environment hook '/home/johan/Dev/graduation_project/ros_ws/install/micro_ros_msgs/share/micro_ros_msgs/hook/ld_library_path_lib.ps1'
[0.691s] INFO:colcon.colcon_core.shell:Creating environment descriptor '/home/johan/Dev/graduation_project/ros_ws/install/micro_ros_msgs/share/micro_ros_msgs/hook/ld_library_path_lib.dsv'
[0.691s] INFO:colcon.colcon_core.shell:Creating environment hook '/home/johan/Dev/graduation_project/ros_ws/install/micro_ros_msgs/share/micro_ros_msgs/hook/ld_library_path_lib.sh'
[0.692s] Level 1:colcon.colcon_core.environment:checking '/home/johan/Dev/graduation_project/ros_ws/install/micro_ros_msgs/bin'
[0.692s] Level 1:colcon.colcon_core.environment:checking '/home/johan/Dev/graduation_project/ros_ws/install/micro_ros_msgs/lib/pkgconfig/micro_ros_msgs.pc'
[0.692s] Level 1:colcon.colcon_core.environment:checking '/home/johan/Dev/graduation_project/ros_ws/install/micro_ros_msgs/lib/python3.10/site-packages'
[0.692s] Level 1:colcon.colcon_core.environment:checking '/home/johan/Dev/graduation_project/ros_ws/install/micro_ros_msgs/bin'
[0.692s] INFO:colcon.colcon_core.shell:Creating package script '/home/johan/Dev/graduation_project/ros_ws/install/micro_ros_msgs/share/micro_ros_msgs/package.ps1'
[0.692s] INFO:colcon.colcon_core.shell:Creating package descriptor '/home/johan/Dev/graduation_project/ros_ws/install/micro_ros_msgs/share/micro_ros_msgs/package.dsv'
[0.693s] INFO:colcon.colcon_core.shell:Creating package script '/home/johan/Dev/graduation_project/ros_ws/install/micro_ros_msgs/share/micro_ros_msgs/package.sh'
[0.693s] INFO:colcon.colcon_core.shell:Creating package script '/home/johan/Dev/graduation_project/ros_ws/install/micro_ros_msgs/share/micro_ros_msgs/package.bash'
[0.693s] INFO:colcon.colcon_core.shell:Creating package script '/home/johan/Dev/graduation_project/ros_ws/install/micro_ros_msgs/share/micro_ros_msgs/package.zsh'
[0.693s] Level 1:colcon.colcon_core.environment:create_file_with_runtime_dependencies(/home/johan/Dev/graduation_project/ros_ws/install/micro_ros_msgs/share/colcon-core/packages/micro_ros_msgs)
[0.693s] INFO:colcon.colcon_ros.task.ament_cmake.build:Building ROS package in '/home/johan/Dev/graduation_project/ros_ws/src/micro-ROS-Agent/micro_ros_agent' with build type 'ament_cmake'
[0.693s] INFO:colcon.colcon_cmake.task.cmake.build:Building CMake package in '/home/johan/Dev/graduation_project/ros_ws/src/micro-ROS-Agent/micro_ros_agent'
[0.694s] INFO:colcon.colcon_core.shell:Skip shell extension 'powershell' for command environment: Not usable outside of PowerShell
[0.694s] DEBUG:colcon.colcon_core.shell:Skip shell extension 'dsv' for command environment
[0.702s] DEBUG:colcon.colcon_core.event_handler.log_command:Invoking command in '/home/johan/Dev/graduation_project/ros_ws/build/micro_ros_agent': AMENT_PREFIX_PATH=/home/johan/Dev/graduation_project/ros_ws/install/micro_ros_msgs:${AMENT_PREFIX_PATH} CMAKE_PREFIX_PATH=/home/johan/Dev/graduation_project/ros_ws/install/micro_ros_msgs:/opt/ros/humble LD_LIBRARY_PATH=/home/johan/Dev/graduation_project/ros_ws/install/micro_ros_msgs/lib:/usr/lib/x86_64-linux-gnu/gazebo-11/plugins:/opt/ros/humble/opt/rviz_ogre_vendor/lib:/opt/ros/humble/lib/x86_64-linux-gnu:/opt/ros/humble/lib:/opt/intel/openvino_2024.2.0/runtime/3rdparty/tbb/lib:/opt/intel/openvino_2024.2.0/runtime/lib/intel64:/usr/local/cuda-12.1/lib64:/opt/intel/openvino_2024.2.0/runtime/lib/intel64 PYTHONPATH=/home/johan/Dev/graduation_project/ros_ws/install/micro_ros_msgs/local/lib/python3.10/dist-packages:${PYTHONPATH} /usr/bin/cmake --build /home/johan/Dev/graduation_project/ros_ws/build/micro_ros_agent -- -j16 -l16
[0.757s] DEBUG:colcon.colcon_core.event_handler.log_command:Invoking command in '/home/johan/Dev/graduation_project/ros_ws/src/ros_serial2wifi': PYTHONPATH=/home/johan/Dev/graduation_project/ros_ws/build/ros_serail2wifi/prefix_override:/usr/lib/python3/dist-packages/colcon_core/task/python/colcon_distutils_commands:/home/johan/Dev/graduation_project/ros_ws/install/ros_serail2wifi/lib/python3.10/site-packages:${PYTHONPATH} /usr/bin/python3 -W ignore:setup.py install is deprecated setup.py egg_info --egg-base ../../build/ros_serail2wifi build --build-base /home/johan/Dev/graduation_project/ros_ws/build/ros_serail2wifi/build install --record /home/johan/Dev/graduation_project/ros_ws/build/ros_serail2wifi/install.log --single-version-externally-managed install_data
[0.761s] DEBUG:colcon.colcon_core.event_handler.log_command:Invoked command in '/home/johan/Dev/graduation_project/ros_ws/build/micro_ros_agent' returned '0': AMENT_PREFIX_PATH=/home/johan/Dev/graduation_project/ros_ws/install/micro_ros_msgs:${AMENT_PREFIX_PATH} CMAKE_PREFIX_PATH=/home/johan/Dev/graduation_project/ros_ws/install/micro_ros_msgs:/opt/ros/humble LD_LIBRARY_PATH=/home/johan/Dev/graduation_project/ros_ws/install/micro_ros_msgs/lib:/usr/lib/x86_64-linux-gnu/gazebo-11/plugins:/opt/ros/humble/opt/rviz_ogre_vendor/lib:/opt/ros/humble/lib/x86_64-linux-gnu:/opt/ros/humble/lib:/opt/intel/openvino_2024.2.0/runtime/3rdparty/tbb/lib:/opt/intel/openvino_2024.2.0/runtime/lib/intel64:/usr/local/cuda-12.1/lib64:/opt/intel/openvino_2024.2.0/runtime/lib/intel64 PYTHONPATH=/home/johan/Dev/graduation_project/ros_ws/install/micro_ros_msgs/local/lib/python3.10/dist-packages:${PYTHONPATH} /usr/bin/cmake --build /home/johan/Dev/graduation_project/ros_ws/build/micro_ros_agent -- -j16 -l16
[0.783s] DEBUG:colcon.colcon_core.event_handler.log_command:Invoking command in '/home/johan/Dev/graduation_project/ros_ws/build/micro_ros_agent': AMENT_PREFIX_PATH=/home/johan/Dev/graduation_project/ros_ws/install/micro_ros_msgs:${AMENT_PREFIX_PATH} CMAKE_PREFIX_PATH=/home/johan/Dev/graduation_project/ros_ws/install/micro_ros_msgs:/opt/ros/humble LD_LIBRARY_PATH=/home/johan/Dev/graduation_project/ros_ws/install/micro_ros_msgs/lib:/usr/lib/x86_64-linux-gnu/gazebo-11/plugins:/opt/ros/humble/opt/rviz_ogre_vendor/lib:/opt/ros/humble/lib/x86_64-linux-gnu:/opt/ros/humble/lib:/opt/intel/openvino_2024.2.0/runtime/3rdparty/tbb/lib:/opt/intel/openvino_2024.2.0/runtime/lib/intel64:/usr/local/cuda-12.1/lib64:/opt/intel/openvino_2024.2.0/runtime/lib/intel64 PYTHONPATH=/home/johan/Dev/graduation_project/ros_ws/install/micro_ros_msgs/local/lib/python3.10/dist-packages:${PYTHONPATH} /usr/bin/cmake --install /home/johan/Dev/graduation_project/ros_ws/build/micro_ros_agent
[0.789s] Level 1:colcon.colcon_core.environment:create_environment_scripts_only(micro_ros_agent)
[0.789s] Level 1:colcon.colcon_core.environment:checking '/home/johan/Dev/graduation_project/ros_ws/install/micro_ros_agent' for CMake module files
[0.790s] Level 1:colcon.colcon_core.environment:checking '/home/johan/Dev/graduation_project/ros_ws/install/micro_ros_agent' for CMake config files
[0.791s] DEBUG:colcon.colcon_core.event_handler.log_command:Invoked command in '/home/johan/Dev/graduation_project/ros_ws/build/micro_ros_agent' returned '0': AMENT_PREFIX_PATH=/home/johan/Dev/graduation_project/ros_ws/install/micro_ros_msgs:${AMENT_PREFIX_PATH} CMAKE_PREFIX_PATH=/home/johan/Dev/graduation_project/ros_ws/install/micro_ros_msgs:/opt/ros/humble LD_LIBRARY_PATH=/home/johan/Dev/graduation_project/ros_ws/install/micro_ros_msgs/lib:/usr/lib/x86_64-linux-gnu/gazebo-11/plugins:/opt/ros/humble/opt/rviz_ogre_vendor/lib:/opt/ros/humble/lib/x86_64-linux-gnu:/opt/ros/humble/lib:/opt/intel/openvino_2024.2.0/runtime/3rdparty/tbb/lib:/opt/intel/openvino_2024.2.0/runtime/lib/intel64:/usr/local/cuda-12.1/lib64:/opt/intel/openvino_2024.2.0/runtime/lib/intel64 PYTHONPATH=/home/johan/Dev/graduation_project/ros_ws/install/micro_ros_msgs/local/lib/python3.10/dist-packages:${PYTHONPATH} /usr/bin/cmake --install /home/johan/Dev/graduation_project/ros_ws/build/micro_ros_agent
[0.791s] Level 1:colcon.colcon_core.shell:create_environment_hook('micro_ros_agent', 'cmake_prefix_path')
[0.791s] INFO:colcon.colcon_core.shell:Creating environment hook '/home/johan/Dev/graduation_project/ros_ws/install/micro_ros_agent/share/micro_ros_agent/hook/cmake_prefix_path.ps1'
[0.791s] INFO:colcon.colcon_core.shell:Creating environment descriptor '/home/johan/Dev/graduation_project/ros_ws/install/micro_ros_agent/share/micro_ros_agent/hook/cmake_prefix_path.dsv'
[0.791s] INFO:colcon.colcon_core.shell:Creating environment hook '/home/johan/Dev/graduation_project/ros_ws/install/micro_ros_agent/share/micro_ros_agent/hook/cmake_prefix_path.sh'
[0.792s] Level 1:colcon.colcon_core.environment:checking '/home/johan/Dev/graduation_project/ros_ws/install/micro_ros_agent/lib'
[0.792s] Level 1:colcon.colcon_core.shell:create_environment_hook('micro_ros_agent', 'ld_library_path_lib')
[0.792s] INFO:colcon.colcon_core.shell:Creating environment hook '/home/johan/Dev/graduation_project/ros_ws/install/micro_ros_agent/share/micro_ros_agent/hook/ld_library_path_lib.ps1'
[0.792s] INFO:colcon.colcon_core.shell:Creating environment descriptor '/home/johan/Dev/graduation_project/ros_ws/install/micro_ros_agent/share/micro_ros_agent/hook/ld_library_path_lib.dsv'
[0.792s] INFO:colcon.colcon_core.shell:Creating environment hook '/home/johan/Dev/graduation_project/ros_ws/install/micro_ros_agent/share/micro_ros_agent/hook/ld_library_path_lib.sh'
[0.792s] Level 1:colcon.colcon_core.environment:checking '/home/johan/Dev/graduation_project/ros_ws/install/micro_ros_agent/bin'
[0.792s] Level 1:colcon.colcon_core.environment:checking '/home/johan/Dev/graduation_project/ros_ws/install/micro_ros_agent/lib/pkgconfig/micro_ros_agent.pc'
[0.792s] Level 1:colcon.colcon_core.environment:checking '/home/johan/Dev/graduation_project/ros_ws/install/micro_ros_agent/lib/python3.10/site-packages'
[0.793s] Level 1:colcon.colcon_core.environment:checking '/home/johan/Dev/graduation_project/ros_ws/install/micro_ros_agent/bin'
[0.793s] INFO:colcon.colcon_core.shell:Creating package script '/home/johan/Dev/graduation_project/ros_ws/install/micro_ros_agent/share/micro_ros_agent/package.ps1'
[0.793s] INFO:colcon.colcon_core.shell:Creating package descriptor '/home/johan/Dev/graduation_project/ros_ws/install/micro_ros_agent/share/micro_ros_agent/package.dsv'
[0.793s] INFO:colcon.colcon_core.shell:Creating package script '/home/johan/Dev/graduation_project/ros_ws/install/micro_ros_agent/share/micro_ros_agent/package.sh'
[0.793s] INFO:colcon.colcon_core.shell:Creating package script '/home/johan/Dev/graduation_project/ros_ws/install/micro_ros_agent/share/micro_ros_agent/package.bash'
[0.794s] INFO:colcon.colcon_core.shell:Creating package script '/home/johan/Dev/graduation_project/ros_ws/install/micro_ros_agent/share/micro_ros_agent/package.zsh'
[0.794s] Level 1:colcon.colcon_core.environment:create_file_with_runtime_dependencies(/home/johan/Dev/graduation_project/ros_ws/install/micro_ros_agent/share/colcon-core/packages/micro_ros_agent)
[0.815s] Level 1:colcon.colcon_core.environment:create_environment_scripts_only(micro_ros_agent)
[0.816s] Level 1:colcon.colcon_core.environment:checking '/home/johan/Dev/graduation_project/ros_ws/install/micro_ros_agent' for CMake module files
[0.816s] Level 1:colcon.colcon_core.environment:checking '/home/johan/Dev/graduation_project/ros_ws/install/micro_ros_agent' for CMake config files
[0.816s] Level 1:colcon.colcon_core.shell:create_environment_hook('micro_ros_agent', 'cmake_prefix_path')
[0.816s] INFO:colcon.colcon_core.shell:Creating environment hook '/home/johan/Dev/graduation_project/ros_ws/install/micro_ros_agent/share/micro_ros_agent/hook/cmake_prefix_path.ps1'
[0.816s] INFO:colcon.colcon_core.shell:Creating environment descriptor '/home/johan/Dev/graduation_project/ros_ws/install/micro_ros_agent/share/micro_ros_agent/hook/cmake_prefix_path.dsv'
[0.817s] INFO:colcon.colcon_core.shell:Creating environment hook '/home/johan/Dev/graduation_project/ros_ws/install/micro_ros_agent/share/micro_ros_agent/hook/cmake_prefix_path.sh'
[0.817s] Level 1:colcon.colcon_core.environment:checking '/home/johan/Dev/graduation_project/ros_ws/install/micro_ros_agent/lib'
[0.817s] Level 1:colcon.colcon_core.shell:create_environment_hook('micro_ros_agent', 'ld_library_path_lib')
[0.817s] INFO:colcon.colcon_core.shell:Creating environment hook '/home/johan/Dev/graduation_project/ros_ws/install/micro_ros_agent/share/micro_ros_agent/hook/ld_library_path_lib.ps1'
[0.817s] INFO:colcon.colcon_core.shell:Creating environment descriptor '/home/johan/Dev/graduation_project/ros_ws/install/micro_ros_agent/share/micro_ros_agent/hook/ld_library_path_lib.dsv'
[0.817s] INFO:colcon.colcon_core.shell:Creating environment hook '/home/johan/Dev/graduation_project/ros_ws/install/micro_ros_agent/share/micro_ros_agent/hook/ld_library_path_lib.sh'
[0.817s] Level 1:colcon.colcon_core.environment:checking '/home/johan/Dev/graduation_project/ros_ws/install/micro_ros_agent/bin'
[0.817s] Level 1:colcon.colcon_core.environment:checking '/home/johan/Dev/graduation_project/ros_ws/install/micro_ros_agent/lib/pkgconfig/micro_ros_agent.pc'
[0.818s] Level 1:colcon.colcon_core.environment:checking '/home/johan/Dev/graduation_project/ros_ws/install/micro_ros_agent/lib/python3.10/site-packages'
[0.818s] Level 1:colcon.colcon_core.environment:checking '/home/johan/Dev/graduation_project/ros_ws/install/micro_ros_agent/bin'
[0.818s] INFO:colcon.colcon_core.shell:Creating package script '/home/johan/Dev/graduation_project/ros_ws/install/micro_ros_agent/share/micro_ros_agent/package.ps1'
[0.818s] INFO:colcon.colcon_core.shell:Creating package descriptor '/home/johan/Dev/graduation_project/ros_ws/install/micro_ros_agent/share/micro_ros_agent/package.dsv'
[0.818s] INFO:colcon.colcon_core.shell:Creating package script '/home/johan/Dev/graduation_project/ros_ws/install/micro_ros_agent/share/micro_ros_agent/package.sh'
[0.819s] INFO:colcon.colcon_core.shell:Creating package script '/home/johan/Dev/graduation_project/ros_ws/install/micro_ros_agent/share/micro_ros_agent/package.bash'
[0.819s] INFO:colcon.colcon_core.shell:Creating package script '/home/johan/Dev/graduation_project/ros_ws/install/micro_ros_agent/share/micro_ros_agent/package.zsh'
[0.819s] Level 1:colcon.colcon_core.environment:create_file_with_runtime_dependencies(/home/johan/Dev/graduation_project/ros_ws/install/micro_ros_agent/share/colcon-core/packages/micro_ros_agent)
[0.945s] Level 1:colcon.colcon_core.environment:checking '/home/johan/Dev/graduation_project/ros_ws/install/ros_serail2wifi' for CMake module files
[0.945s] DEBUG:colcon.colcon_core.event_handler.log_command:Invoked command in '/home/johan/Dev/graduation_project/ros_ws/src/ros_serial2wifi' returned '0': PYTHONPATH=/home/johan/Dev/graduation_project/ros_ws/build/ros_serail2wifi/prefix_override:/usr/lib/python3/dist-packages/colcon_core/task/python/colcon_distutils_commands:/home/johan/Dev/graduation_project/ros_ws/install/ros_serail2wifi/lib/python3.10/site-packages:${PYTHONPATH} /usr/bin/python3 -W ignore:setup.py install is deprecated setup.py egg_info --egg-base ../../build/ros_serail2wifi build --build-base /home/johan/Dev/graduation_project/ros_ws/build/ros_serail2wifi/build install --record /home/johan/Dev/graduation_project/ros_ws/build/ros_serail2wifi/install.log --single-version-externally-managed install_data
[0.945s] Level 1:colcon.colcon_core.environment:checking '/home/johan/Dev/graduation_project/ros_ws/install/ros_serail2wifi' for CMake config files
[0.946s] Level 1:colcon.colcon_core.environment:checking '/home/johan/Dev/graduation_project/ros_ws/install/ros_serail2wifi/lib'
[0.946s] Level 1:colcon.colcon_core.environment:checking '/home/johan/Dev/graduation_project/ros_ws/install/ros_serail2wifi/bin'
[0.946s] Level 1:colcon.colcon_core.environment:checking '/home/johan/Dev/graduation_project/ros_ws/install/ros_serail2wifi/lib/pkgconfig/ros_serail2wifi.pc'
[0.946s] Level 1:colcon.colcon_core.environment:checking '/home/johan/Dev/graduation_project/ros_ws/install/ros_serail2wifi/lib/python3.10/site-packages'
[0.946s] Level 1:colcon.colcon_core.shell:create_environment_hook('ros_serail2wifi', 'pythonpath')
[0.946s] INFO:colcon.colcon_core.shell:Creating environment hook '/home/johan/Dev/graduation_project/ros_ws/install/ros_serail2wifi/share/ros_serail2wifi/hook/pythonpath.ps1'
[0.946s] INFO:colcon.colcon_core.shell:Creating environment descriptor '/home/johan/Dev/graduation_project/ros_ws/install/ros_serail2wifi/share/ros_serail2wifi/hook/pythonpath.dsv'
[0.946s] INFO:colcon.colcon_core.shell:Creating environment hook '/home/johan/Dev/graduation_project/ros_ws/install/ros_serail2wifi/share/ros_serail2wifi/hook/pythonpath.sh'
[0.947s] Level 1:colcon.colcon_core.environment:checking '/home/johan/Dev/graduation_project/ros_ws/install/ros_serail2wifi/bin'
[0.947s] Level 1:colcon.colcon_core.environment:create_environment_scripts_only(ros_serail2wifi)
[0.947s] INFO:colcon.colcon_core.shell:Creating package script '/home/johan/Dev/graduation_project/ros_ws/install/ros_serail2wifi/share/ros_serail2wifi/package.ps1'
[0.947s] INFO:colcon.colcon_core.shell:Creating package descriptor '/home/johan/Dev/graduation_project/ros_ws/install/ros_serail2wifi/share/ros_serail2wifi/package.dsv'
[0.947s] INFO:colcon.colcon_core.shell:Creating package script '/home/johan/Dev/graduation_project/ros_ws/install/ros_serail2wifi/share/ros_serail2wifi/package.sh'
[0.948s] INFO:colcon.colcon_core.shell:Creating package script '/home/johan/Dev/graduation_project/ros_ws/install/ros_serail2wifi/share/ros_serail2wifi/package.bash'
[0.948s] INFO:colcon.colcon_core.shell:Creating package script '/home/johan/Dev/graduation_project/ros_ws/install/ros_serail2wifi/share/ros_serail2wifi/package.zsh'
[0.948s] Level 1:colcon.colcon_core.environment:create_file_with_runtime_dependencies(/home/johan/Dev/graduation_project/ros_ws/install/ros_serail2wifi/share/colcon-core/packages/ros_serail2wifi)
[0.948s] DEBUG:colcon.colcon_parallel_executor.executor.parallel:closing loop
[0.948s] DEBUG:colcon.colcon_parallel_executor.executor.parallel:loop closed
[0.948s] DEBUG:colcon.colcon_parallel_executor.executor.parallel:run_until_complete finished with '0'
[0.948s] DEBUG:colcon.colcon_core.event_reactor:joining thread
[0.955s] INFO:colcon.colcon_core.plugin_system:Skipping extension 'colcon_notification.desktop_notification.terminal_notifier': Not used on non-Darwin systems
[0.955s] INFO:colcon.colcon_core.plugin_system:Skipping extension 'colcon_notification.desktop_notification.win32': Not used on non-Windows systems
[0.955s] INFO:colcon.colcon_notification.desktop_notification:Sending desktop notification using 'notify2'
[0.968s] DEBUG:colcon.colcon_core.event_reactor:joined thread
[0.968s] INFO:colcon.colcon_core.shell:Creating prefix script '/home/johan/Dev/graduation_project/ros_ws/install/local_setup.ps1'
[0.969s] INFO:colcon.colcon_core.shell:Creating prefix util module '/home/johan/Dev/graduation_project/ros_ws/install/_local_setup_util_ps1.py'
[0.971s] INFO:colcon.colcon_core.shell:Creating prefix chain script '/home/johan/Dev/graduation_project/ros_ws/install/setup.ps1'
[0.972s] INFO:colcon.colcon_core.shell:Creating prefix script '/home/johan/Dev/graduation_project/ros_ws/install/local_setup.sh'
[0.972s] INFO:colcon.colcon_core.shell:Creating prefix util module '/home/johan/Dev/graduation_project/ros_ws/install/_local_setup_util_sh.py'
[0.973s] INFO:colcon.colcon_core.shell:Creating prefix chain script '/home/johan/Dev/graduation_project/ros_ws/install/setup.sh'
[0.974s] INFO:colcon.colcon_core.shell:Creating prefix script '/home/johan/Dev/graduation_project/ros_ws/install/local_setup.bash'
[0.974s] INFO:colcon.colcon_core.shell:Creating prefix chain script '/home/johan/Dev/graduation_project/ros_ws/install/setup.bash'
[0.975s] INFO:colcon.colcon_core.shell:Creating prefix script '/home/johan/Dev/graduation_project/ros_ws/install/local_setup.zsh'
[0.976s] INFO:colcon.colcon_core.shell:Creating prefix chain script '/home/johan/Dev/graduation_project/ros_ws/install/setup.zsh'
