[0.021s] Invoking command in '/home/johan/Dev/graduation_project/ros_ws/build/robot_bringup': CMAKE_PREFIX_PATH=/opt/ros/humble /usr/bin/cmake /home/johan/Dev/graduation_project/ros_ws/src/robot_bringup -DCMAKE_INSTALL_PREFIX=/home/johan/Dev/graduation_project/ros_ws/install/robot_bringup
[0.212s] -- The C compiler identification is GNU 11.4.0
[0.212s] -- The CXX compiler identification is GNU 11.4.0
[0.213s] -- Detecting C compiler ABI info
[0.220s] -- Detecting C compiler ABI info - done
[0.227s] -- Check for working C compiler: /usr/bin/cc - skipped
[0.227s] -- Detecting C compile features
[0.228s] -- Detecting C compile features - done
[0.231s] -- Detecting CXX compiler ABI info
[0.298s] -- Detecting CXX compiler ABI info - done
[0.304s] -- Check for working CXX compiler: /usr/bin/c++ - skipped
[0.304s] -- Detecting CXX compile features
[0.305s] -- Detecting CXX compile features - done
[0.308s] -- Found ament_cmake: 1.3.9 (/opt/ros/humble/share/ament_cmake/cmake)
[0.417s] -- Found Python3: /usr/bin/python3 (found version "3.10.12") found components: Interpreter 
[0.492s] -- Found rclcpp: 16.0.9 (/opt/ros/humble/share/rclcpp/cmake)
[0.523s] -- Found rosidl_generator_c: 3.1.5 (/opt/ros/humble/share/rosidl_generator_c/cmake)
[0.527s] -- Found rosidl_adapter: 3.1.5 (/opt/ros/humble/share/rosidl_adapter/cmake)
[0.538s] -- Found rosidl_generator_cpp: 3.1.5 (/opt/ros/humble/share/rosidl_generator_cpp/cmake)
[0.547s] -- Using all available rosidl_typesupport_c: rosidl_typesupport_fastrtps_c;rosidl_typesupport_introspection_c
[0.570s] -- Using all available rosidl_typesupport_cpp: rosidl_typesupport_fastrtps_cpp;rosidl_typesupport_introspection_cpp
[0.617s] -- Found rmw_implementation_cmake: 6.1.2 (/opt/ros/humble/share/rmw_implementation_cmake/cmake)
[0.619s] -- Found rmw_fastrtps_cpp: 6.2.6 (/opt/ros/humble/share/rmw_fastrtps_cpp/cmake)
[0.696s] -- Found OpenSSL: /usr/lib/x86_64-linux-gnu/libcrypto.so (found version "3.0.2")  
[0.716s] -- Found FastRTPS: /opt/ros/humble/include  
[0.751s] -- Using RMW implementation 'rmw_fastrtps_cpp' as default
[0.757s] -- Looking for pthread.h
[0.809s] -- Looking for pthread.h - found
[0.809s] -- Performing Test CMAKE_HAVE_LIBC_PTHREAD
[0.859s] -- Performing Test CMAKE_HAVE_LIBC_PTHREAD - Success
[0.861s] -- Found Threads: TRUE  
[0.972s] -- Found geometry_msgs: 4.2.4 (/opt/ros/humble/share/geometry_msgs/cmake)
[1.005s] -- Found nav_msgs: 4.2.4 (/opt/ros/humble/share/nav_msgs/cmake)
[1.101s] -- Found tf2_ros: 0.25.7 (/opt/ros/humble/share/tf2_ros/cmake)
[1.365s] [31mCMake Error at CMakeLists.txt:25 (install):
[1.366s]   install does not recognize sub-command TRAGETS
[1.366s] 
[1.366s] [0m
[1.366s] -- Found ament_lint_auto: 0.12.11 (/opt/ros/humble/share/ament_lint_auto/cmake)
[1.418s] -- Added test 'cppcheck' to perform static code analysis on C / C++ code
[1.418s] -- Configured cppcheck include dirs: 
[1.418s] -- Configured cppcheck exclude dirs and/or files: 
[1.418s] -- Added test 'flake8' to check Python code syntax and style conventions
[1.418s] -- Added test 'lint_cmake' to check CMake code style
[1.419s] -- Added test 'pep257' to check Python code against some of the docstring style conventions in PEP 257
[1.419s] -- Added test 'uncrustify' to check C / C++ code style
[1.419s] -- Configured uncrustify additional arguments: 
[1.419s] -- Added test 'xmllint' to check XML markup files
[1.420s] -- Configuring incomplete, errors occurred!
[1.420s] See also "/home/johan/Dev/graduation_project/ros_ws/build/robot_bringup/CMakeFiles/CMakeOutput.log".
[1.428s] Invoked command in '/home/johan/Dev/graduation_project/ros_ws/build/robot_bringup' returned '1': CMAKE_PREFIX_PATH=/opt/ros/humble /usr/bin/cmake /home/johan/Dev/graduation_project/ros_ws/src/robot_bringup -DCMAKE_INSTALL_PREFIX=/home/johan/Dev/graduation_project/ros_ws/install/robot_bringup
