[35m[1mConsolidate compiler generated dependencies of target odom2tf[0m
[ 50%] [32mBuilding CXX object CMakeFiles/odom2tf.dir/src/odom2tf.cpp.o[0m
[100%] [32m[1mLinking CXX executable odom2tf[0m
[100%] Built target odom2tf
-- Install configuration: ""
-- Installing: /home/johan/Dev/graduation_project/ros_ws/install/robot_bringup/lib/robot_bringup/odom2tf
-- Set runtime path of "/home/johan/Dev/graduation_project/ros_ws/install/robot_bringup/lib/robot_bringup/odom2tf" to ""
-- Installing: /home/johan/Dev/graduation_project/ros_ws/install/robot_bringup/share/robot_bringup/launch
-- Installing: /home/johan/Dev/graduation_project/ros_ws/install/robot_bringup/share/robot_bringup/launch/urdf2tf.launch.py
-- Installing: /home/johan/Dev/graduation_project/ros_ws/install/robot_bringup/share/ament_index/resource_index/package_run_dependencies/robot_bringup
-- Installing: /home/johan/Dev/graduation_project/ros_ws/install/robot_bringup/share/ament_index/resource_index/parent_prefix_path/robot_bringup
-- Installing: /home/johan/Dev/graduation_project/ros_ws/install/robot_bringup/share/robot_bringup/environment/ament_prefix_path.sh
-- Installing: /home/johan/Dev/graduation_project/ros_ws/install/robot_bringup/share/robot_bringup/environment/ament_prefix_path.dsv
-- Installing: /home/johan/Dev/graduation_project/ros_ws/install/robot_bringup/share/robot_bringup/environment/path.sh
-- Installing: /home/johan/Dev/graduation_project/ros_ws/install/robot_bringup/share/robot_bringup/environment/path.dsv
-- Installing: /home/johan/Dev/graduation_project/ros_ws/install/robot_bringup/share/robot_bringup/local_setup.bash
-- Installing: /home/johan/Dev/graduation_project/ros_ws/install/robot_bringup/share/robot_bringup/local_setup.sh
-- Installing: /home/johan/Dev/graduation_project/ros_ws/install/robot_bringup/share/robot_bringup/local_setup.zsh
-- Installing: /home/johan/Dev/graduation_project/ros_ws/install/robot_bringup/share/robot_bringup/local_setup.dsv
-- Installing: /home/johan/Dev/graduation_project/ros_ws/install/robot_bringup/share/robot_bringup/package.dsv
-- Installing: /home/johan/Dev/graduation_project/ros_ws/install/robot_bringup/share/ament_index/resource_index/packages/robot_bringup
-- Installing: /home/johan/Dev/graduation_project/ros_ws/install/robot_bringup/share/robot_bringup/cmake/robot_bringupConfig.cmake
-- Installing: /home/johan/Dev/graduation_project/ros_ws/install/robot_bringup/share/robot_bringup/cmake/robot_bringupConfig-version.cmake
-- Installing: /home/johan/Dev/graduation_project/ros_ws/install/robot_bringup/share/robot_bringup/package.xml
