[0.015s] Invoking command in '/home/johan/Dev/graduation_project/ros_ws/build/robot_bringup': CMAKE_PREFIX_PATH=/opt/ros/humble /usr/bin/cmake /home/johan/Dev/graduation_project/ros_ws/src/robot_bringup -DCMAKE_INSTALL_PREFIX=/home/johan/Dev/graduation_project/ros_ws/install/robot_bringup
[0.188s] -- Found ament_cmake: 1.3.9 (/opt/ros/humble/share/ament_cmake/cmake)
[0.188s] -- Found rclcpp: 16.0.9 (/opt/ros/humble/share/rclcpp/cmake)
[0.188s] -- Found rosidl_generator_c: 3.1.5 (/opt/ros/humble/share/rosidl_generator_c/cmake)
[0.189s] -- Found rosidl_adapter: 3.1.5 (/opt/ros/humble/share/rosidl_adapter/cmake)
[0.189s] -- Found rosidl_generator_cpp: 3.1.5 (/opt/ros/humble/share/rosidl_generator_cpp/cmake)
[0.190s] -- Using all available rosidl_typesupport_c: rosidl_typesupport_fastrtps_c;rosidl_typesupport_introspection_c
[0.190s] -- Using all available rosidl_typesupport_cpp: rosidl_typesupport_fastrtps_cpp;rosidl_typesupport_introspection_cpp
[0.197s] -- Found rmw_implementation_cmake: 6.1.2 (/opt/ros/humble/share/rmw_implementation_cmake/cmake)
[0.198s] -- Found rmw_fastrtps_cpp: 6.2.6 (/opt/ros/humble/share/rmw_fastrtps_cpp/cmake)
[0.284s] -- Using RMW implementation 'rmw_fastrtps_cpp' as default
[0.389s] -- Found geometry_msgs: 4.2.4 (/opt/ros/humble/share/geometry_msgs/cmake)
[0.421s] -- Found nav_msgs: 4.2.4 (/opt/ros/humble/share/nav_msgs/cmake)
[0.478s] -- Found tf2_ros: 0.25.7 (/opt/ros/humble/share/tf2_ros/cmake)
[0.700s] -- Found ament_lint_auto: 0.12.11 (/opt/ros/humble/share/ament_lint_auto/cmake)
[0.747s] -- Added test 'cppcheck' to perform static code analysis on C / C++ code
[0.748s] -- Configured cppcheck include dirs: 
[0.748s] -- Configured cppcheck exclude dirs and/or files: 
[0.748s] -- Added test 'flake8' to check Python code syntax and style conventions
[0.748s] -- Added test 'lint_cmake' to check CMake code style
[0.748s] -- Added test 'pep257' to check Python code against some of the docstring style conventions in PEP 257
[0.748s] -- Added test 'uncrustify' to check C / C++ code style
[0.749s] -- Configured uncrustify additional arguments: 
[0.749s] -- Added test 'xmllint' to check XML markup files
[0.749s] -- Configuring done
[0.751s] [31mCMake Error at CMakeLists.txt:16 (add_executable):
[0.751s]   Cannot find source file:
[0.751s] 
[0.751s]     src/dodom2tf.cpp
[0.751s] 
[0.751s]   Tried extensions .c .C .c++ .cc .cpp .cxx .cu .mpp .m .M .mm .ixx .cppm .h
[0.751s]   .hh .h++ .hm .hpp .hxx .in .txx .f .F .for .f77 .f90 .f95 .f03 .hip .ispc
[0.751s] 
[0.751s] [0m
[0.752s] [31mCMake Error at CMakeLists.txt:16 (add_executable):
[0.752s]   No SOURCES given to target: odom2tf
[0.752s] 
[0.752s] [0m
[0.752s] [0mCMake Generate step failed.  Build files cannot be regenerated correctly.[0m
[0.757s] Invoked command in '/home/johan/Dev/graduation_project/ros_ws/build/robot_bringup' returned '1': CMAKE_PREFIX_PATH=/opt/ros/humble /usr/bin/cmake /home/johan/Dev/graduation_project/ros_ws/src/robot_bringup -DCMAKE_INSTALL_PREFIX=/home/johan/Dev/graduation_project/ros_ws/install/robot_bringup
