[100%] Built target odom2tf
-- Install configuration: ""
-- Up-to-date: /home/johan/Dev/graduation_project/ros_ws/install/robot_bringup/lib/robot_bringup/odom2tf
-- Up-to-date: /home/johan/Dev/graduation_project/ros_ws/install/robot_bringup/share/robot_bringup/launch
-- Up-to-date: /home/johan/Dev/graduation_project/ros_ws/install/robot_bringup/share/robot_bringup/launch/urdf2tf.launch.py
-- Installing: /home/johan/Dev/graduation_project/ros_ws/install/robot_bringup/share/robot_bringup/launch/bringup.launch.py
-- Up-to-date: /home/johan/Dev/graduation_project/ros_ws/install/robot_bringup/share/ament_index/resource_index/package_run_dependencies/robot_bringup
-- Up-to-date: /home/johan/Dev/graduation_project/ros_ws/install/robot_bringup/share/ament_index/resource_index/parent_prefix_path/robot_bringup
-- Up-to-date: /home/johan/Dev/graduation_project/ros_ws/install/robot_bringup/share/robot_bringup/environment/ament_prefix_path.sh
-- Up-to-date: /home/johan/Dev/graduation_project/ros_ws/install/robot_bringup/share/robot_bringup/environment/ament_prefix_path.dsv
-- Up-to-date: /home/johan/Dev/graduation_project/ros_ws/install/robot_bringup/share/robot_bringup/environment/path.sh
-- Up-to-date: /home/johan/Dev/graduation_project/ros_ws/install/robot_bringup/share/robot_bringup/environment/path.dsv
-- Up-to-date: /home/johan/Dev/graduation_project/ros_ws/install/robot_bringup/share/robot_bringup/local_setup.bash
-- Up-to-date: /home/johan/Dev/graduation_project/ros_ws/install/robot_bringup/share/robot_bringup/local_setup.sh
-- Up-to-date: /home/johan/Dev/graduation_project/ros_ws/install/robot_bringup/share/robot_bringup/local_setup.zsh
-- Up-to-date: /home/johan/Dev/graduation_project/ros_ws/install/robot_bringup/share/robot_bringup/local_setup.dsv
-- Installing: /home/johan/Dev/graduation_project/ros_ws/install/robot_bringup/share/robot_bringup/package.dsv
-- Up-to-date: /home/johan/Dev/graduation_project/ros_ws/install/robot_bringup/share/ament_index/resource_index/packages/robot_bringup
-- Up-to-date: /home/johan/Dev/graduation_project/ros_ws/install/robot_bringup/share/robot_bringup/cmake/robot_bringupConfig.cmake
-- Up-to-date: /home/johan/Dev/graduation_project/ros_ws/install/robot_bringup/share/robot_bringup/cmake/robot_bringupConfig-version.cmake
-- Up-to-date: /home/johan/Dev/graduation_project/ros_ws/install/robot_bringup/share/robot_bringup/package.xml
