[0.022s] Invoking command in '/home/johan/Dev/graduation_project/ros_ws/build/robot_bringup': CMAKE_PREFIX_PATH=${CMAKE_PREFIX_PATH}:/home/johan/Dev/graduation_project/ros_ws/install/ros_serail2wifi:/opt/ros/humble /usr/bin/cmake --build /home/johan/Dev/graduation_project/ros_ws/build/robot_bringup -- -j16 -l16
[0.217s] [100%] Built target odom2tf
[0.222s] Invoked command in '/home/johan/Dev/graduation_project/ros_ws/build/robot_bringup' returned '0': CMAKE_PREFIX_PATH=${CMAKE_PREFIX_PATH}:/home/johan/Dev/graduation_project/ros_ws/install/ros_serail2wifi:/opt/ros/humble /usr/bin/cmake --build /home/johan/Dev/graduation_project/ros_ws/build/robot_bringup -- -j16 -l16
[0.244s] Invoking command in '/home/johan/Dev/graduation_project/ros_ws/build/robot_bringup': CMAKE_PREFIX_PATH=${CMAKE_PREFIX_PATH}:/home/johan/Dev/graduation_project/ros_ws/install/ros_serail2wifi:/opt/ros/humble /usr/bin/cmake --install /home/johan/Dev/graduation_project/ros_ws/build/robot_bringup
[0.253s] -- Install configuration: ""
[0.253s] -- Up-to-date: /home/johan/Dev/graduation_project/ros_ws/install/robot_bringup/lib/robot_bringup/odom2tf
[0.254s] -- Up-to-date: /home/johan/Dev/graduation_project/ros_ws/install/robot_bringup/share/robot_bringup/launch
[0.254s] -- Up-to-date: /home/johan/Dev/graduation_project/ros_ws/install/robot_bringup/share/robot_bringup/launch/urdf2tf.launch.py
[0.254s] -- Installing: /home/johan/Dev/graduation_project/ros_ws/install/robot_bringup/share/robot_bringup/launch/bringup.launch.py
[0.254s] -- Up-to-date: /home/johan/Dev/graduation_project/ros_ws/install/robot_bringup/share/ament_index/resource_index/package_run_dependencies/robot_bringup
[0.254s] -- Up-to-date: /home/johan/Dev/graduation_project/ros_ws/install/robot_bringup/share/ament_index/resource_index/parent_prefix_path/robot_bringup
[0.255s] -- Up-to-date: /home/johan/Dev/graduation_project/ros_ws/install/robot_bringup/share/robot_bringup/environment/ament_prefix_path.sh
[0.255s] -- Up-to-date: /home/johan/Dev/graduation_project/ros_ws/install/robot_bringup/share/robot_bringup/environment/ament_prefix_path.dsv
[0.255s] -- Up-to-date: /home/johan/Dev/graduation_project/ros_ws/install/robot_bringup/share/robot_bringup/environment/path.sh
[0.255s] -- Up-to-date: /home/johan/Dev/graduation_project/ros_ws/install/robot_bringup/share/robot_bringup/environment/path.dsv
[0.255s] -- Up-to-date: /home/johan/Dev/graduation_project/ros_ws/install/robot_bringup/share/robot_bringup/local_setup.bash
[0.255s] -- Up-to-date: /home/johan/Dev/graduation_project/ros_ws/install/robot_bringup/share/robot_bringup/local_setup.sh
[0.255s] -- Up-to-date: /home/johan/Dev/graduation_project/ros_ws/install/robot_bringup/share/robot_bringup/local_setup.zsh
[0.256s] -- Up-to-date: /home/johan/Dev/graduation_project/ros_ws/install/robot_bringup/share/robot_bringup/local_setup.dsv
[0.256s] -- Installing: /home/johan/Dev/graduation_project/ros_ws/install/robot_bringup/share/robot_bringup/package.dsv
[0.256s] -- Up-to-date: /home/johan/Dev/graduation_project/ros_ws/install/robot_bringup/share/ament_index/resource_index/packages/robot_bringup
[0.257s] -- Up-to-date: /home/johan/Dev/graduation_project/ros_ws/install/robot_bringup/share/robot_bringup/cmake/robot_bringupConfig.cmake
[0.257s] -- Up-to-date: /home/johan/Dev/graduation_project/ros_ws/install/robot_bringup/share/robot_bringup/cmake/robot_bringupConfig-version.cmake
[0.257s] -- Up-to-date: /home/johan/Dev/graduation_project/ros_ws/install/robot_bringup/share/robot_bringup/package.xml
[0.263s] Invoked command in '/home/johan/Dev/graduation_project/ros_ws/build/robot_bringup' returned '0': CMAKE_PREFIX_PATH=${CMAKE_PREFIX_PATH}:/home/johan/Dev/graduation_project/ros_ws/install/ros_serail2wifi:/opt/ros/humble /usr/bin/cmake --install /home/johan/Dev/graduation_project/ros_ws/build/robot_bringup
