[0.106s] DEBUG:colcon:Command line arguments: ['/usr/bin/colcon', 'list', '-p', '--base-paths', '/home/johan/Dev/graduation_project/ros_ws']
[0.106s] DEBUG:colcon:Parsed command line arguments: Namespace(log_base=None, log_level=None, verb_name='list', build_base='build', ignore_user_meta=False, metas=['./colcon.meta'], base_paths=['/home/johan/Dev/graduation_project/ros_ws'], packages_ignore=None, packages_ignore_regex=None, paths=None, packages_up_to=None, packages_up_to_regex=None, packages_above=None, packages_above_and_dependencies=None, packages_above_depth=None, packages_select_by_dep=None, packages_skip_by_dep=None, packages_skip_up_to=None, packages_select_build_failed=False, packages_skip_build_finished=False, packages_select_test_failures=False, packages_skip_test_passed=False, packages_select=None, packages_skip=None, packages_select_regex=None, packages_skip_regex=None, packages_start=None, packages_end=None, allow_overriding=[], topological_order=False, names_only=False, paths_only=True, topological_graph=False, topological_graph_dot=False, topological_graph_density=False, topological_graph_legend=False, topological_graph_dot_cluster=False, topological_graph_dot_include_skipped=False, mixin_files=None, mixin=None, verb_parser=<colcon_mixin.mixin.mixin_argument.MixinArgumentDecorator object at 0x76d11d788d60>, verb_extension=<colcon_package_information.verb.list.ListVerb object at 0x76d11d74fd00>, main=<bound method ListVerb.main of <colcon_package_information.verb.list.ListVerb object at 0x76d11d74fd00>>, mixin_verb=('list',))
[0.243s] Level 1:colcon.colcon_core.package_discovery:discover_packages(colcon_meta) check parameters
[0.243s] Level 1:colcon.colcon_core.package_discovery:discover_packages(recursive) check parameters
[0.243s] Level 1:colcon.colcon_core.package_discovery:discover_packages(ignore) check parameters
[0.243s] Level 1:colcon.colcon_core.package_discovery:discover_packages(path) check parameters
[0.243s] Level 1:colcon.colcon_core.package_discovery:discover_packages(recursive) discover
[0.243s] INFO:colcon.colcon_core.package_discovery:Crawling recursively for packages in '/home/johan/Dev/graduation_project/ros_ws'
[0.243s] Level 1:colcon.colcon_core.package_identification:_identify(/home/johan/Dev/graduation_project/ros_ws) by extensions ['ignore', 'ignore_ament_install']
[0.243s] Level 1:colcon.colcon_core.package_identification:_identify(/home/johan/Dev/graduation_project/ros_ws) by extension 'ignore'
[0.243s] Level 1:colcon.colcon_core.package_identification:_identify(/home/johan/Dev/graduation_project/ros_ws) by extension 'ignore_ament_install'
[0.243s] Level 1:colcon.colcon_core.package_identification:_identify(/home/johan/Dev/graduation_project/ros_ws) by extensions ['colcon_pkg']
[0.243s] Level 1:colcon.colcon_core.package_identification:_identify(/home/johan/Dev/graduation_project/ros_ws) by extension 'colcon_pkg'
[0.243s] Level 1:colcon.colcon_core.package_identification:_identify(/home/johan/Dev/graduation_project/ros_ws) by extensions ['colcon_meta']
[0.243s] Level 1:colcon.colcon_core.package_identification:_identify(/home/johan/Dev/graduation_project/ros_ws) by extension 'colcon_meta'
[0.243s] Level 1:colcon.colcon_core.package_identification:_identify(/home/johan/Dev/graduation_project/ros_ws) by extensions ['ros']
[0.243s] Level 1:colcon.colcon_core.package_identification:_identify(/home/johan/Dev/graduation_project/ros_ws) by extension 'ros'
[0.257s] Level 1:colcon.colcon_core.package_identification:_identify(/home/johan/Dev/graduation_project/ros_ws) by extensions ['cmake', 'python']
[0.257s] Level 1:colcon.colcon_core.package_identification:_identify(/home/johan/Dev/graduation_project/ros_ws) by extension 'cmake'
[0.257s] Level 1:colcon.colcon_core.package_identification:_identify(/home/johan/Dev/graduation_project/ros_ws) by extension 'python'
[0.257s] Level 1:colcon.colcon_core.package_identification:_identify(/home/johan/Dev/graduation_project/ros_ws) by extensions ['python_setup_py']
[0.257s] Level 1:colcon.colcon_core.package_identification:_identify(/home/johan/Dev/graduation_project/ros_ws) by extension 'python_setup_py'
[0.257s] Level 1:colcon.colcon_core.package_identification:_identify(/home/johan/Dev/graduation_project/ros_ws/build) by extensions ['ignore', 'ignore_ament_install']
[0.257s] Level 1:colcon.colcon_core.package_identification:_identify(/home/johan/Dev/graduation_project/ros_ws/build) by extension 'ignore'
[0.257s] Level 1:colcon.colcon_core.package_identification:_identify(/home/johan/Dev/graduation_project/ros_ws/build) ignored
[0.257s] Level 1:colcon.colcon_core.package_identification:_identify(/home/johan/Dev/graduation_project/ros_ws/img) by extensions ['ignore', 'ignore_ament_install']
[0.258s] Level 1:colcon.colcon_core.package_identification:_identify(/home/johan/Dev/graduation_project/ros_ws/img) by extension 'ignore'
[0.258s] Level 1:colcon.colcon_core.package_identification:_identify(/home/johan/Dev/graduation_project/ros_ws/img) by extension 'ignore_ament_install'
[0.258s] Level 1:colcon.colcon_core.package_identification:_identify(/home/johan/Dev/graduation_project/ros_ws/img) by extensions ['colcon_pkg']
[0.258s] Level 1:colcon.colcon_core.package_identification:_identify(/home/johan/Dev/graduation_project/ros_ws/img) by extension 'colcon_pkg'
[0.258s] Level 1:colcon.colcon_core.package_identification:_identify(/home/johan/Dev/graduation_project/ros_ws/img) by extensions ['colcon_meta']
[0.258s] Level 1:colcon.colcon_core.package_identification:_identify(/home/johan/Dev/graduation_project/ros_ws/img) by extension 'colcon_meta'
[0.258s] Level 1:colcon.colcon_core.package_identification:_identify(/home/johan/Dev/graduation_project/ros_ws/img) by extensions ['ros']
[0.258s] Level 1:colcon.colcon_core.package_identification:_identify(/home/johan/Dev/graduation_project/ros_ws/img) by extension 'ros'
[0.258s] Level 1:colcon.colcon_core.package_identification:_identify(/home/johan/Dev/graduation_project/ros_ws/img) by extensions ['cmake', 'python']
[0.258s] Level 1:colcon.colcon_core.package_identification:_identify(/home/johan/Dev/graduation_project/ros_ws/img) by extension 'cmake'
[0.258s] Level 1:colcon.colcon_core.package_identification:_identify(/home/johan/Dev/graduation_project/ros_ws/img) by extension 'python'
[0.258s] Level 1:colcon.colcon_core.package_identification:_identify(/home/johan/Dev/graduation_project/ros_ws/img) by extensions ['python_setup_py']
[0.258s] Level 1:colcon.colcon_core.package_identification:_identify(/home/johan/Dev/graduation_project/ros_ws/img) by extension 'python_setup_py'
[0.258s] Level 1:colcon.colcon_core.package_identification:_identify(/home/johan/Dev/graduation_project/ros_ws/install) by extensions ['ignore', 'ignore_ament_install']
[0.259s] Level 1:colcon.colcon_core.package_identification:_identify(/home/johan/Dev/graduation_project/ros_ws/install) by extension 'ignore'
[0.259s] Level 1:colcon.colcon_core.package_identification:_identify(/home/johan/Dev/graduation_project/ros_ws/install) ignored
[0.259s] Level 1:colcon.colcon_core.package_identification:_identify(/home/johan/Dev/graduation_project/ros_ws/log) by extensions ['ignore', 'ignore_ament_install']
[0.259s] Level 1:colcon.colcon_core.package_identification:_identify(/home/johan/Dev/graduation_project/ros_ws/log) by extension 'ignore'
[0.259s] Level 1:colcon.colcon_core.package_identification:_identify(/home/johan/Dev/graduation_project/ros_ws/log) ignored
[0.259s] Level 1:colcon.colcon_core.package_identification:_identify(/home/johan/Dev/graduation_project/ros_ws/src) by extensions ['ignore', 'ignore_ament_install']
[0.259s] Level 1:colcon.colcon_core.package_identification:_identify(/home/johan/Dev/graduation_project/ros_ws/src) by extension 'ignore'
[0.259s] Level 1:colcon.colcon_core.package_identification:_identify(/home/johan/Dev/graduation_project/ros_ws/src) by extension 'ignore_ament_install'
[0.259s] Level 1:colcon.colcon_core.package_identification:_identify(/home/johan/Dev/graduation_project/ros_ws/src) by extensions ['colcon_pkg']
[0.259s] Level 1:colcon.colcon_core.package_identification:_identify(/home/johan/Dev/graduation_project/ros_ws/src) by extension 'colcon_pkg'
[0.259s] Level 1:colcon.colcon_core.package_identification:_identify(/home/johan/Dev/graduation_project/ros_ws/src) by extensions ['colcon_meta']
[0.259s] Level 1:colcon.colcon_core.package_identification:_identify(/home/johan/Dev/graduation_project/ros_ws/src) by extension 'colcon_meta'
[0.259s] Level 1:colcon.colcon_core.package_identification:_identify(/home/johan/Dev/graduation_project/ros_ws/src) by extensions ['ros']
[0.259s] Level 1:colcon.colcon_core.package_identification:_identify(/home/johan/Dev/graduation_project/ros_ws/src) by extension 'ros'
[0.259s] Level 1:colcon.colcon_core.package_identification:_identify(/home/johan/Dev/graduation_project/ros_ws/src) by extensions ['cmake', 'python']
[0.259s] Level 1:colcon.colcon_core.package_identification:_identify(/home/johan/Dev/graduation_project/ros_ws/src) by extension 'cmake'
[0.259s] Level 1:colcon.colcon_core.package_identification:_identify(/home/johan/Dev/graduation_project/ros_ws/src) by extension 'python'
[0.259s] Level 1:colcon.colcon_core.package_identification:_identify(/home/johan/Dev/graduation_project/ros_ws/src) by extensions ['python_setup_py']
[0.259s] Level 1:colcon.colcon_core.package_identification:_identify(/home/johan/Dev/graduation_project/ros_ws/src) by extension 'python_setup_py'
[0.260s] Level 1:colcon.colcon_core.package_identification:_identify(/home/johan/Dev/graduation_project/ros_ws/src/micro-ROS-Agent) by extensions ['ignore', 'ignore_ament_install']
[0.260s] Level 1:colcon.colcon_core.package_identification:_identify(/home/johan/Dev/graduation_project/ros_ws/src/micro-ROS-Agent) by extension 'ignore'
[0.260s] Level 1:colcon.colcon_core.package_identification:_identify(/home/johan/Dev/graduation_project/ros_ws/src/micro-ROS-Agent) by extension 'ignore_ament_install'
[0.260s] Level 1:colcon.colcon_core.package_identification:_identify(/home/johan/Dev/graduation_project/ros_ws/src/micro-ROS-Agent) by extensions ['colcon_pkg']
[0.260s] Level 1:colcon.colcon_core.package_identification:_identify(/home/johan/Dev/graduation_project/ros_ws/src/micro-ROS-Agent) by extension 'colcon_pkg'
[0.260s] Level 1:colcon.colcon_core.package_identification:_identify(/home/johan/Dev/graduation_project/ros_ws/src/micro-ROS-Agent) by extensions ['colcon_meta']
[0.260s] Level 1:colcon.colcon_core.package_identification:_identify(/home/johan/Dev/graduation_project/ros_ws/src/micro-ROS-Agent) by extension 'colcon_meta'
[0.260s] Level 1:colcon.colcon_core.package_identification:_identify(/home/johan/Dev/graduation_project/ros_ws/src/micro-ROS-Agent) by extensions ['ros']
[0.260s] Level 1:colcon.colcon_core.package_identification:_identify(/home/johan/Dev/graduation_project/ros_ws/src/micro-ROS-Agent) by extension 'ros'
[0.260s] Level 1:colcon.colcon_core.package_identification:_identify(/home/johan/Dev/graduation_project/ros_ws/src/micro-ROS-Agent) by extensions ['cmake', 'python']
[0.260s] Level 1:colcon.colcon_core.package_identification:_identify(/home/johan/Dev/graduation_project/ros_ws/src/micro-ROS-Agent) by extension 'cmake'
[0.260s] Level 1:colcon.colcon_core.package_identification:_identify(/home/johan/Dev/graduation_project/ros_ws/src/micro-ROS-Agent) by extension 'python'
[0.260s] Level 1:colcon.colcon_core.package_identification:_identify(/home/johan/Dev/graduation_project/ros_ws/src/micro-ROS-Agent) by extensions ['python_setup_py']
[0.260s] Level 1:colcon.colcon_core.package_identification:_identify(/home/johan/Dev/graduation_project/ros_ws/src/micro-ROS-Agent) by extension 'python_setup_py'
[0.260s] Level 1:colcon.colcon_core.package_identification:_identify(/home/johan/Dev/graduation_project/ros_ws/src/micro-ROS-Agent/micro_ros_agent) by extensions ['ignore', 'ignore_ament_install']
[0.260s] Level 1:colcon.colcon_core.package_identification:_identify(/home/johan/Dev/graduation_project/ros_ws/src/micro-ROS-Agent/micro_ros_agent) by extension 'ignore'
[0.260s] Level 1:colcon.colcon_core.package_identification:_identify(/home/johan/Dev/graduation_project/ros_ws/src/micro-ROS-Agent/micro_ros_agent) by extension 'ignore_ament_install'
[0.260s] Level 1:colcon.colcon_core.package_identification:_identify(/home/johan/Dev/graduation_project/ros_ws/src/micro-ROS-Agent/micro_ros_agent) by extensions ['colcon_pkg']
[0.260s] Level 1:colcon.colcon_core.package_identification:_identify(/home/johan/Dev/graduation_project/ros_ws/src/micro-ROS-Agent/micro_ros_agent) by extension 'colcon_pkg'
[0.260s] Level 1:colcon.colcon_core.package_identification:_identify(/home/johan/Dev/graduation_project/ros_ws/src/micro-ROS-Agent/micro_ros_agent) by extensions ['colcon_meta']
[0.260s] Level 1:colcon.colcon_core.package_identification:_identify(/home/johan/Dev/graduation_project/ros_ws/src/micro-ROS-Agent/micro_ros_agent) by extension 'colcon_meta'
[0.260s] Level 1:colcon.colcon_core.package_identification:_identify(/home/johan/Dev/graduation_project/ros_ws/src/micro-ROS-Agent/micro_ros_agent) by extensions ['ros']
[0.260s] Level 1:colcon.colcon_core.package_identification:_identify(/home/johan/Dev/graduation_project/ros_ws/src/micro-ROS-Agent/micro_ros_agent) by extension 'ros'
[0.263s] DEBUG:colcon.colcon_core.package_identification:Package '/home/johan/Dev/graduation_project/ros_ws/src/micro-ROS-Agent/micro_ros_agent' with type 'ros.ament_cmake' and name 'micro_ros_agent'
[0.263s] Level 1:colcon.colcon_core.package_identification:_identify(/home/johan/Dev/graduation_project/ros_ws/src/micro-ROS-Agent/snap) by extensions ['ignore', 'ignore_ament_install']
[0.263s] Level 1:colcon.colcon_core.package_identification:_identify(/home/johan/Dev/graduation_project/ros_ws/src/micro-ROS-Agent/snap) by extension 'ignore'
[0.263s] Level 1:colcon.colcon_core.package_identification:_identify(/home/johan/Dev/graduation_project/ros_ws/src/micro-ROS-Agent/snap) by extension 'ignore_ament_install'
[0.263s] Level 1:colcon.colcon_core.package_identification:_identify(/home/johan/Dev/graduation_project/ros_ws/src/micro-ROS-Agent/snap) by extensions ['colcon_pkg']
[0.263s] Level 1:colcon.colcon_core.package_identification:_identify(/home/johan/Dev/graduation_project/ros_ws/src/micro-ROS-Agent/snap) by extension 'colcon_pkg'
[0.263s] Level 1:colcon.colcon_core.package_identification:_identify(/home/johan/Dev/graduation_project/ros_ws/src/micro-ROS-Agent/snap) by extensions ['colcon_meta']
[0.263s] Level 1:colcon.colcon_core.package_identification:_identify(/home/johan/Dev/graduation_project/ros_ws/src/micro-ROS-Agent/snap) by extension 'colcon_meta'
[0.263s] Level 1:colcon.colcon_core.package_identification:_identify(/home/johan/Dev/graduation_project/ros_ws/src/micro-ROS-Agent/snap) by extensions ['ros']
[0.263s] Level 1:colcon.colcon_core.package_identification:_identify(/home/johan/Dev/graduation_project/ros_ws/src/micro-ROS-Agent/snap) by extension 'ros'
[0.263s] Level 1:colcon.colcon_core.package_identification:_identify(/home/johan/Dev/graduation_project/ros_ws/src/micro-ROS-Agent/snap) by extensions ['cmake', 'python']
[0.263s] Level 1:colcon.colcon_core.package_identification:_identify(/home/johan/Dev/graduation_project/ros_ws/src/micro-ROS-Agent/snap) by extension 'cmake'
[0.263s] Level 1:colcon.colcon_core.package_identification:_identify(/home/johan/Dev/graduation_project/ros_ws/src/micro-ROS-Agent/snap) by extension 'python'
[0.263s] Level 1:colcon.colcon_core.package_identification:_identify(/home/johan/Dev/graduation_project/ros_ws/src/micro-ROS-Agent/snap) by extensions ['python_setup_py']
[0.263s] Level 1:colcon.colcon_core.package_identification:_identify(/home/johan/Dev/graduation_project/ros_ws/src/micro-ROS-Agent/snap) by extension 'python_setup_py'
[0.263s] Level 1:colcon.colcon_core.package_identification:_identify(/home/johan/Dev/graduation_project/ros_ws/src/micro-ROS-Agent/snap/hooks) by extensions ['ignore', 'ignore_ament_install']
[0.264s] Level 1:colcon.colcon_core.package_identification:_identify(/home/johan/Dev/graduation_project/ros_ws/src/micro-ROS-Agent/snap/hooks) by extension 'ignore'
[0.264s] Level 1:colcon.colcon_core.package_identification:_identify(/home/johan/Dev/graduation_project/ros_ws/src/micro-ROS-Agent/snap/hooks) by extension 'ignore_ament_install'
[0.264s] Level 1:colcon.colcon_core.package_identification:_identify(/home/johan/Dev/graduation_project/ros_ws/src/micro-ROS-Agent/snap/hooks) by extensions ['colcon_pkg']
[0.264s] Level 1:colcon.colcon_core.package_identification:_identify(/home/johan/Dev/graduation_project/ros_ws/src/micro-ROS-Agent/snap/hooks) by extension 'colcon_pkg'
[0.264s] Level 1:colcon.colcon_core.package_identification:_identify(/home/johan/Dev/graduation_project/ros_ws/src/micro-ROS-Agent/snap/hooks) by extensions ['colcon_meta']
[0.264s] Level 1:colcon.colcon_core.package_identification:_identify(/home/johan/Dev/graduation_project/ros_ws/src/micro-ROS-Agent/snap/hooks) by extension 'colcon_meta'
[0.264s] Level 1:colcon.colcon_core.package_identification:_identify(/home/johan/Dev/graduation_project/ros_ws/src/micro-ROS-Agent/snap/hooks) by extensions ['ros']
[0.264s] Level 1:colcon.colcon_core.package_identification:_identify(/home/johan/Dev/graduation_project/ros_ws/src/micro-ROS-Agent/snap/hooks) by extension 'ros'
[0.264s] Level 1:colcon.colcon_core.package_identification:_identify(/home/johan/Dev/graduation_project/ros_ws/src/micro-ROS-Agent/snap/hooks) by extensions ['cmake', 'python']
[0.264s] Level 1:colcon.colcon_core.package_identification:_identify(/home/johan/Dev/graduation_project/ros_ws/src/micro-ROS-Agent/snap/hooks) by extension 'cmake'
[0.264s] Level 1:colcon.colcon_core.package_identification:_identify(/home/johan/Dev/graduation_project/ros_ws/src/micro-ROS-Agent/snap/hooks) by extension 'python'
[0.264s] Level 1:colcon.colcon_core.package_identification:_identify(/home/johan/Dev/graduation_project/ros_ws/src/micro-ROS-Agent/snap/hooks) by extensions ['python_setup_py']
[0.264s] Level 1:colcon.colcon_core.package_identification:_identify(/home/johan/Dev/graduation_project/ros_ws/src/micro-ROS-Agent/snap/hooks) by extension 'python_setup_py'
[0.264s] Level 1:colcon.colcon_core.package_identification:_identify(/home/johan/Dev/graduation_project/ros_ws/src/micro-ROS-Agent/snap/local) by extensions ['ignore', 'ignore_ament_install']
[0.264s] Level 1:colcon.colcon_core.package_identification:_identify(/home/johan/Dev/graduation_project/ros_ws/src/micro-ROS-Agent/snap/local) by extension 'ignore'
[0.264s] Level 1:colcon.colcon_core.package_identification:_identify(/home/johan/Dev/graduation_project/ros_ws/src/micro-ROS-Agent/snap/local) by extension 'ignore_ament_install'
[0.264s] Level 1:colcon.colcon_core.package_identification:_identify(/home/johan/Dev/graduation_project/ros_ws/src/micro-ROS-Agent/snap/local) by extensions ['colcon_pkg']
[0.264s] Level 1:colcon.colcon_core.package_identification:_identify(/home/johan/Dev/graduation_project/ros_ws/src/micro-ROS-Agent/snap/local) by extension 'colcon_pkg'
[0.264s] Level 1:colcon.colcon_core.package_identification:_identify(/home/johan/Dev/graduation_project/ros_ws/src/micro-ROS-Agent/snap/local) by extensions ['colcon_meta']
[0.264s] Level 1:colcon.colcon_core.package_identification:_identify(/home/johan/Dev/graduation_project/ros_ws/src/micro-ROS-Agent/snap/local) by extension 'colcon_meta'
[0.264s] Level 1:colcon.colcon_core.package_identification:_identify(/home/johan/Dev/graduation_project/ros_ws/src/micro-ROS-Agent/snap/local) by extensions ['ros']
[0.264s] Level 1:colcon.colcon_core.package_identification:_identify(/home/johan/Dev/graduation_project/ros_ws/src/micro-ROS-Agent/snap/local) by extension 'ros'
[0.264s] Level 1:colcon.colcon_core.package_identification:_identify(/home/johan/Dev/graduation_project/ros_ws/src/micro-ROS-Agent/snap/local) by extensions ['cmake', 'python']
[0.264s] Level 1:colcon.colcon_core.package_identification:_identify(/home/johan/Dev/graduation_project/ros_ws/src/micro-ROS-Agent/snap/local) by extension 'cmake'
[0.264s] Level 1:colcon.colcon_core.package_identification:_identify(/home/johan/Dev/graduation_project/ros_ws/src/micro-ROS-Agent/snap/local) by extension 'python'
[0.264s] Level 1:colcon.colcon_core.package_identification:_identify(/home/johan/Dev/graduation_project/ros_ws/src/micro-ROS-Agent/snap/local) by extensions ['python_setup_py']
[0.264s] Level 1:colcon.colcon_core.package_identification:_identify(/home/johan/Dev/graduation_project/ros_ws/src/micro-ROS-Agent/snap/local) by extension 'python_setup_py'
[0.264s] Level 1:colcon.colcon_core.package_identification:_identify(/home/johan/Dev/graduation_project/ros_ws/src/micro_ros_msgs) by extensions ['ignore', 'ignore_ament_install']
[0.264s] Level 1:colcon.colcon_core.package_identification:_identify(/home/johan/Dev/graduation_project/ros_ws/src/micro_ros_msgs) by extension 'ignore'
[0.264s] Level 1:colcon.colcon_core.package_identification:_identify(/home/johan/Dev/graduation_project/ros_ws/src/micro_ros_msgs) by extension 'ignore_ament_install'
[0.264s] Level 1:colcon.colcon_core.package_identification:_identify(/home/johan/Dev/graduation_project/ros_ws/src/micro_ros_msgs) by extensions ['colcon_pkg']
[0.264s] Level 1:colcon.colcon_core.package_identification:_identify(/home/johan/Dev/graduation_project/ros_ws/src/micro_ros_msgs) by extension 'colcon_pkg'
[0.264s] Level 1:colcon.colcon_core.package_identification:_identify(/home/johan/Dev/graduation_project/ros_ws/src/micro_ros_msgs) by extensions ['colcon_meta']
[0.264s] Level 1:colcon.colcon_core.package_identification:_identify(/home/johan/Dev/graduation_project/ros_ws/src/micro_ros_msgs) by extension 'colcon_meta'
[0.265s] Level 1:colcon.colcon_core.package_identification:_identify(/home/johan/Dev/graduation_project/ros_ws/src/micro_ros_msgs) by extensions ['ros']
[0.265s] Level 1:colcon.colcon_core.package_identification:_identify(/home/johan/Dev/graduation_project/ros_ws/src/micro_ros_msgs) by extension 'ros'
[0.265s] DEBUG:colcon.colcon_core.package_identification:Package '/home/johan/Dev/graduation_project/ros_ws/src/micro_ros_msgs' with type 'ros.ament_cmake' and name 'micro_ros_msgs'
[0.265s] Level 1:colcon.colcon_core.package_identification:_identify(/home/johan/Dev/graduation_project/ros_ws/src/ros_serial2wifi) by extensions ['ignore', 'ignore_ament_install']
[0.265s] Level 1:colcon.colcon_core.package_identification:_identify(/home/johan/Dev/graduation_project/ros_ws/src/ros_serial2wifi) by extension 'ignore'
[0.265s] Level 1:colcon.colcon_core.package_identification:_identify(/home/johan/Dev/graduation_project/ros_ws/src/ros_serial2wifi) by extension 'ignore_ament_install'
[0.265s] Level 1:colcon.colcon_core.package_identification:_identify(/home/johan/Dev/graduation_project/ros_ws/src/ros_serial2wifi) by extensions ['colcon_pkg']
[0.265s] Level 1:colcon.colcon_core.package_identification:_identify(/home/johan/Dev/graduation_project/ros_ws/src/ros_serial2wifi) by extension 'colcon_pkg'
[0.265s] Level 1:colcon.colcon_core.package_identification:_identify(/home/johan/Dev/graduation_project/ros_ws/src/ros_serial2wifi) by extensions ['colcon_meta']
[0.265s] Level 1:colcon.colcon_core.package_identification:_identify(/home/johan/Dev/graduation_project/ros_ws/src/ros_serial2wifi) by extension 'colcon_meta'
[0.265s] Level 1:colcon.colcon_core.package_identification:_identify(/home/johan/Dev/graduation_project/ros_ws/src/ros_serial2wifi) by extensions ['ros']
[0.265s] Level 1:colcon.colcon_core.package_identification:_identify(/home/johan/Dev/graduation_project/ros_ws/src/ros_serial2wifi) by extension 'ros'
[0.266s] DEBUG:colcon.colcon_core.package_identification:Package '/home/johan/Dev/graduation_project/ros_ws/src/ros_serial2wifi' with type 'ros.ament_python' and name 'ros_serail2wifi'
[0.266s] Level 1:colcon.colcon_core.package_identification:_identify(/home/johan/Dev/graduation_project/ros_ws/src/ydlidar_ros2) by extensions ['ignore', 'ignore_ament_install']
[0.266s] Level 1:colcon.colcon_core.package_identification:_identify(/home/johan/Dev/graduation_project/ros_ws/src/ydlidar_ros2) by extension 'ignore'
[0.266s] Level 1:colcon.colcon_core.package_identification:_identify(/home/johan/Dev/graduation_project/ros_ws/src/ydlidar_ros2) by extension 'ignore_ament_install'
[0.266s] Level 1:colcon.colcon_core.package_identification:_identify(/home/johan/Dev/graduation_project/ros_ws/src/ydlidar_ros2) by extensions ['colcon_pkg']
[0.266s] Level 1:colcon.colcon_core.package_identification:_identify(/home/johan/Dev/graduation_project/ros_ws/src/ydlidar_ros2) by extension 'colcon_pkg'
[0.266s] Level 1:colcon.colcon_core.package_identification:_identify(/home/johan/Dev/graduation_project/ros_ws/src/ydlidar_ros2) by extensions ['colcon_meta']
[0.266s] Level 1:colcon.colcon_core.package_identification:_identify(/home/johan/Dev/graduation_project/ros_ws/src/ydlidar_ros2) by extension 'colcon_meta'
[0.266s] Level 1:colcon.colcon_core.package_identification:_identify(/home/johan/Dev/graduation_project/ros_ws/src/ydlidar_ros2) by extensions ['ros']
[0.266s] Level 1:colcon.colcon_core.package_identification:_identify(/home/johan/Dev/graduation_project/ros_ws/src/ydlidar_ros2) by extension 'ros'
[0.267s] DEBUG:colcon.colcon_core.package_identification:Package '/home/johan/Dev/graduation_project/ros_ws/src/ydlidar_ros2' with type 'ros.ament_cmake' and name 'ydlidar'
[0.267s] Level 1:colcon.colcon_core.package_discovery:discover_packages(recursive) using defaults
