[0.197s] Invoking command in '/home/johan/Dev/graduation_project/ros_ws/build/ydlidar': CMAKE_PREFIX_PATH=/opt/ros/humble /usr/bin/cmake --build /home/johan/Dev/graduation_project/ros_ws/build/ydlidar -- -j16 -l16
[0.226s] [35m[1mConsolidate compiler generated dependencies of target ydlidar_client[0m
[0.228s] [35m[1mConsolidate compiler generated dependencies of target ydlidar_node[0m
[0.238s] [  8%] Built target ydlidar_client
[0.253s] [100%] Built target ydlidar_node
[0.261s] Invoked command in '/home/johan/Dev/graduation_project/ros_ws/build/ydlidar' returned '0': CMAKE_PREFIX_PATH=/opt/ros/humble /usr/bin/cmake --build /home/johan/Dev/graduation_project/ros_ws/build/ydlidar -- -j16 -l16
[0.312s] Invoking command in '/home/johan/Dev/graduation_project/ros_ws/build/ydlidar': CMAKE_PREFIX_PATH=/opt/ros/humble /usr/bin/cmake --install /home/johan/Dev/graduation_project/ros_ws/build/ydlidar
[0.316s] -- Install configuration: ""
[0.316s] -- Up-to-date: /home/johan/Dev/graduation_project/ros_ws/install/ydlidar/lib/ydlidar/ydlidar_node
[0.317s] -- Up-to-date: /home/johan/Dev/graduation_project/ros_ws/install/ydlidar/lib/ydlidar/ydlidar_client
[0.317s] -- Up-to-date: /home/johan/Dev/graduation_project/ros_ws/install/ydlidar/share/ydlidar/launch
[0.318s] -- Up-to-date: /home/johan/Dev/graduation_project/ros_ws/install/ydlidar/share/ydlidar/launch/ydlidar.py
[0.318s] -- Up-to-date: /home/johan/Dev/graduation_project/ros_ws/install/ydlidar/share/ydlidar/launch/ydlidar_launch.py
[0.319s] -- Up-to-date: /home/johan/Dev/graduation_project/ros_ws/install/ydlidar/share/ydlidar/params
[0.319s] -- Up-to-date: /home/johan/Dev/graduation_project/ros_ws/install/ydlidar/share/ydlidar/params/ydlidar.yaml
[0.319s] -- Up-to-date: /home/johan/Dev/graduation_project/ros_ws/install/ydlidar/share/ydlidar/startup
[0.319s] -- Up-to-date: /home/johan/Dev/graduation_project/ros_ws/install/ydlidar/share/ydlidar/startup/initenv.sh
[0.320s] -- Up-to-date: /home/johan/Dev/graduation_project/ros_ws/install/ydlidar/share/ydlidar/config
[0.320s] -- Up-to-date: /home/johan/Dev/graduation_project/ros_ws/install/ydlidar/share/ydlidar/config/ydlidar.rviz
[0.320s] -- Up-to-date: /home/johan/Dev/graduation_project/ros_ws/install/ydlidar/share/ament_index/resource_index/package_run_dependencies/ydlidar
[0.320s] -- Up-to-date: /home/johan/Dev/graduation_project/ros_ws/install/ydlidar/share/ament_index/resource_index/parent_prefix_path/ydlidar
[0.320s] -- Up-to-date: /home/johan/Dev/graduation_project/ros_ws/install/ydlidar/share/ydlidar/environment/ament_prefix_path.sh
[0.320s] -- Up-to-date: /home/johan/Dev/graduation_project/ros_ws/install/ydlidar/share/ydlidar/environment/ament_prefix_path.dsv
[0.320s] -- Up-to-date: /home/johan/Dev/graduation_project/ros_ws/install/ydlidar/share/ydlidar/environment/path.sh
[0.320s] -- Up-to-date: /home/johan/Dev/graduation_project/ros_ws/install/ydlidar/share/ydlidar/environment/path.dsv
[0.320s] -- Up-to-date: /home/johan/Dev/graduation_project/ros_ws/install/ydlidar/share/ydlidar/local_setup.bash
[0.320s] -- Up-to-date: /home/johan/Dev/graduation_project/ros_ws/install/ydlidar/share/ydlidar/local_setup.sh
[0.320s] -- Up-to-date: /home/johan/Dev/graduation_project/ros_ws/install/ydlidar/share/ydlidar/local_setup.zsh
[0.320s] -- Up-to-date: /home/johan/Dev/graduation_project/ros_ws/install/ydlidar/share/ydlidar/local_setup.dsv
[0.320s] -- Installing: /home/johan/Dev/graduation_project/ros_ws/install/ydlidar/share/ydlidar/package.dsv
[0.320s] -- Up-to-date: /home/johan/Dev/graduation_project/ros_ws/install/ydlidar/share/ament_index/resource_index/packages/ydlidar
[0.320s] -- Up-to-date: /home/johan/Dev/graduation_project/ros_ws/install/ydlidar/share/ydlidar/cmake/ydlidarConfig.cmake
[0.320s] -- Up-to-date: /home/johan/Dev/graduation_project/ros_ws/install/ydlidar/share/ydlidar/cmake/ydlidarConfig-version.cmake
[0.320s] -- Up-to-date: /home/johan/Dev/graduation_project/ros_ws/install/ydlidar/share/ydlidar/package.xml
[0.321s] Invoked command in '/home/johan/Dev/graduation_project/ros_ws/build/ydlidar' returned '0': CMAKE_PREFIX_PATH=/opt/ros/humble /usr/bin/cmake --install /home/johan/Dev/graduation_project/ros_ws/build/ydlidar
