[0.015s] Invoking command in '/home/johan/Dev/graduation_project/ros_ws/build/robot_bringup': CMAKE_PREFIX_PATH=/opt/ros/humble /usr/bin/cmake --build /home/johan/Dev/graduation_project/ros_ws/build/robot_bringup -- -j16 -l16
[0.192s] [35m[1mConsolidate compiler generated dependencies of target odom2tf[0m
[0.192s] [ 50%] [32mBuilding CXX object CMakeFiles/odom2tf.dir/src/odom2tf.cpp.o[0m
[5.358s] [100%] [32m[1mLinking CXX executable odom2tf[0m
[5.645s] [100%] Built target odom2tf
[5.654s] Invoked command in '/home/johan/Dev/graduation_project/ros_ws/build/robot_bringup' returned '0': CMAKE_PREFIX_PATH=/opt/ros/humble /usr/bin/cmake --build /home/johan/Dev/graduation_project/ros_ws/build/robot_bringup -- -j16 -l16
[5.672s] Invoking command in '/home/johan/Dev/graduation_project/ros_ws/build/robot_bringup': CMAKE_PREFIX_PATH=/opt/ros/humble /usr/bin/cmake --install /home/johan/Dev/graduation_project/ros_ws/build/robot_bringup
[5.676s] -- Install configuration: ""
[5.676s] -- Installing: /home/johan/Dev/graduation_project/ros_ws/install/robot_bringup/lib/robot_bringup/odom2tf
[5.679s] -- Set runtime path of "/home/johan/Dev/graduation_project/ros_ws/install/robot_bringup/lib/robot_bringup/odom2tf" to ""
[5.679s] -- Up-to-date: /home/johan/Dev/graduation_project/ros_ws/install/robot_bringup/share/robot_bringup/launch
[5.679s] -- Up-to-date: /home/johan/Dev/graduation_project/ros_ws/install/robot_bringup/share/robot_bringup/launch/urdf2tf.launch.py
[5.679s] -- Installing: /home/johan/Dev/graduation_project/ros_ws/install/robot_bringup/share/robot_bringup/launch/bringup.launch.py
[5.679s] -- Up-to-date: /home/johan/Dev/graduation_project/ros_ws/install/robot_bringup/share/ament_index/resource_index/package_run_dependencies/robot_bringup
[5.679s] -- Up-to-date: /home/johan/Dev/graduation_project/ros_ws/install/robot_bringup/share/ament_index/resource_index/parent_prefix_path/robot_bringup
[5.679s] -- Up-to-date: /home/johan/Dev/graduation_project/ros_ws/install/robot_bringup/share/robot_bringup/environment/ament_prefix_path.sh
[5.680s] -- Up-to-date: /home/johan/Dev/graduation_project/ros_ws/install/robot_bringup/share/robot_bringup/environment/ament_prefix_path.dsv
[5.680s] -- Up-to-date: /home/johan/Dev/graduation_project/ros_ws/install/robot_bringup/share/robot_bringup/environment/path.sh
[5.680s] -- Up-to-date: /home/johan/Dev/graduation_project/ros_ws/install/robot_bringup/share/robot_bringup/environment/path.dsv
[5.680s] -- Up-to-date: /home/johan/Dev/graduation_project/ros_ws/install/robot_bringup/share/robot_bringup/local_setup.bash
[5.680s] -- Up-to-date: /home/johan/Dev/graduation_project/ros_ws/install/robot_bringup/share/robot_bringup/local_setup.sh
[5.680s] -- Up-to-date: /home/johan/Dev/graduation_project/ros_ws/install/robot_bringup/share/robot_bringup/local_setup.zsh
[5.680s] -- Up-to-date: /home/johan/Dev/graduation_project/ros_ws/install/robot_bringup/share/robot_bringup/local_setup.dsv
[5.680s] -- Installing: /home/johan/Dev/graduation_project/ros_ws/install/robot_bringup/share/robot_bringup/package.dsv
[5.681s] -- Up-to-date: /home/johan/Dev/graduation_project/ros_ws/install/robot_bringup/share/ament_index/resource_index/packages/robot_bringup
[5.681s] -- Up-to-date: /home/johan/Dev/graduation_project/ros_ws/install/robot_bringup/share/robot_bringup/cmake/robot_bringupConfig.cmake
[5.682s] -- Up-to-date: /home/johan/Dev/graduation_project/ros_ws/install/robot_bringup/share/robot_bringup/cmake/robot_bringupConfig-version.cmake
[5.682s] -- Up-to-date: /home/johan/Dev/graduation_project/ros_ws/install/robot_bringup/share/robot_bringup/package.xml
[5.682s] Invoked command in '/home/johan/Dev/graduation_project/ros_ws/build/robot_bringup' returned '0': CMAKE_PREFIX_PATH=/opt/ros/humble /usr/bin/cmake --install /home/johan/Dev/graduation_project/ros_ws/build/robot_bringup
